#
# There is insufficient memory for the Java Runtime Environment to continue.
# Native memory allocation (mmap) failed to map 16252928 bytes for committing reserved memory.
# Possible reasons:
#   The system is out of physical RAM or swap space
#   In 32 bit mode, the process size limit was hit
# Possible solutions:
#   Reduce memory load on the system
#   Increase physical memory or swap space
#   Check if swap backing store is full
#   Use 64 bit Java on a 64 bit OS
#   Decrease Java heap size (-Xmx/-Xms)
#   Decrease number of Java threads
#   Decrease Java thread stack sizes (-Xss)
#   Set larger code cache with -XX:ReservedCodeCacheSize=
# This output file may be truncated or incomplete.
#
#  Out of Memory Error (os_linux.cpp:2640), pid=3192, tid=0x00007f959461e700
#
# JRE version: Java(TM) SE Runtime Environment (8.0_131-b11) (build 1.8.0_131-b11)
# Java VM: Java HotSpot(TM) 64-Bit Server VM (25.131-b11 mixed mode linux-amd64 compressed oops)
# Failed to write core dump. Core dumps have been disabled. To enable core dumping, try "ulimit -c unlimited" before starting Java again
#

---------------  T H R E A D  ---------------

Current thread (0x00007f95a4078800):  VMThread [stack: 0x00007f959451e000,0x00007f959461f000] [id=3201]

Stack: [0x00007f959451e000,0x00007f959461f000],  sp=0x00007f959461d220,  free space=1020k
Native frames: (J=compiled Java code, j=interpreted, Vv=VM code, C=native code)
V  [libjvm.so+0xac826a]  VMError::report_and_die()+0x2ba
V  [libjvm.so+0x4fd4cb]  report_vm_out_of_memory(char const*, int, unsigned long, VMErrorType, char const*)+0x8b
V  [libjvm.so+0x924f53]  os::Linux::commit_memory_impl(char*, unsigned long, bool)+0x103
V  [libjvm.so+0x9254a9]  os::pd_commit_memory(char*, unsigned long, unsigned long, bool)+0x29
V  [libjvm.so+0x91f6ca]  os::commit_memory(char*, unsigned long, unsigned long, bool)+0x2a
V  [libjvm.so+0x9941e3]  PSVirtualSpace::expand_by(unsigned long)+0x53
V  [libjvm.so+0x9955e8]  PSYoungGen::resize_generation(unsigned long, unsigned long)+0xf8
V  [libjvm.so+0x994742]  PSYoungGen::resize(unsigned long, unsigned long)+0x22
V  [libjvm.so+0x991a1b]  PSScavenge::invoke_no_policy()+0xf3b
V  [libjvm.so+0x9921a1]  PSScavenge::invoke()+0x41
V  [libjvm.so+0x948f00]  ParallelScavengeHeap::failed_mem_allocate(unsigned long)+0x70
V  [libjvm.so+0xac9c87]  VM_ParallelGCFailedAllocation::doit()+0x97
V  [libjvm.so+0xad1765]  VM_Operation::evaluate()+0x55
V  [libjvm.so+0xacfb3a]  VMThread::evaluate_operation(VM_Operation*)+0xba
V  [libjvm.so+0xacfebe]  VMThread::loop()+0x1ce
V  [libjvm.so+0xad0330]  VMThread::run()+0x70
V  [libjvm.so+0x927568]  java_start(Thread*)+0x108

VM_Operation (0x00007f958d152590): ParallelGCFailedAllocation, mode: safepoint, requested by thread 0x00007f95a4531800


---------------  P R O C E S S  ---------------

Java Threads: ( => current thread )
  0x00007f95a4531800 JavaThread "background-preinit" [_thread_blocked, id=3223, stack(0x00007f958d055000,0x00007f958d156000)]
  0x00007f95a40ea000 JavaThread "Service Thread" daemon [_thread_blocked, id=3216, stack(0x00007f958db3a000,0x00007f958dc3b000)]
  0x00007f95a40cd000 JavaThread "C1 CompilerThread1" daemon [_thread_blocked, id=3215, stack(0x00007f958dc3b000,0x00007f958dd3c000)]
  0x00007f95a40ca000 JavaThread "C2 CompilerThread0" daemon [_thread_blocked, id=3214, stack(0x00007f958dd3c000,0x00007f958de3d000)]
  0x00007f9578001000 JavaThread "JDWP Command Reader" daemon [_thread_in_native, id=3211, stack(0x00007f958de3d000,0x00007f958df3e000)]
  0x00007f95a40c8000 JavaThread "JDWP Event Helper Thread" daemon [_thread_blocked, id=3210, stack(0x00007f958df3e000,0x00007f958e03f000)]
  0x00007f95a40c4800 JavaThread "JDWP Transport Listener: dt_socket" daemon [_thread_blocked, id=3208, stack(0x00007f958e03f000,0x00007f958e140000)]
  0x00007f95a40b6800 JavaThread "Signal Dispatcher" daemon [_thread_blocked, id=3204, stack(0x00007f959421b000,0x00007f959431c000)]
  0x00007f95a4084800 JavaThread "Finalizer" daemon [_thread_blocked, id=3203, stack(0x00007f959431c000,0x00007f959441d000)]
  0x00007f95a4080000 JavaThread "Reference Handler" daemon [_thread_blocked, id=3202, stack(0x00007f959441d000,0x00007f959451e000)]
  0x00007f95a400e800 JavaThread "main" [_thread_blocked, id=3197, stack(0x00007f95acad6000,0x00007f95acbd7000)]

Other Threads:
=>0x00007f95a4078800 VMThread [stack: 0x00007f959451e000,0x00007f959461f000] [id=3201]
  0x00007f95a40f5000 WatcherThread [stack: 0x00007f958da39000,0x00007f958db3a000] [id=3217]

VM state:at safepoint (normal execution)

VM Mutex/Monitor currently owned by a thread:  ([mutex/lock_event])
[0x00007f95a400b040] Threads_lock - owner thread: 0x00007f95a4078800
[0x00007f95a400b540] Heap_lock - owner thread: 0x00007f95a4531800

Heap:
 PSYoungGen      total 18432K, used 2546K [0x00000000eb800000, 0x00000000ecc80000, 0x0000000100000000)
  eden space 15872K, 0% used [0x00000000eb800000,0x00000000eb800000,0x00000000ec780000)
  from space 2560K, 99% used [0x00000000eca00000,0x00000000ecc7cbf0,0x00000000ecc80000)
  to   space 2560K, 0% used [0x00000000ec780000,0x00000000ec780000,0x00000000eca00000)
 ParOldGen       total 42496K, used 5746K [0x00000000c2800000, 0x00000000c5180000, 0x00000000eb800000)
  object space 42496K, 13% used [0x00000000c2800000,0x00000000c2d9c8c8,0x00000000c5180000)
 Metaspace       used 14785K, capacity 14936K, committed 15232K, reserved 1062912K
  class space    used 1765K, capacity 1800K, committed 1920K, reserved 1048576K

Card table byte_map: [0x00007f95a8f72000,0x00007f95a915f000] byte_map_base: 0x00007f95a895e000

Marking Bits: (ParMarkBitMap*) 0x00007f95abfa0f60
 Begin Bits: [0x00007f958e140000, 0x00007f958f0a0000)
 End Bits:   [0x00007f958f0a0000, 0x00007f9590000000)

Polling page: 0x00007f95acbf0000

CodeCache: size=245760Kb used=4576Kb max_used=4584Kb free=241183Kb
 bounds [0x00007f9595000000, 0x00007f9595480000, 0x00007f95a4000000]
 total_blobs=1403 nmethods=1101 adapters=224
 compilation: enabled

Compilation events (10 events):
Event: 11.030 Thread 0x00007f95a40cd000 1106       3       org.apache.tomcat.util.digester.ObjectCreateRule::end (76 bytes)
Event: 11.031 Thread 0x00007f95a40cd000 nmethod 1106 0x00007f9595476bd0 code [0x00007f9595476ec0, 0x00007f95954784f8]
Event: 11.031 Thread 0x00007f95a40cd000 1107   !   3       org.apache.tomcat.util.digester.Digester::pop (22 bytes)
Event: 11.032 Thread 0x00007f95a40cd000 nmethod 1107 0x00007f95954792d0 code [0x00007f95954794a0, 0x00007f9595479ae8]
Event: 11.133 Thread 0x00007f95a40ca000 nmethod 1087% 0x00007f959547d050 code [0x00007f959547d1c0, 0x00007f959547d718]
Event: 11.133 Thread 0x00007f95a40ca000 1090       4       java.lang.Class::getName (21 bytes)
Event: 11.313 Thread 0x00007f95a40cd000 1109       3       com.sun.org.apache.xerces.internal.util.XMLStringBuffer::append (110 bytes)
Event: 11.322 Thread 0x00007f95a40cd000 nmethod 1109 0x00007f959547c8d0 code [0x00007f959547ca60, 0x00007f959547cf18]
Event: 11.322 Thread 0x00007f95a40cd000 1110       3       com.sun.org.apache.xerces.internal.util.SymbolTable::addSymbol (110 bytes)
Event: 11.324 Thread 0x00007f95a40cd000 nmethod 1110 0x00007f959547bed0 code [0x00007f959547c080, 0x00007f959547c538]

GC Heap History (7 events):
Event: 6.330 GC heap before
{Heap before GC invocations=1 (full 0):
 PSYoungGen      total 18432K, used 15845K [0x00000000eb800000, 0x00000000ecc80000, 0x0000000100000000)
  eden space 15872K, 99% used [0x00000000eb800000,0x00000000ec779568,0x00000000ec780000)
  from space 2560K, 0% used [0x00000000eca00000,0x00000000eca00000,0x00000000ecc80000)
  to   space 2560K, 0% used [0x00000000ec780000,0x00000000ec780000,0x00000000eca00000)
 ParOldGen       total 42496K, used 0K [0x00000000c2800000, 0x00000000c5180000, 0x00000000eb800000)
  object space 42496K, 0% used [0x00000000c2800000,0x00000000c2800000,0x00000000c5180000)
 Metaspace       used 6849K, capacity 6970K, committed 7040K, reserved 1056768K
  class space    used 807K, capacity 851K, committed 896K, reserved 1048576K
Event: 6.379 GC heap after
Heap after GC invocations=1 (full 0):
 PSYoungGen      total 18432K, used 2531K [0x00000000eb800000, 0x00000000ecc80000, 0x0000000100000000)
  eden space 15872K, 0% used [0x00000000eb800000,0x00000000eb800000,0x00000000ec780000)
  from space 2560K, 98% used [0x00000000ec780000,0x00000000ec9f8f58,0x00000000eca00000)
  to   space 2560K, 0% used [0x00000000eca00000,0x00000000eca00000,0x00000000ecc80000)
 ParOldGen       total 42496K, used 578K [0x00000000c2800000, 0x00000000c5180000, 0x00000000eb800000)
  object space 42496K, 1% used [0x00000000c2800000,0x00000000c2890be8,0x00000000c5180000)
 Metaspace       used 6849K, capacity 6970K, committed 7040K, reserved 1056768K
  class space    used 807K, capacity 851K, committed 896K, reserved 1048576K
}
Event: 7.727 GC heap before
{Heap before GC invocations=2 (full 0):
 PSYoungGen      total 18432K, used 18400K [0x00000000eb800000, 0x00000000ecc80000, 0x0000000100000000)
  eden space 15872K, 99% used [0x00000000eb800000,0x00000000ec77f470,0x00000000ec780000)
  from space 2560K, 98% used [0x00000000ec780000,0x00000000ec9f8f58,0x00000000eca00000)
  to   space 2560K, 0% used [0x00000000eca00000,0x00000000eca00000,0x00000000ecc80000)
 ParOldGen       total 42496K, used 578K [0x00000000c2800000, 0x00000000c5180000, 0x00000000eb800000)
  object space 42496K, 1% used [0x00000000c2800000,0x00000000c2890be8,0x00000000c5180000)
 Metaspace       used 9404K, capacity 9530K, committed 9728K, reserved 1058816K
  class space    used 1160K, capacity 1171K, committed 1280K, reserved 1048576K
Event: 7.731 GC heap after
Heap after GC invocations=2 (full 0):
 PSYoungGen      total 18432K, used 2559K [0x00000000eb800000, 0x00000000ecc80000, 0x0000000100000000)
  eden space 15872K, 0% used [0x00000000eb800000,0x00000000eb800000,0x00000000ec780000)
  from space 2560K, 99% used [0x00000000eca00000,0x00000000ecc7fc00,0x00000000ecc80000)
  to   space 2560K, 0% used [0x00000000ec780000,0x00000000ec780000,0x00000000eca00000)
 ParOldGen       total 42496K, used 1575K [0x00000000c2800000, 0x00000000c5180000, 0x00000000eb800000)
  object space 42496K, 3% used [0x00000000c2800000,0x00000000c2989e40,0x00000000c5180000)
 Metaspace       used 9404K, capacity 9530K, committed 9728K, reserved 1058816K
  class space    used 1160K, capacity 1171K, committed 1280K, reserved 1048576K
}
Event: 8.197 GC heap before
{Heap before GC invocations=3 (full 0):
 PSYoungGen      total 18432K, used 18431K [0x00000000eb800000, 0x00000000ecc80000, 0x0000000100000000)
  eden space 15872K, 100% used [0x00000000eb800000,0x00000000ec780000,0x00000000ec780000)
  from space 2560K, 99% used [0x00000000eca00000,0x00000000ecc7fc00,0x00000000ecc80000)
  to   space 2560K, 0% used [0x00000000ec780000,0x00000000ec780000,0x00000000eca00000)
 ParOldGen       total 42496K, used 1575K [0x00000000c2800000, 0x00000000c5180000, 0x00000000eb800000)
  object space 42496K, 3% used [0x00000000c2800000,0x00000000c2989e40,0x00000000c5180000)
 Metaspace       used 12101K, capacity 12218K, committed 12288K, reserved 1060864K
  class space    used 1453K, capacity 1491K, committed 1536K, reserved 1048576K
Event: 8.201 GC heap after
Heap after GC invocations=3 (full 0):
 PSYoungGen      total 18432K, used 2543K [0x00000000eb800000, 0x00000000ecc80000, 0x0000000100000000)
  eden space 15872K, 0% used [0x00000000eb800000,0x00000000eb800000,0x00000000ec780000)
  from space 2560K, 99% used [0x00000000ec780000,0x00000000ec9fbed8,0x00000000eca00000)
  to   space 2560K, 0% used [0x00000000eca00000,0x00000000eca00000,0x00000000ecc80000)
 ParOldGen       total 42496K, used 3780K [0x00000000c2800000, 0x00000000c5180000, 0x00000000eb800000)
  object space 42496K, 8% used [0x00000000c2800000,0x00000000c2bb11e0,0x00000000c5180000)
 Metaspace       used 12101K, capacity 12218K, committed 12288K, reserved 1060864K
  class space    used 1453K, capacity 1491K, committed 1536K, reserved 1048576K
}
Event: 11.424 GC heap before
{Heap before GC invocations=4 (full 0):
 PSYoungGen      total 18432K, used 18415K [0x00000000eb800000, 0x00000000ecc80000, 0x0000000100000000)
  eden space 15872K, 100% used [0x00000000eb800000,0x00000000ec780000,0x00000000ec780000)
  from space 2560K, 99% used [0x00000000ec780000,0x00000000ec9fbed8,0x00000000eca00000)
  to   space 2560K, 0% used [0x00000000eca00000,0x00000000eca00000,0x00000000ecc80000)
 ParOldGen       total 42496K, used 3780K [0x00000000c2800000, 0x00000000c5180000, 0x00000000eb800000)
  object space 42496K, 8% used [0x00000000c2800000,0x00000000c2bb11e0,0x00000000c5180000)
 Metaspace       used 14785K, capacity 14936K, committed 15232K, reserved 1062912K
  class space    used 1765K, capacity 1800K, committed 1920K, reserved 1048576K

Deoptimization events (10 events):
Event: 8.404 Thread 0x00007f95a4531800 Uncommon trap: reason=unstable_if action=reinterpret pc=0x00007f95952a145c method=java.util.Properties$LineReader.readLine()I @ 252
Event: 8.411 Thread 0x00007f95a400e800 Uncommon trap: reason=bimorphic action=maybe_recompile pc=0x00007f95952f1a18 method=java.util.HashMap.putVal(ILjava/lang/Object;Ljava/lang/Object;ZZ)Ljava/lang/Object; @ 253
Event: 8.414 Thread 0x00007f95a400e800 Uncommon trap: reason=bimorphic action=maybe_recompile pc=0x00007f95952f1a18 method=java.util.HashMap.putVal(ILjava/lang/Object;Ljava/lang/Object;ZZ)Ljava/lang/Object; @ 253
Event: 8.414 Thread 0x00007f95a400e800 Uncommon trap: reason=bimorphic action=maybe_recompile pc=0x00007f95952f1a18 method=java.util.HashMap.putVal(ILjava/lang/Object;Ljava/lang/Object;ZZ)Ljava/lang/Object; @ 253
Event: 8.414 Thread 0x00007f95a400e800 Uncommon trap: reason=bimorphic action=maybe_recompile pc=0x00007f95952f1a18 method=java.util.HashMap.putVal(ILjava/lang/Object;Ljava/lang/Object;ZZ)Ljava/lang/Object; @ 253
Event: 9.198 Thread 0x00007f95a400e800 Uncommon trap: reason=range_check action=none pc=0x00007f95952021e4 method=sun.reflect.generics.parser.SignatureParser.current()C @ 34
Event: 9.810 Thread 0x00007f95a4531800 Uncommon trap: reason=unstable_if action=reinterpret pc=0x00007f95953c065c method=com.sun.org.apache.xerces.internal.impl.XMLEntityScanner.scanLiteral(ILcom/sun/org/apache/xerces/internal/xni/XMLString;Z)I @ 44
Event: 10.031 Thread 0x00007f95a4531800 Uncommon trap: reason=unstable_if action=reinterpret pc=0x00007f959539c50c method=com.sun.org.apache.xerces.internal.impl.XMLEntityScanner.skipSpaces()Z @ 125
Event: 10.944 Thread 0x00007f95a4531800 Uncommon trap: reason=unstable_if action=reinterpret pc=0x00007f959543e6bc method=org.apache.tomcat.util.IntrospectionUtils.setProperty(Ljava/lang/Object;Ljava/lang/String;Ljava/lang/String;Z)Z @ 196
Event: 11.002 Thread 0x00007f95a4531800 Uncommon trap: reason=unstable_if action=reinterpret pc=0x00007f95953c98b4 method=com.sun.org.apache.xerces.internal.util.SymbolTable.addSymbol([CII)Ljava/lang/String; @ 38

Internal exceptions (10 events):
Event: 8.091 Thread 0x00007f95a400e800 Implicit null exception at 0x00007f9595293fb4 to 0x00007f9595294251
Event: 8.091 Thread 0x00007f95a400e800 Implicit null exception at 0x00007f959528136f to 0x00007f95952813dd
Event: 9.180 Thread 0x00007f95a400e800 Exception <a 'java/lang/ClassNotFoundException': java/lang/ObjectCustomizer> (0x00000000ec27efd8) thrown at [/HUDSON/workspace/8-2-build-linux-amd64/jdk8u131/8869/hotspot/src/share/vm/classfile/systemDictionary.cpp, line 210]
Event: 9.204 Thread 0x00007f95a400e800 Exception <a 'java/lang/ArrayIndexOutOfBoundsException': 22> (0x00000000ec282128) thrown at [/HUDSON/workspace/8-2-build-linux-amd64/jdk8u131/8869/hotspot/src/share/vm/interpreter/interpreterRuntime.cpp, line 366]
Event: 9.206 Thread 0x00007f95a400e800 Exception <a 'java/lang/ClassNotFoundException': org/springframework/context/annotation/ConfigurationClassPostProcessorCustomizer> (0x00000000ec298510) thrown at [/HUDSON/workspace/8-2-build-linux-amd64/jdk8u131/8869/hotspot/src/share/vm/classfile/systemD
Event: 9.242 Thread 0x00007f95a400e800 Exception <a 'java/lang/ClassNotFoundException': org/springframework/beans/factory/support/BeanDefinitionRegistryPostProcessorCustomizer> (0x00000000ec2c0a28) thrown at [/HUDSON/workspace/8-2-build-linux-amd64/jdk8u131/8869/hotspot/src/share/vm/classfile/
Event: 9.242 Thread 0x00007f95a400e800 Exception <a 'java/lang/ClassNotFoundException': org/springframework/core/PriorityOrderedCustomizer> (0x00000000ec2d09b8) thrown at [/HUDSON/workspace/8-2-build-linux-amd64/jdk8u131/8869/hotspot/src/share/vm/classfile/systemDictionary.cpp, line 210]
Event: 9.243 Thread 0x00007f95a400e800 Exception <a 'java/lang/ClassNotFoundException': org/springframework/context/ResourceLoaderAwareCustomizer> (0x00000000ec2e0fa0) thrown at [/HUDSON/workspace/8-2-build-linux-amd64/jdk8u131/8869/hotspot/src/share/vm/classfile/systemDictionary.cpp, line 210
Event: 9.243 Thread 0x00007f95a400e800 Exception <a 'java/lang/ClassNotFoundException': org/springframework/beans/factory/BeanClassLoaderAwareCustomizer> (0x00000000ec2f3ea0) thrown at [/HUDSON/workspace/8-2-build-linux-amd64/jdk8u131/8869/hotspot/src/share/vm/classfile/systemDictionary.cpp, l
Event: 9.244 Thread 0x00007f95a400e800 Exception <a 'java/lang/ClassNotFoundException': org/springframework/context/EnvironmentAwareCustomizer> (0x00000000ec304ea0) thrown at [/HUDSON/workspace/8-2-build-linux-amd64/jdk8u131/8869/hotspot/src/share/vm/classfile/systemDictionary.cpp, line 210]

Events (10 events):
Event: 11.023 Thread 0x00007f95a400e800 DEOPT UNPACKING pc=0x00007f9595047633 sp=0x00007f95acbd24f0 mode 1
Event: 11.023 Thread 0x00007f95a400e800 DEOPT PACKING pc=0x00007f9595176334 sp=0x00007f95acbd2840
Event: 11.023 Thread 0x00007f95a400e800 DEOPT UNPACKING pc=0x00007f9595047633 sp=0x00007f95acbd2680 mode 1
Event: 11.266 Thread 0x00007f95a4531800 DEOPT PACKING pc=0x00007f9595403bf8 sp=0x00007f958d152f70
Event: 11.311 Thread 0x00007f95a4531800 DEOPT UNPACKING pc=0x00007f9595047633 sp=0x00007f958d152d68 mode 0
Event: 11.312 loading class org/springframework/beans/factory/parsing/Problem
Event: 11.312 loading class org/springframework/beans/factory/parsing/Problem done
Event: 11.313 Thread 0x00007f95a400e800 DEOPT PACKING pc=0x00007f95951a07e1 sp=0x00007f95acbd1ec0
Event: 11.313 Thread 0x00007f95a400e800 DEOPT UNPACKING pc=0x00007f9595047633 sp=0x00007f95acbd1c30 mode 1
Event: 11.393 Executing VM operation: ParallelGCFailedAllocation


Dynamic libraries:
00400000-00401000 r-xp 00000000 08:01 282641                             /opt/jdk1.8.0_131/bin/java
00600000-00601000 rw-p 00000000 08:01 282641                             /opt/jdk1.8.0_131/bin/java
0232f000-02350000 rw-p 00000000 00:00 0                                  [heap]
c2800000-c5180000 rw-p 00000000 00:00 0 
c5180000-eb800000 ---p 00000000 00:00 0 
eb800000-ecc80000 rw-p 00000000 00:00 0 
edc00000-100000000 ---p 00000000 00:00 0 
100000000-1001e0000 rw-p 00000000 00:00 0 
1001e0000-140000000 ---p 00000000 00:00 0 
7f9554000000-7f95541ad000 rw-p 00000000 00:00 0 
7f95541ad000-7f9558000000 ---p 00000000 00:00 0 
7f955c000000-7f955c021000 rw-p 00000000 00:00 0 
7f955c021000-7f9560000000 ---p 00000000 00:00 0 
7f9560000000-7f9560021000 rw-p 00000000 00:00 0 
7f9560021000-7f9564000000 ---p 00000000 00:00 0 
7f9564000000-7f9565041000 rw-p 00000000 00:00 0 
7f9565041000-7f9568000000 ---p 00000000 00:00 0 
7f9568000000-7f9568319000 rw-p 00000000 00:00 0 
7f9568319000-7f956c000000 ---p 00000000 00:00 0 
7f956c000000-7f956c021000 rw-p 00000000 00:00 0 
7f956c021000-7f9570000000 ---p 00000000 00:00 0 
7f9570000000-7f9570021000 rw-p 00000000 00:00 0 
7f9570021000-7f9574000000 ---p 00000000 00:00 0 
7f9574000000-7f9574021000 rw-p 00000000 00:00 0 
7f9574021000-7f9578000000 ---p 00000000 00:00 0 
7f9578000000-7f9578021000 rw-p 00000000 00:00 0 
7f9578021000-7f957c000000 ---p 00000000 00:00 0 
7f957c000000-7f957c021000 rw-p 00000000 00:00 0 
7f957c021000-7f9580000000 ---p 00000000 00:00 0 
7f9580000000-7f9580021000 rw-p 00000000 00:00 0 
7f9580021000-7f9584000000 ---p 00000000 00:00 0 
7f9584000000-7f958428d000 rw-p 00000000 00:00 0 
7f958428d000-7f9588000000 ---p 00000000 00:00 0 
7f9588000000-7f9588021000 rw-p 00000000 00:00 0 
7f9588021000-7f958c000000 ---p 00000000 00:00 0 
7f958ca55000-7f958cb55000 rw-p 00000000 00:00 0 
7f958cb55000-7f958cc55000 ---p 00000000 00:00 0 
7f958cc55000-7f958ce55000 rw-p 00000000 00:00 0 
7f958ce55000-7f958d055000 rw-p 00000000 00:00 0 
7f958d055000-7f958d058000 ---p 00000000 00:00 0 
7f958d058000-7f958d457000 rw-p 00000000 00:00 0 
7f958d457000-7f958d46d000 r-xp 00000000 08:01 287748                     /opt/jdk1.8.0_131/jre/lib/amd64/libnet.so
7f958d46d000-7f958d66d000 ---p 00016000 08:01 287748                     /opt/jdk1.8.0_131/jre/lib/amd64/libnet.so
7f958d66d000-7f958d66e000 rw-p 00016000 08:01 287748                     /opt/jdk1.8.0_131/jre/lib/amd64/libnet.so
7f958d66e000-7f958d677000 r-xp 00000000 08:01 287756                     /opt/jdk1.8.0_131/jre/lib/amd64/libmanagement.so
7f958d677000-7f958d876000 ---p 00009000 08:01 287756                     /opt/jdk1.8.0_131/jre/lib/amd64/libmanagement.so
7f958d876000-7f958d877000 rw-p 00008000 08:01 287756                     /opt/jdk1.8.0_131/jre/lib/amd64/libmanagement.so
7f958d877000-7f958d880000 r--s 000eb000 08:01 2396                       /home/meli/.m2/repository/mysql/mysql-connector-java/5.1.43/mysql-connector-java-5.1.43.jar
7f958d880000-7f958d883000 r--s 0000c000 08:01 3676                       /home/meli/.m2/repository/org/springframework/spring-aspects/4.3.10.RELEASE/spring-aspects-4.3.10.RELEASE.jar
7f958d883000-7f958d885000 r--s 00003000 08:01 930452                     /home/meli/.m2/repository/org/slf4j/jcl-over-slf4j/1.7.25/jcl-over-slf4j-1.7.25.jar
7f958d885000-7f958d88d000 r--s 0003a000 08:01 3674                       /home/meli/.m2/repository/org/springframework/spring-tx/4.3.10.RELEASE/spring-tx-4.3.10.RELEASE.jar
7f958d88d000-7f958d897000 r--s 0006b000 08:01 3672                       /home/meli/.m2/repository/org/springframework/spring-orm/4.3.10.RELEASE/spring-orm-4.3.10.RELEASE.jar
7f958d897000-7f958d8a9000 r--s 000ad000 08:01 3670                       /home/meli/.m2/repository/org/springframework/data/spring-data-commons/1.13.6.RELEASE/spring-data-commons-1.13.6.RELEASE.jar
7f958d8a9000-7f958d8b0000 r--s 00040000 08:01 3668                       /home/meli/.m2/repository/org/springframework/data/spring-data-jpa/1.11.6.RELEASE/spring-data-jpa-1.11.6.RELEASE.jar
7f958d8b0000-7f958d8b2000 r--s 00006000 08:01 3633                       /home/meli/.m2/repository/javax/transaction/javax.transaction-api/1.2/javax.transaction-api-1.2.jar
7f958d8b2000-7f958d8bf000 r--s 00089000 08:01 3631                       /home/meli/.m2/repository/org/hibernate/hibernate-entitymanager/5.0.12.Final/hibernate-entitymanager-5.0.12.Final.jar
7f958d8bf000-7f958d8c2000 r--s 00010000 08:01 3629                       /home/meli/.m2/repository/org/hibernate/common/hibernate-commons-annotations/5.0.1.Final/hibernate-commons-annotations-5.0.1.Final.jar
7f958d8c2000-7f958d8c7000 r--s 00048000 08:01 820447                     /home/meli/.m2/repository/dom4j/dom4j/1.6.1/dom4j-1.6.1.jar
7f958d8c7000-7f958d8ca000 r--s 0002b000 08:01 3627                       /home/meli/.m2/repository/org/jboss/jandex/2.0.0.Final/jandex-2.0.0.Final.jar
7f958d8ca000-7f958d8cf000 r--s 00068000 08:01 3625                       /home/meli/.m2/repository/antlr/antlr/2.7.7/antlr-2.7.7.jar
7f958d8cf000-7f958d8d9000 r--s 000aa000 08:01 3168                       /home/meli/.m2/repository/org/javassist/javassist/3.21.0-GA/javassist-3.21.0-GA.jar
7f958d8d9000-7f958d8de000 r--s 00017000 08:01 3623                       /home/meli/.m2/repository/org/hibernate/javax/persistence/hibernate-jpa-2.1-api/1.0.0.Final/hibernate-jpa-2.1-api-1.0.0.Final.jar
7f958d8de000-7f958d947000 r--s 004f3000 08:01 3621                       /home/meli/.m2/repository/org/hibernate/hibernate-core/5.0.12.Final/hibernate-core-5.0.12.Final.jar
7f958d947000-7f958d951000 r--s 0005f000 08:01 3665                       /home/meli/.m2/repository/org/springframework/spring-jdbc/4.3.10.RELEASE/spring-jdbc-4.3.10.RELEASE.jar
7f958d951000-7f958d952000 r--s 0000a000 08:01 3663                       /home/meli/.m2/repository/org/apache/tomcat/tomcat-juli/8.5.16/tomcat-juli-8.5.16.jar
7f958d952000-7f958d955000 r--s 00021000 08:01 3661                       /home/meli/.m2/repository/org/apache/tomcat/tomcat-jdbc/8.5.16/tomcat-jdbc-8.5.16.jar
7f958d955000-7f958d956000 r--s 00000000 08:01 3659                       /home/meli/.m2/repository/org/springframework/boot/spring-boot-starter-jdbc/1.5.6.RELEASE/spring-boot-starter-jdbc-1.5.6.RELEASE.jar
7f958d956000-7f958d96e000 r--s 001bf000 08:01 3611                       /home/meli/.m2/repository/org/aspectj/aspectjweaver/1.8.10/aspectjweaver-1.8.10.jar
7f958d96e000-7f958d974000 r--s 00047000 08:01 952103                     /home/meli/.m2/repository/org/jsoup/jsoup/1.8.3/jsoup-1.8.3.jar
7f958d974000-7f958d97b000 r--s 0003f000 08:01 673347                     /home/meli/.m2/repository/commons-codec/commons-codec/1.10/commons-codec-1.10.jar
7f958d97b000-7f958d983000 r--s 00048000 08:01 1211337                    /home/meli/.m2/repository/org/apache/httpcomponents/httpcore/4.4.6/httpcore-4.4.6.jar
7f958d983000-7f958d990000 r--s 000a7000 08:01 947789                     /home/meli/.m2/repository/org/apache/httpcomponents/httpclient/4.5.2/httpclient-4.5.2.jar
7f958d990000-7f958d9a7000 r--s 000fc000 08:01 946595                     /home/meli/.m2/repository/org/springframework/spring-core/4.3.10.RELEASE/spring-core-4.3.10.RELEASE.jar
7f958d9a7000-7f958d9ac000 r--s 0003c000 08:01 1342847                    /home/meli/.m2/repository/org/springframework/spring-expression/4.3.10.RELEASE/spring-expression-4.3.10.RELEASE.jar
7f958d9ac000-7f958d9bd000 r--s 000cf000 08:01 946591                     /home/meli/.m2/repository/org/springframework/spring-webmvc/4.3.10.RELEASE/spring-webmvc-4.3.10.RELEASE.jar
7f958d9bd000-7f958d9d6000 r--s 000fe000 08:01 946589                     /home/meli/.m2/repository/org/springframework/spring-context/4.3.10.RELEASE/spring-context-4.3.10.RELEASE.jar
7f958d9d6000-7f958d9e4000 r--s 000ad000 08:01 1211222                    /home/meli/.m2/repository/org/springframework/spring-beans/4.3.10.RELEASE/spring-beans-4.3.10.RELEASE.jar
7f958d9e4000-7f958d9ed000 r--s 00054000 08:01 1194042                    /home/meli/.m2/repository/org/springframework/spring-aop/4.3.10.RELEASE/spring-aop-4.3.10.RELEASE.jar
7f958d9ed000-7f958d9fe000 r--s 000b8000 08:01 946587                     /home/meli/.m2/repository/org/springframework/spring-web/4.3.10.RELEASE/spring-web-4.3.10.RELEASE.jar
7f958d9fe000-7f958da10000 r--s 0011e000 08:01 946581                     /home/meli/.m2/repository/com/fasterxml/jackson/core/jackson-databind/2.8.9/jackson-databind-2.8.9.jar
7f958da10000-7f958da39000 r--s 002c2000 08:01 946571                     /home/meli/.m2/repository/org/apache/tomcat/embed/tomcat-embed-core/8.5.16/tomcat-embed-core-8.5.16.jar
7f958da39000-7f958da3a000 ---p 00000000 00:00 0 
7f958da3a000-7f958db3a000 rw-p 00000000 00:00 0 
7f958db3a000-7f958db3d000 ---p 00000000 00:00 0 
7f958db3d000-7f958dc3b000 rw-p 00000000 00:00 0 
7f958dc3b000-7f958dc3e000 ---p 00000000 00:00 0 
7f958dc3e000-7f958dd3c000 rw-p 00000000 00:00 0 
7f958dd3c000-7f958dd3f000 ---p 00000000 00:00 0 
7f958dd3f000-7f958de3d000 rw-p 00000000 00:00 0 
7f958de3d000-7f958de40000 ---p 00000000 00:00 0 
7f958de40000-7f958df3e000 rw-p 00000000 00:00 0 
7f958df3e000-7f958df41000 ---p 00000000 00:00 0 
7f958df41000-7f958e03f000 rw-p 00000000 00:00 0 
7f958e03f000-7f958e042000 ---p 00000000 00:00 0 
7f958e042000-7f9590000000 rw-p 00000000 00:00 0 
7f9590000000-7f9590021000 rw-p 00000000 00:00 0 
7f9590021000-7f9594000000 ---p 00000000 00:00 0 
7f9594000000-7f9594001000 r--s 00000000 08:01 3657                       /home/meli/.m2/repository/org/springframework/boot/spring-boot-starter-aop/1.5.6.RELEASE/spring-boot-starter-aop-1.5.6.RELEASE.jar
7f9594001000-7f9594002000 r--s 00000000 08:01 3419                       /home/meli/.m2/repository/org/springframework/boot/spring-boot-starter-data-jpa/1.5.6.RELEASE/spring-boot-starter-data-jpa-1.5.6.RELEASE.jar
7f9594002000-7f9594006000 r--s 00042000 08:01 946585                     /home/meli/.m2/repository/com/fasterxml/jackson/core/jackson-core/2.8.9/jackson-core-2.8.9.jar
7f9594006000-7f9594017000 r--s 000a1000 08:01 946577                     /home/meli/.m2/repository/org/hibernate/hibernate-validator/5.3.5.Final/hibernate-validator-5.3.5.Final.jar
7f9594017000-7f959401b000 r-xp 00000000 08:01 287716                     /opt/jdk1.8.0_131/jre/lib/amd64/libdt_socket.so
7f959401b000-7f959421a000 ---p 00004000 08:01 287716                     /opt/jdk1.8.0_131/jre/lib/amd64/libdt_socket.so
7f959421a000-7f959421b000 rw-p 00003000 08:01 287716                     /opt/jdk1.8.0_131/jre/lib/amd64/libdt_socket.so
7f959421b000-7f959421e000 ---p 00000000 00:00 0 
7f959421e000-7f959431c000 rw-p 00000000 00:00 0 
7f959431c000-7f959431f000 ---p 00000000 00:00 0 
7f959431f000-7f959441d000 rw-p 00000000 00:00 0 
7f959441d000-7f9594420000 ---p 00000000 00:00 0 
7f9594420000-7f959451e000 rw-p 00000000 00:00 0 
7f959451e000-7f959451f000 ---p 00000000 00:00 0 
7f959451f000-7f9594e27000 rw-p 00000000 00:00 0 
7f9594e27000-7f9595000000 r--s 03d40000 08:01 287660                     /opt/jdk1.8.0_131/jre/lib/rt.jar
7f9595000000-7f9595480000 rwxp 00000000 00:00 0 
7f9595480000-7f95a4000000 ---p 00000000 00:00 0 
7f95a4000000-7f95a4611000 rw-p 00000000 00:00 0 
7f95a4611000-7f95a8000000 ---p 00000000 00:00 0 
7f95a8000000-7f95a8002000 r--s 00009000 08:01 930462                     /home/meli/.m2/repository/org/slf4j/slf4j-api/1.7.25/slf4j-api-1.7.25.jar
7f95a8002000-7f95a8005000 r--s 0000b000 08:01 946583                     /home/meli/.m2/repository/com/fasterxml/jackson/core/jackson-annotations/2.8.0/jackson-annotations-2.8.0.jar
7f95a8005000-7f95a8007000 r--s 0000e000 08:01 946579                     /home/meli/.m2/repository/com/fasterxml/classmate/1.3.3/classmate-1.3.3.jar
7f95a8007000-7f95a800a000 r--s 0000e000 08:01 1603882                    /home/meli/.m2/repository/org/jboss/logging/jboss-logging/3.3.1.Final/jboss-logging-3.3.1.Final.jar
7f95a800a000-7f95a800e000 r--s 0000c000 08:01 1342845                    /home/meli/.m2/repository/javax/validation/validation-api/1.1.0.Final/validation-api-1.1.0.Final.jar
7f95a800e000-7f95a8014000 r--s 00037000 08:01 946575                     /home/meli/.m2/repository/org/apache/tomcat/embed/tomcat-embed-websocket/8.5.16/tomcat-embed-websocket-8.5.16.jar
7f95a8014000-7f95a8019000 r--s 00036000 08:01 946573                     /home/meli/.m2/repository/org/apache/tomcat/embed/tomcat-embed-el/8.5.16/tomcat-embed-el-8.5.16.jar
7f95a8019000-7f95a8024000 r--s 0006a000 08:01 930450                     /home/meli/.m2/repository/ch/qos/logback/logback-core/1.1.11/logback-core-1.1.11.jar
7f95a8024000-7f95a8045000 r--s 000e5000 08:01 1342843                    /home/meli/.m2/repository/org/springframework/boot/spring-boot-autoconfigure/1.5.6.RELEASE/spring-boot-autoconfigure-1.5.6.RELEASE.jar
7f95a8045000-7f95a8055000 r--s 00095000 08:01 946567                     /home/meli/.m2/repository/org/springframework/boot/spring-boot/1.5.6.RELEASE/spring-boot-1.5.6.RELEASE.jar
7f95a8055000-7f95a8c28000 rw-p 00000000 00:00 0 
7f95a8c28000-7f95a8c29000 ---p 00000000 00:00 0 
7f95a8c29000-7f95a8d29000 rw-p 00000000 00:00 0 
7f95a8d29000-7f95a8d2a000 ---p 00000000 00:00 0 
7f95a8d2a000-7f95a8e3f000 rw-p 00000000 00:00 0 
7f95a8e3f000-7f95a8f72000 ---p 00000000 00:00 0 
7f95a8f72000-7f95a8f87000 rw-p 00000000 00:00 0 
7f95a8f87000-7f95a90ba000 ---p 00000000 00:00 0 
7f95a90ba000-7f95a90c5000 rw-p 00000000 00:00 0 
7f95a90c5000-7f95a915e000 ---p 00000000 00:00 0 
7f95a915e000-7f95a9171000 rw-p 00000000 00:00 0 
7f95a9171000-7f95a951f000 ---p 00000000 00:00 0 
7f95a951f000-7f95a9539000 r-xp 00000000 08:01 287744                     /opt/jdk1.8.0_131/jre/lib/amd64/libzip.so
7f95a9539000-7f95a9739000 ---p 0001a000 08:01 287744                     /opt/jdk1.8.0_131/jre/lib/amd64/libzip.so
7f95a9739000-7f95a973a000 rw-p 0001a000 08:01 287744                     /opt/jdk1.8.0_131/jre/lib/amd64/libzip.so
7f95a973a000-7f95a9745000 r-xp 00000000 08:01 1055457                    /lib/x86_64-linux-gnu/libnss_files-2.23.so
7f95a9745000-7f95a9944000 ---p 0000b000 08:01 1055457                    /lib/x86_64-linux-gnu/libnss_files-2.23.so
7f95a9944000-7f95a9945000 r--p 0000a000 08:01 1055457                    /lib/x86_64-linux-gnu/libnss_files-2.23.so
7f95a9945000-7f95a9946000 rw-p 0000b000 08:01 1055457                    /lib/x86_64-linux-gnu/libnss_files-2.23.so
7f95a9946000-7f95a994c000 rw-p 00000000 00:00 0 
7f95a994c000-7f95a9957000 r-xp 00000000 08:01 1055450                    /lib/x86_64-linux-gnu/libnss_nis-2.23.so
7f95a9957000-7f95a9b56000 ---p 0000b000 08:01 1055450                    /lib/x86_64-linux-gnu/libnss_nis-2.23.so
7f95a9b56000-7f95a9b57000 r--p 0000a000 08:01 1055450                    /lib/x86_64-linux-gnu/libnss_nis-2.23.so
7f95a9b57000-7f95a9b58000 rw-p 0000b000 08:01 1055450                    /lib/x86_64-linux-gnu/libnss_nis-2.23.so
7f95a9b58000-7f95a9b6e000 r-xp 00000000 08:01 1055452                    /lib/x86_64-linux-gnu/libnsl-2.23.so
7f95a9b6e000-7f95a9d6d000 ---p 00016000 08:01 1055452                    /lib/x86_64-linux-gnu/libnsl-2.23.so
7f95a9d6d000-7f95a9d6e000 r--p 00015000 08:01 1055452                    /lib/x86_64-linux-gnu/libnsl-2.23.so
7f95a9d6e000-7f95a9d6f000 rw-p 00016000 08:01 1055452                    /lib/x86_64-linux-gnu/libnsl-2.23.so
7f95a9d6f000-7f95a9d71000 rw-p 00000000 00:00 0 
7f95a9d71000-7f95a9d79000 r-xp 00000000 08:01 1055459                    /lib/x86_64-linux-gnu/libnss_compat-2.23.so
7f95a9d79000-7f95a9f78000 ---p 00008000 08:01 1055459                    /lib/x86_64-linux-gnu/libnss_compat-2.23.so
7f95a9f78000-7f95a9f79000 r--p 00007000 08:01 1055459                    /lib/x86_64-linux-gnu/libnss_compat-2.23.so
7f95a9f79000-7f95a9f7a000 rw-p 00008000 08:01 1055459                    /lib/x86_64-linux-gnu/libnss_compat-2.23.so
7f95a9f7a000-7f95aa252000 r--p 00000000 08:01 1312634                    /usr/lib/locale/locale-archive
7f95aa252000-7f95aa254000 r-xp 00000000 08:01 287718                     /opt/jdk1.8.0_131/jre/lib/amd64/libnpt.so
7f95aa254000-7f95aa454000 ---p 00002000 08:01 287718                     /opt/jdk1.8.0_131/jre/lib/amd64/libnpt.so
7f95aa454000-7f95aa455000 rw-p 00002000 08:01 287718                     /opt/jdk1.8.0_131/jre/lib/amd64/libnpt.so
7f95aa455000-7f95aa48e000 r-xp 00000000 08:01 287732                     /opt/jdk1.8.0_131/jre/lib/amd64/libjdwp.so
7f95aa48e000-7f95aa68e000 ---p 00039000 08:01 287732                     /opt/jdk1.8.0_131/jre/lib/amd64/libjdwp.so
7f95aa68e000-7f95aa68f000 rw-p 00039000 08:01 287732                     /opt/jdk1.8.0_131/jre/lib/amd64/libjdwp.so
7f95aa68f000-7f95aa690000 rw-p 00000000 00:00 0 
7f95aa690000-7f95aa6bb000 r-xp 00000000 08:01 287738                     /opt/jdk1.8.0_131/jre/lib/amd64/libjava.so
7f95aa6bb000-7f95aa8ba000 ---p 0002b000 08:01 287738                     /opt/jdk1.8.0_131/jre/lib/amd64/libjava.so
7f95aa8ba000-7f95aa8bc000 rw-p 0002a000 08:01 287738                     /opt/jdk1.8.0_131/jre/lib/amd64/libjava.so
7f95aa8bc000-7f95aa8c9000 r-xp 00000000 08:01 287743                     /opt/jdk1.8.0_131/jre/lib/amd64/libverify.so
7f95aa8c9000-7f95aaac8000 ---p 0000d000 08:01 287743                     /opt/jdk1.8.0_131/jre/lib/amd64/libverify.so
7f95aaac8000-7f95aaaca000 rw-p 0000c000 08:01 287743                     /opt/jdk1.8.0_131/jre/lib/amd64/libverify.so
7f95aaaca000-7f95aaad1000 r-xp 00000000 08:01 1055460                    /lib/x86_64-linux-gnu/librt-2.23.so
7f95aaad1000-7f95aacd0000 ---p 00007000 08:01 1055460                    /lib/x86_64-linux-gnu/librt-2.23.so
7f95aacd0000-7f95aacd1000 r--p 00006000 08:01 1055460                    /lib/x86_64-linux-gnu/librt-2.23.so
7f95aacd1000-7f95aacd2000 rw-p 00007000 08:01 1055460                    /lib/x86_64-linux-gnu/librt-2.23.so
7f95aacd2000-7f95aadda000 r-xp 00000000 08:01 1055451                    /lib/x86_64-linux-gnu/libm-2.23.so
7f95aadda000-7f95aafd9000 ---p 00108000 08:01 1055451                    /lib/x86_64-linux-gnu/libm-2.23.so
7f95aafd9000-7f95aafda000 r--p 00107000 08:01 1055451                    /lib/x86_64-linux-gnu/libm-2.23.so
7f95aafda000-7f95aafdb000 rw-p 00108000 08:01 1055451                    /lib/x86_64-linux-gnu/libm-2.23.so
7f95aafdb000-7f95abcaa000 r-xp 00000000 08:01 550843                     /opt/jdk1.8.0_131/jre/lib/amd64/server/libjvm.so
7f95abcaa000-7f95abeaa000 ---p 00ccf000 08:01 550843                     /opt/jdk1.8.0_131/jre/lib/amd64/server/libjvm.so
7f95abeaa000-7f95abf83000 rw-p 00ccf000 08:01 550843                     /opt/jdk1.8.0_131/jre/lib/amd64/server/libjvm.so
7f95abf83000-7f95abfce000 rw-p 00000000 00:00 0 
7f95abfce000-7f95ac18d000 r-xp 00000000 08:01 1055453                    /lib/x86_64-linux-gnu/libc-2.23.so
7f95ac18d000-7f95ac38d000 ---p 001bf000 08:01 1055453                    /lib/x86_64-linux-gnu/libc-2.23.so
7f95ac38d000-7f95ac391000 r--p 001bf000 08:01 1055453                    /lib/x86_64-linux-gnu/libc-2.23.so
7f95ac391000-7f95ac393000 rw-p 001c3000 08:01 1055453                    /lib/x86_64-linux-gnu/libc-2.23.so
7f95ac393000-7f95ac397000 rw-p 00000000 00:00 0 
7f95ac397000-7f95ac39a000 r-xp 00000000 08:01 1055449                    /lib/x86_64-linux-gnu/libdl-2.23.so
7f95ac39a000-7f95ac599000 ---p 00003000 08:01 1055449                    /lib/x86_64-linux-gnu/libdl-2.23.so
7f95ac599000-7f95ac59a000 r--p 00002000 08:01 1055449                    /lib/x86_64-linux-gnu/libdl-2.23.so
7f95ac59a000-7f95ac59b000 rw-p 00003000 08:01 1055449                    /lib/x86_64-linux-gnu/libdl-2.23.so
7f95ac59b000-7f95ac5b0000 r-xp 00000000 08:01 287478                     /opt/jdk1.8.0_131/lib/amd64/jli/libjli.so
7f95ac5b0000-7f95ac7b0000 ---p 00015000 08:01 287478                     /opt/jdk1.8.0_131/lib/amd64/jli/libjli.so
7f95ac7b0000-7f95ac7b1000 rw-p 00015000 08:01 287478                     /opt/jdk1.8.0_131/lib/amd64/jli/libjli.so
7f95ac7b1000-7f95ac7c9000 r-xp 00000000 08:01 1055464                    /lib/x86_64-linux-gnu/libpthread-2.23.so
7f95ac7c9000-7f95ac9c8000 ---p 00018000 08:01 1055464                    /lib/x86_64-linux-gnu/libpthread-2.23.so
7f95ac9c8000-7f95ac9c9000 r--p 00017000 08:01 1055464                    /lib/x86_64-linux-gnu/libpthread-2.23.so
7f95ac9c9000-7f95ac9ca000 rw-p 00018000 08:01 1055464                    /lib/x86_64-linux-gnu/libpthread-2.23.so
7f95ac9ca000-7f95ac9ce000 rw-p 00000000 00:00 0 
7f95ac9ce000-7f95ac9f4000 r-xp 00000000 08:01 1055454                    /lib/x86_64-linux-gnu/ld-2.23.so
7f95ac9f4000-7f95ac9f5000 r--s 00000000 08:01 946569                     /home/meli/.m2/repository/org/springframework/boot/spring-boot-starter-tomcat/1.5.6.RELEASE/spring-boot-starter-tomcat-1.5.6.RELEASE.jar
7f95ac9f5000-7f95ac9fb000 r--s 0003d000 08:01 930460                     /home/meli/.m2/repository/org/yaml/snakeyaml/1.17/snakeyaml-1.17.jar
7f95ac9fb000-7f95ac9fd000 r--s 00004000 08:01 930456                     /home/meli/.m2/repository/org/slf4j/log4j-over-slf4j/1.7.25/log4j-over-slf4j-1.7.25.jar
7f95ac9fd000-7f95acad6000 rw-p 00000000 00:00 0 
7f95acad6000-7f95acad9000 ---p 00000000 00:00 0 
7f95acad9000-7f95acbdb000 rw-p 00000000 00:00 0 
7f95acbdb000-7f95acbdd000 r--s 00000000 08:01 930454                     /home/meli/.m2/repository/org/slf4j/jul-to-slf4j/1.7.25/jul-to-slf4j-1.7.25.jar
7f95acbdd000-7f95acbe4000 r--s 00045000 08:01 930448                     /home/meli/.m2/repository/ch/qos/logback/logback-classic/1.1.11/logback-classic-1.1.11.jar
7f95acbe4000-7f95acbe5000 r--s 00000000 08:01 672719                     /home/meli/.m2/repository/org/springframework/boot/spring-boot-starter-logging/1.5.6.RELEASE/spring-boot-starter-logging-1.5.6.RELEASE.jar
7f95acbe5000-7f95acbe6000 r--s 00000000 08:01 946565                     /home/meli/.m2/repository/org/springframework/boot/spring-boot-starter/1.5.6.RELEASE/spring-boot-starter-1.5.6.RELEASE.jar
7f95acbe6000-7f95acbe7000 r--s 00000000 08:01 946563                     /home/meli/.m2/repository/org/springframework/boot/spring-boot-starter-web/1.5.6.RELEASE/spring-boot-starter-web-1.5.6.RELEASE.jar
7f95acbe7000-7f95acbef000 rw-s 00000000 08:01 4849745                    /tmp/hsperfdata_meli/3192
7f95acbef000-7f95acbf0000 rw-p 00000000 00:00 0 
7f95acbf0000-7f95acbf1000 ---p 00000000 00:00 0 
7f95acbf1000-7f95acbf3000 rw-p 00000000 00:00 0 
7f95acbf3000-7f95acbf4000 r--p 00025000 08:01 1055454                    /lib/x86_64-linux-gnu/ld-2.23.so
7f95acbf4000-7f95acbf5000 rw-p 00026000 08:01 1055454                    /lib/x86_64-linux-gnu/ld-2.23.so
7f95acbf5000-7f95acbf6000 rw-p 00000000 00:00 0 
7ffdfd503000-7ffdfd525000 rw-p 00000000 00:00 0                          [stack]
7ffdfd578000-7ffdfd57a000 r--p 00000000 00:00 0                          [vvar]
7ffdfd57a000-7ffdfd57c000 r-xp 00000000 00:00 0                          [vdso]
ffffffffff600000-ffffffffff601000 r-xp 00000000 00:00 0                  [vsyscall]

VM Arguments:
jvm_args: -agentlib:jdwp=transport=dt_socket,suspend=y,address=localhost:45757 -Dfile.encoding=UTF-8 
java_command: com.ni.NiSpiderApplication
java_class_path (initial): /home/meli/eclipse-workspace/NISpider/target/classes:/home/meli/.m2/repository/org/springframework/boot/spring-boot-starter-web/1.5.6.RELEASE/spring-boot-starter-web-1.5.6.RELEASE.jar:/home/meli/.m2/repository/org/springframework/boot/spring-boot-starter/1.5.6.RELEASE/spring-boot-starter-1.5.6.RELEASE.jar:/home/meli/.m2/repository/org/springframework/boot/spring-boot/1.5.6.RELEASE/spring-boot-1.5.6.RELEASE.jar:/home/meli/.m2/repository/org/springframework/boot/spring-boot-autoconfigure/1.5.6.RELEASE/spring-boot-autoconfigure-1.5.6.RELEASE.jar:/home/meli/.m2/repository/org/springframework/boot/spring-boot-starter-logging/1.5.6.RELEASE/spring-boot-starter-logging-1.5.6.RELEASE.jar:/home/meli/.m2/repository/ch/qos/logback/logback-classic/1.1.11/logback-classic-1.1.11.jar:/home/meli/.m2/repository/ch/qos/logback/logback-core/1.1.11/logback-core-1.1.11.jar:/home/meli/.m2/repository/org/slf4j/jul-to-slf4j/1.7.25/jul-to-slf4j-1.7.25.jar:/home/meli/.m2/repository/org/slf4j/log4j-over-slf4j/1.7.25/log4j-over-slf4j-1.7.25.jar:/home/meli/.m2/repository/org/yaml/snakeyaml/1.17/snakeyaml-1.17.jar:/home/meli/.m2/repository/org/springframework/boot/spring-boot-starter-tomcat/1.5.6.RELEASE/spring-boot-starter-tomcat-1.5.6.RELEASE.jar:/home/meli/.m2/repository/org/apache/tomcat/embed/tomcat-embed-core/8.5.16/tomcat-embed-core-8.5.16.jar:/home/meli/.m2/repository/org/apache/tomcat/embed/tomcat-embed-el/8.5.16/tomcat-embed-el-8.5.16.jar:/home/meli/.m2/repository/org/apache/tomcat/embed/tomcat-embed-websocket/8.5.16/tomcat-embed-websocket-8.5.16.jar:/home/meli/.m2/repository/org/hibernate/hibernate-validator/5.3.5.Final/hibernate-validator-5.3.5.Final.jar:/home/meli/.m2/repository/javax/validation/validation-api/1.1.0.Final/validation-api-1.1.0.Final.jar:/home/meli/.m2/repository/org/jboss/logging/jboss-logging/3.3.1.Final/jboss-logging-3.3.1.Final.jar:/home/meli/.m2/repository/com/fasterxml/classmate/1.3.3/classmate-1.3.3.jar:/home/meli/.m2/repository/com/
Launcher Type: SUN_STANDARD

Environment Variables:
JAVA_HOME=/opt/jdk1.8.0_131
CLASSPATH=.:/opt/jdk1.8.0_131
PATH=/home/meli/bin:/home/meli/.local/bin:/opt/jdk1.8.0_131/bin:/usr/local/sbin:/usr/local/bin:/usr/sbin:/usr/bin:/sbin:/bin:/usr/games:/usr/local/games:/snap/bin
SHELL=/bin/bash
DISPLAY=:0

Signal Handlers:
SIGSEGV: [libjvm.so+0xac8af0], sa_mask[0]=11111111011111111101111111111110, sa_flags=SA_RESTART|SA_SIGINFO
SIGBUS: [libjvm.so+0xac8af0], sa_mask[0]=11111111011111111101111111111110, sa_flags=SA_RESTART|SA_SIGINFO
SIGFPE: [libjvm.so+0x921dd0], sa_mask[0]=11111111011111111101111111111110, sa_flags=SA_RESTART|SA_SIGINFO
SIGPIPE: [libjvm.so+0x921dd0], sa_mask[0]=11111111011111111101111111111110, sa_flags=SA_RESTART|SA_SIGINFO
SIGXFSZ: [libjvm.so+0x921dd0], sa_mask[0]=11111111011111111101111111111110, sa_flags=SA_RESTART|SA_SIGINFO
SIGILL: [libjvm.so+0x921dd0], sa_mask[0]=11111111011111111101111111111110, sa_flags=SA_RESTART|SA_SIGINFO
SIGUSR1: SIG_DFL, sa_mask[0]=00000000000000000000000000000000, sa_flags=none
SIGUSR2: [libjvm.so+0x923610], sa_mask[0]=00100000000000000000000000000000, sa_flags=SA_RESTART|SA_SIGINFO
SIGHUP: [libjvm.so+0x924a10], sa_mask[0]=11111111011111111101111111111110, sa_flags=SA_RESTART|SA_SIGINFO
SIGINT: [libjvm.so+0x924a10], sa_mask[0]=11111111011111111101111111111110, sa_flags=SA_RESTART|SA_SIGINFO
SIGTERM: [libjvm.so+0x924a10], sa_mask[0]=11111111011111111101111111111110, sa_flags=SA_RESTART|SA_SIGINFO
SIGQUIT: [libjvm.so+0x924a10], sa_mask[0]=11111111011111111101111111111110, sa_flags=SA_RESTART|SA_SIGINFO


---------------  S Y S T E M  ---------------

OS:DISTRIB_ID=Ubuntu
DISTRIB_RELEASE=16.04
DISTRIB_CODENAME=xenial
DISTRIB_DESCRIPTION="Ubuntu 16.04.2 LTS"

uname:Linux 4.8.0-52-generic #55~16.04.1-Ubuntu SMP Fri Apr 28 14:36:29 UTC 2017 x86_64
libc:glibc 2.23 NPTL 2.23 
rlimit: STACK 8192k, CORE 0k, NPROC 15564, NOFILE 65536, AS infinity
load average:7.66 3.46 1.63

/proc/meminfo:
MemTotal:        4026824 kB
MemFree:          104192 kB
MemAvailable:       1836 kB
Buffers:             300 kB
Cached:            85408 kB
SwapCached:            0 kB
Active:          3273960 kB
Inactive:          80616 kB
Active(anon):    3270164 kB
Inactive(anon):    76148 kB
Active(file):       3796 kB
Inactive(file):     4468 kB
Unevictable:          32 kB
Mlocked:              32 kB
SwapTotal:             0 kB
SwapFree:              0 kB
Dirty:               144 kB
Writeback:             0 kB
AnonPages:       3269156 kB
Mapped:            77844 kB
Shmem:             77188 kB
Slab:              78528 kB
SReclaimable:      28248 kB
SUnreclaim:        50280 kB
KernelStack:       12096 kB
PageTables:        37196 kB
NFS_Unstable:          0 kB
Bounce:                0 kB
WritebackTmp:          0 kB
CommitLimit:     2013412 kB
Committed_AS:    6954164 kB
VmallocTotal:   34359738367 kB
VmallocUsed:           0 kB
VmallocChunk:          0 kB
HardwareCorrupted:     0 kB
AnonHugePages:    843776 kB
ShmemHugePages:        0 kB
ShmemPmdMapped:        0 kB
CmaTotal:              0 kB
CmaFree:               0 kB
HugePages_Total:       0
HugePages_Free:        0
HugePages_Rsvd:        0
HugePages_Surp:        0
Hugepagesize:       2048 kB
DirectMap4k:       77632 kB
DirectMap2M:     3067904 kB
DirectMap1G:     3145728 kB


CPU:total 2 (initial active 2) (1 cores per cpu, 1 threads per core) family 6 model 60 stepping 3, cmov, cx8, fxsr, mmx, sse, sse2, sse3, ssse3, sse4.1, sse4.2, popcnt, avx, avx2, aes, clmul, erms, lzcnt, tsc, tscinvbit, bmi1, bmi2

/proc/cpuinfo:
processor	: 0
vendor_id	: GenuineIntel
cpu family	: 6
model		: 60
model name	: Intel(R) Core(TM) i7-4770 CPU @ 3.40GHz
stepping	: 3
microcode	: 0x17
cpu MHz		: 3391.201
cache size	: 8192 KB
physical id	: 0
siblings	: 1
core id		: 0
cpu cores	: 1
apicid		: 0
initial apicid	: 0
fpu		: yes
fpu_exception	: yes
cpuid level	: 13
wp		: yes
flags		: fpu vme de pse tsc msr pae mce cx8 apic sep mtrr pge mca cmov pat pse36 clflush dts mmx fxsr sse sse2 ss syscall nx pdpe1gb rdtscp lm constant_tsc arch_perfmon pebs bts nopl xtopology tsc_reliable nonstop_tsc aperfmperf eagerfpu pni pclmulqdq ssse3 fma cx16 pcid sse4_1 sse4_2 x2apic movbe popcnt tsc_deadline_timer aes xsave avx f16c rdrand hypervisor lahf_lm abm epb fsgsbase tsc_adjust bmi1 avx2 smep bmi2 invpcid xsaveopt dtherm ida arat pln pts
bugs		:
bogomips	: 6784.37
clflush size	: 64
cache_alignment	: 64
address sizes	: 42 bits physical, 48 bits virtual
power management:

processor	: 1
vendor_id	: GenuineIntel
cpu family	: 6
model		: 60
model name	: Intel(R) Core(TM) i7-4770 CPU @ 3.40GHz
stepping	: 3
microcode	: 0x17
cpu MHz		: 3391.201
cache size	: 8192 KB
physical id	: 2
siblings	: 1
core id		: 0
cpu cores	: 1
apicid		: 2
initial apicid	: 2
fpu		: yes
fpu_exception	: yes
cpuid level	: 13
wp		: yes
flags		: fpu vme de pse tsc msr pae mce cx8 apic sep mtrr pge mca cmov pat pse36 clflush dts mmx fxsr sse sse2 ss syscall nx pdpe1gb rdtscp lm constant_tsc arch_perfmon pebs bts nopl xtopology tsc_reliable nonstop_tsc aperfmperf eagerfpu pni pclmulqdq ssse3 fma cx16 pcid sse4_1 sse4_2 x2apic movbe popcnt tsc_deadline_timer aes xsave avx f16c rdrand hypervisor lahf_lm abm epb fsgsbase tsc_adjust bmi1 avx2 smep bmi2 invpcid xsaveopt dtherm ida arat pln pts
bugs		:
bogomips	: 6784.37
clflush size	: 64
cache_alignment	: 64
address sizes	: 42 bits physical, 48 bits virtual
power management:



Memory: 4k page, physical 4026824k(104292k free), swap 0k(0k free)

vm_info: Java HotSpot(TM) 64-Bit Server VM (25.131-b11) for linux-amd64 JRE (1.8.0_131-b11), built on Mar 15 2017 01:23:40 by "java_re" with gcc 4.3.0 20080428 (Red Hat 4.3.0-8)

time: Tue Sep 19 16:44:10 2017
elapsed time: 13 seconds (0d 0h 0m 13s)

