#
# There is insufficient memory for the Java Runtime Environment to continue.
# Native memory allocation (mmap) failed to map 137363456 bytes for committing reserved memory.
# Possible reasons:
#   The system is out of physical RAM or swap space
#   In 32 bit mode, the process size limit was hit
# Possible solutions:
#   Reduce memory load on the system
#   Increase physical memory or swap space
#   Check if swap backing store is full
#   Use 64 bit Java on a 64 bit OS
#   Decrease Java heap size (-Xmx/-Xms)
#   Decrease number of Java threads
#   Decrease Java thread stack sizes (-Xss)
#   Set larger code cache with -XX:ReservedCodeCacheSize=
# This output file may be truncated or incomplete.
#
#  Out of Memory Error (os_linux.cpp:2640), pid=17309, tid=0x00007f1dc3e32700
#
# JRE version: Java(TM) SE Runtime Environment (8.0_131-b11) (build 1.8.0_131-b11)
# Java VM: Java HotSpot(TM) 64-Bit Server VM (25.131-b11 mixed mode linux-amd64 compressed oops)
# Failed to write core dump. Core dumps have been disabled. To enable core dumping, try "ulimit -c unlimited" before starting Java again
#

---------------  T H R E A D  ---------------

Current thread (0x00007f1de807a000):  VMThread [stack: 0x00007f1dc3d32000,0x00007f1dc3e33000] [id=17319]

Stack: [0x00007f1dc3d32000,0x00007f1dc3e33000],  sp=0x00007f1dc3e31320,  free space=1020k
Native frames: (J=compiled Java code, j=interpreted, Vv=VM code, C=native code)
V  [libjvm.so+0xac826a]  VMError::report_and_die()+0x2ba
V  [libjvm.so+0x4fd4cb]  report_vm_out_of_memory(char const*, int, unsigned long, VMErrorType, char const*)+0x8b
V  [libjvm.so+0x924f53]  os::Linux::commit_memory_impl(char*, unsigned long, bool)+0x103
V  [libjvm.so+0x9254a9]  os::pd_commit_memory(char*, unsigned long, unsigned long, bool)+0x29
V  [libjvm.so+0x91f6ca]  os::commit_memory(char*, unsigned long, unsigned long, bool)+0x2a
V  [libjvm.so+0x9941e3]  PSVirtualSpace::expand_by(unsigned long)+0x53
V  [libjvm.so+0x984aa0]  PSOldGen::expand(unsigned long)+0x170
V  [libjvm.so+0x984cab]  PSOldGen::resize(unsigned long)+0x1cb
V  [libjvm.so+0x98c9b1]  PSParallelCompact::invoke_no_policy(bool)+0x991
V  [libjvm.so+0x99230d]  PSScavenge::invoke()+0x1ad
V  [libjvm.so+0x948f00]  ParallelScavengeHeap::failed_mem_allocate(unsigned long)+0x70
V  [libjvm.so+0xac9c87]  VM_ParallelGCFailedAllocation::doit()+0x97
V  [libjvm.so+0xad1765]  VM_Operation::evaluate()+0x55
V  [libjvm.so+0xacfb3a]  VMThread::evaluate_operation(VM_Operation*)+0xba
V  [libjvm.so+0xacfebe]  VMThread::loop()+0x1ce
V  [libjvm.so+0xad0330]  VMThread::run()+0x70
V  [libjvm.so+0x927568]  java_start(Thread*)+0x108

VM_Operation (0x00007f1d83dfbd40): ParallelGCFailedAllocation, mode: safepoint, requested by thread 0x00007f1de92c4800


---------------  P R O C E S S  ---------------

Java Threads: ( => current thread )
  0x00007f1de800c800 JavaThread "DestroyJavaVM" [_thread_blocked, id=17311, stack(0x00007f1def51f000,0x00007f1def620000)]
  0x00007f1de9310000 JavaThread "http-nio-8080-AsyncTimeout" daemon [_thread_blocked, id=17354, stack(0x00007f1d82ff2000,0x00007f1d830f3000)]
  0x00007f1de930e800 JavaThread "http-nio-8080-Acceptor-0" daemon [_thread_in_native, id=17353, stack(0x00007f1d830f3000,0x00007f1d831f4000)]
  0x00007f1de930c000 JavaThread "http-nio-8080-ClientPoller-1" daemon [_thread_blocked, id=17352, stack(0x00007f1d831f4000,0x00007f1d832f5000)]
  0x00007f1de92f2000 JavaThread "http-nio-8080-ClientPoller-0" daemon [_thread_blocked, id=17351, stack(0x00007f1d832f5000,0x00007f1d833f6000)]
  0x00007f1de92d6000 JavaThread "http-nio-8080-exec-10" daemon [_thread_blocked, id=17350, stack(0x00007f1d833f6000,0x00007f1d834f7000)]
  0x00007f1de92d4000 JavaThread "http-nio-8080-exec-9" daemon [_thread_blocked, id=17349, stack(0x00007f1d834f7000,0x00007f1d835f8000)]
  0x00007f1de92d2000 JavaThread "http-nio-8080-exec-8" daemon [_thread_blocked, id=17348, stack(0x00007f1d835f8000,0x00007f1d836f9000)]
  0x00007f1de92d0000 JavaThread "http-nio-8080-exec-7" daemon [_thread_blocked, id=17347, stack(0x00007f1d836f9000,0x00007f1d837fa000)]
  0x00007f1de92ce000 JavaThread "http-nio-8080-exec-6" daemon [_thread_blocked, id=17346, stack(0x00007f1d837fa000,0x00007f1d838fb000)]
  0x00007f1de92cc000 JavaThread "http-nio-8080-exec-5" daemon [_thread_blocked, id=17345, stack(0x00007f1d838fb000,0x00007f1d839fc000)]
  0x00007f1de92ca000 JavaThread "http-nio-8080-exec-4" daemon [_thread_blocked, id=17344, stack(0x00007f1d839fc000,0x00007f1d83afd000)]
  0x00007f1de92c8000 JavaThread "http-nio-8080-exec-3" daemon [_thread_blocked, id=17343, stack(0x00007f1d83afd000,0x00007f1d83bfe000)]
  0x00007f1de92c6800 JavaThread "http-nio-8080-exec-2" daemon [_thread_blocked, id=17342, stack(0x00007f1d83bfe000,0x00007f1d83cff000)]
  0x00007f1de92c4800 JavaThread "http-nio-8080-exec-1" daemon [_thread_blocked, id=17341, stack(0x00007f1d83cff000,0x00007f1d83e00000)]
  0x00007f1de92c0000 JavaThread "NioBlockingSelector.BlockPoller-1" daemon [_thread_blocked, id=17340, stack(0x00007f1dc0099000,0x00007f1dc019a000)]
  0x00007f1de8d7e800 JavaThread "Abandoned connection cleanup thread" daemon [_thread_blocked, id=17337, stack(0x00007f1dc0e65000,0x00007f1dc0f66000)]
  0x00007f1de8d4f800 JavaThread "Tomcat JDBC Pool Cleaner[1943105171:1505986496579]" daemon [_thread_blocked, id=17336, stack(0x00007f1dc0f66000,0x00007f1dc1067000)]
  0x00007f1de8cef000 JavaThread "container-0" [_thread_blocked, id=17335, stack(0x00007f1dc127a000,0x00007f1dc137b000)]
  0x00007f1de8ced800 JavaThread "ContainerBackgroundProcessor[StandardEngine[Tomcat]]" daemon [_thread_blocked, id=17334, stack(0x00007f1dc137b000,0x00007f1dc147c000)]
  0x00007f1de80c2800 JavaThread "Service Thread" daemon [_thread_blocked, id=17326, stack(0x00007f1dc3353000,0x00007f1dc3454000)]
  0x00007f1de80bf800 JavaThread "C1 CompilerThread2" daemon [_thread_blocked, id=17325, stack(0x00007f1dc3454000,0x00007f1dc3555000)]
  0x00007f1de80bd800 JavaThread "C2 CompilerThread1" daemon [_thread_blocked, id=17324, stack(0x00007f1dc3555000,0x00007f1dc3656000)]
  0x00007f1de80ba800 JavaThread "C2 CompilerThread0" daemon [_thread_blocked, id=17323, stack(0x00007f1dc3656000,0x00007f1dc3757000)]
  0x00007f1de80b6800 JavaThread "Signal Dispatcher" daemon [_thread_blocked, id=17322, stack(0x00007f1dc3757000,0x00007f1dc3858000)]
  0x00007f1de8086800 JavaThread "Finalizer" daemon [_thread_blocked, id=17321, stack(0x00007f1dc3b30000,0x00007f1dc3c31000)]
  0x00007f1de8082000 JavaThread "Reference Handler" daemon [_thread_blocked, id=17320, stack(0x00007f1dc3c31000,0x00007f1dc3d32000)]

Other Threads:
=>0x00007f1de807a000 VMThread [stack: 0x00007f1dc3d32000,0x00007f1dc3e33000] [id=17319]
  0x00007f1de80c5000 WatcherThread [stack: 0x00007f1dc3252000,0x00007f1dc3353000] [id=17327]

VM state:at safepoint (normal execution)

VM Mutex/Monitor currently owned by a thread:  ([mutex/lock_event])
[0x00007f1de8008410] ExpandHeap_lock - owner thread: 0x00007f1de807a000
[0x00007f1de8008a90] Threads_lock - owner thread: 0x00007f1de807a000
[0x00007f1de8008f90] Heap_lock - owner thread: 0x00007f1de92c4800

Heap:
 PSYoungGen      total 457216K, used 0K [0x00000000e1000000, 0x0000000100000000, 0x0000000100000000)
  eden space 429056K, 0% used [0x00000000e1000000,0x00000000e1000000,0x00000000fb300000)
  from space 28160K, 0% used [0x00000000fb300000,0x00000000fb300000,0x00000000fce80000)
  to   space 43008K, 0% used [0x00000000fd600000,0x00000000fd600000,0x0000000100000000)
 ParOldGen       total 246272K, used 107395K [0x00000000a3000000, 0x00000000b2080000, 0x00000000e1000000)
  object space 246272K, 43% used [0x00000000a3000000,0x00000000a98e0ec8,0x00000000b2080000)
 Metaspace       used 48988K, capacity 49458K, committed 49664K, reserved 1093632K
  class space    used 6236K, capacity 6354K, committed 6400K, reserved 1048576K

Card table byte_map: [0x00007f1dd8d17000,0x00007f1dd9000000] byte_map_base: 0x00007f1dd87ff000

Marking Bits: (ParMarkBitMap*) 0x00007f1dee9e9f60
 Begin Bits: [0x00007f1dc5180000, 0x00007f1dc68c0000)
 End Bits:   [0x00007f1dc68c0000, 0x00007f1dc8000000)

Polling page: 0x00007f1def639000

CodeCache: size=245760Kb used=17889Kb max_used=19705Kb free=227870Kb
 bounds [0x00007f1dd9000000, 0x00007f1dda360000, 0x00007f1de8000000]
 total_blobs=5456 nmethods=4940 adapters=429
 compilation: enabled

Compilation events (10 events):
Event: 64.949 Thread 0x00007f1de80bd800 6158       4       java.util.ArrayDeque::addLast (53 bytes)
Event: 64.950 Thread 0x00007f1de80bd800 nmethod 6158 0x00007f1dd93f5710 code [0x00007f1dd93f5860, 0x00007f1dd93f59b8]
Event: 64.952 Thread 0x00007f1de80bf800 6159   !   3       org.hibernate.resource.jdbc.internal.ResourceRegistryStandardImpl::close (54 bytes)
Event: 64.979 Thread 0x00007f1de80bf800 nmethod 6159 0x00007f1dd9ff5e10 code [0x00007f1dd9ff60a0, 0x00007f1dd9ff7508]
Event: 66.126 Thread 0x00007f1de80bf800 6160   !   3       com.mysql.jdbc.ConnectionImpl::transactionBegun (47 bytes)
Event: 66.127 Thread 0x00007f1de80bf800 nmethod 6160 0x00007f1dd93254d0 code [0x00007f1dd9325680, 0x00007f1dd9325de8]
Event: 67.515 Thread 0x00007f1de80ba800 6161       4       java.lang.Class::getMethod (64 bytes)
Event: 67.725 Thread 0x00007f1de80ba800 nmethod 6161 0x00007f1dd9229d50 code [0x00007f1dd922a060, 0x00007f1dd922bcb8]
Event: 67.784 Thread 0x00007f1de80bf800 6162       1       java.util.HashMap::afterNodeRemoval (1 bytes)
Event: 67.784 Thread 0x00007f1de80bf800 nmethod 6162 0x00007f1dd926ba90 code [0x00007f1dd926bbe0, 0x00007f1dd926bcf0]

GC Heap History (10 events):
Event: 62.983 GC heap after
Heap after GC invocations=116 (full 7):
 PSYoungGen      total 491008K, used 279K [0x00000000e1000000, 0x00000000ffd00000, 0x0000000100000000)
  eden space 478208K, 0% used [0x00000000e1000000,0x00000000e1000000,0x00000000fe300000)
  from space 12800K, 2% used [0x00000000fe300000,0x00000000fe345ec8,0x00000000fef80000)
  to   space 11776K, 0% used [0x00000000ff180000,0x00000000ff180000,0x00000000ffd00000)
 ParOldGen       total 246272K, used 25178K [0x00000000a3000000, 0x00000000b2080000, 0x00000000e1000000)
  object space 246272K, 10% used [0x00000000a3000000,0x00000000a48969b0,0x00000000b2080000)
 Metaspace       used 48988K, capacity 49458K, committed 49664K, reserved 1093632K
  class space    used 6236K, capacity 6354K, committed 6400K, reserved 1048576K
}
Event: 63.569 GC heap before
{Heap before GC invocations=117 (full 7):
 PSYoungGen      total 491008K, used 478487K [0x00000000e1000000, 0x00000000ffd00000, 0x0000000100000000)
  eden space 478208K, 100% used [0x00000000e1000000,0x00000000fe300000,0x00000000fe300000)
  from space 12800K, 2% used [0x00000000fe300000,0x00000000fe345ec8,0x00000000fef80000)
  to   space 11776K, 0% used [0x00000000ff180000,0x00000000ff180000,0x00000000ffd00000)
 ParOldGen       total 246272K, used 25178K [0x00000000a3000000, 0x00000000b2080000, 0x00000000e1000000)
  object space 246272K, 10% used [0x00000000a3000000,0x00000000a48969b0,0x00000000b2080000)
 Metaspace       used 48988K, capacity 49458K, committed 49664K, reserved 1093632K
  class space    used 6236K, capacity 6354K, committed 6400K, reserved 1048576K
Event: 63.581 GC heap after
Heap after GC invocations=117 (full 7):
 PSYoungGen      total 494080K, used 314K [0x00000000e1000000, 0x00000000ffd00000, 0x0000000100000000)
  eden space 482304K, 0% used [0x00000000e1000000,0x00000000e1000000,0x00000000fe700000)
  from space 11776K, 2% used [0x00000000ff180000,0x00000000ff1ce8f0,0x00000000ffd00000)
  to   space 10752K, 0% used [0x00000000fe700000,0x00000000fe700000,0x00000000ff180000)
 ParOldGen       total 246272K, used 70378K [0x00000000a3000000, 0x00000000b2080000, 0x00000000e1000000)
  object space 246272K, 28% used [0x00000000a3000000,0x00000000a74baa38,0x00000000b2080000)
 Metaspace       used 48988K, capacity 49458K, committed 49664K, reserved 1093632K
  class space    used 6236K, capacity 6354K, committed 6400K, reserved 1048576K
}
Event: 64.575 GC heap before
{Heap before GC invocations=118 (full 7):
 PSYoungGen      total 494080K, used 482618K [0x00000000e1000000, 0x00000000ffd00000, 0x0000000100000000)
  eden space 482304K, 100% used [0x00000000e1000000,0x00000000fe700000,0x00000000fe700000)
  from space 11776K, 2% used [0x00000000ff180000,0x00000000ff1ce8f0,0x00000000ffd00000)
  to   space 10752K, 0% used [0x00000000fe700000,0x00000000fe700000,0x00000000ff180000)
 ParOldGen       total 246272K, used 70378K [0x00000000a3000000, 0x00000000b2080000, 0x00000000e1000000)
  object space 246272K, 28% used [0x00000000a3000000,0x00000000a74baa38,0x00000000b2080000)
 Metaspace       used 48988K, capacity 49458K, committed 49664K, reserved 1093632K
  class space    used 6236K, capacity 6354K, committed 6400K, reserved 1048576K
Event: 64.592 GC heap after
Heap after GC invocations=118 (full 7):
 PSYoungGen      total 493056K, used 10746K [0x00000000e1000000, 0x0000000100000000, 0x0000000100000000)
  eden space 482304K, 0% used [0x00000000e1000000,0x00000000e1000000,0x00000000fe700000)
  from space 10752K, 99% used [0x00000000fe700000,0x00000000ff17e940,0x00000000ff180000)
  to   space 14848K, 0% used [0x00000000ff180000,0x00000000ff180000,0x0000000100000000)
 ParOldGen       total 246272K, used 109032K [0x00000000a3000000, 0x00000000b2080000, 0x00000000e1000000)
  object space 246272K, 44% used [0x00000000a3000000,0x00000000a9a7a200,0x00000000b2080000)
 Metaspace       used 48988K, capacity 49458K, committed 49664K, reserved 1093632K
  class space    used 6236K, capacity 6354K, committed 6400K, reserved 1048576K
}
Event: 66.949 GC heap before
{Heap before GC invocations=119 (full 7):
 PSYoungGen      total 493056K, used 493050K [0x00000000e1000000, 0x0000000100000000, 0x0000000100000000)
  eden space 482304K, 100% used [0x00000000e1000000,0x00000000fe700000,0x00000000fe700000)
  from space 10752K, 99% used [0x00000000fe700000,0x00000000ff17e940,0x00000000ff180000)
  to   space 14848K, 0% used [0x00000000ff180000,0x00000000ff180000,0x0000000100000000)
 ParOldGen       total 246272K, used 109032K [0x00000000a3000000, 0x00000000b2080000, 0x00000000e1000000)
  object space 246272K, 44% used [0x00000000a3000000,0x00000000a9a7a200,0x00000000b2080000)
 Metaspace       used 48988K, capacity 49458K, committed 49664K, reserved 1093632K
  class space    used 6236K, capacity 6354K, committed 6400K, reserved 1048576K
Event: 66.964 GC heap after
Heap after GC invocations=119 (full 7):
 PSYoungGen      total 443904K, used 14848K [0x00000000e1000000, 0x0000000100000000, 0x0000000100000000)
  eden space 429056K, 0% used [0x00000000e1000000,0x00000000e1000000,0x00000000fb300000)
  from space 14848K, 100% used [0x00000000ff180000,0x0000000100000000,0x0000000100000000)
  to   space 39424K, 0% used [0x00000000fb300000,0x00000000fb300000,0x00000000fd980000)
 ParOldGen       total 246272K, used 137091K [0x00000000a3000000, 0x00000000b2080000, 0x00000000e1000000)
  object space 246272K, 55% used [0x00000000a3000000,0x00000000ab5e0e20,0x00000000b2080000)
 Metaspace       used 48988K, capacity 49458K, committed 49664K, reserved 1093632K
  class space    used 6236K, capacity 6354K, committed 6400K, reserved 1048576K
}
Event: 68.726 GC heap before
{Heap before GC invocations=120 (full 7):
 PSYoungGen      total 443904K, used 443904K [0x00000000e1000000, 0x0000000100000000, 0x0000000100000000)
  eden space 429056K, 100% used [0x00000000e1000000,0x00000000fb300000,0x00000000fb300000)
  from space 14848K, 100% used [0x00000000ff180000,0x0000000100000000,0x0000000100000000)
  to   space 39424K, 0% used [0x00000000fb300000,0x00000000fb300000,0x00000000fd980000)
 ParOldGen       total 246272K, used 137091K [0x00000000a3000000, 0x00000000b2080000, 0x00000000e1000000)
  object space 246272K, 55% used [0x00000000a3000000,0x00000000ab5e0e20,0x00000000b2080000)
 Metaspace       used 48988K, capacity 49458K, committed 49664K, reserved 1093632K
  class space    used 6236K, capacity 6354K, committed 6400K, reserved 1048576K
Event: 68.748 GC heap after
Heap after GC invocations=120 (full 7):
 PSYoungGen      total 457216K, used 28096K [0x00000000e1000000, 0x0000000100000000, 0x0000000100000000)
  eden space 429056K, 0% used [0x00000000e1000000,0x00000000e1000000,0x00000000fb300000)
  from space 28160K, 99% used [0x00000000fb300000,0x00000000fce70160,0x00000000fce80000)
  to   space 43008K, 0% used [0x00000000fd600000,0x00000000fd600000,0x0000000100000000)
 ParOldGen       total 246272K, used 204202K [0x00000000a3000000, 0x00000000b2080000, 0x00000000e1000000)
  object space 246272K, 82% used [0x00000000a3000000,0x00000000af76abd0,0x00000000b2080000)
 Metaspace       used 48988K, capacity 49458K, committed 49664K, reserved 1093632K
  class space    used 6236K, capacity 6354K, committed 6400K, reserved 1048576K
}
Event: 68.762 GC heap before
{Heap before GC invocations=121 (full 8):
 PSYoungGen      total 457216K, used 28096K [0x00000000e1000000, 0x0000000100000000, 0x0000000100000000)
  eden space 429056K, 0% used [0x00000000e1000000,0x00000000e1000000,0x00000000fb300000)
  from space 28160K, 99% used [0x00000000fb300000,0x00000000fce70160,0x00000000fce80000)
  to   space 43008K, 0% used [0x00000000fd600000,0x00000000fd600000,0x0000000100000000)
 ParOldGen       total 246272K, used 204202K [0x00000000a3000000, 0x00000000b2080000, 0x00000000e1000000)
  object space 246272K, 82% used [0x00000000a3000000,0x00000000af76abd0,0x00000000b2080000)
 Metaspace       used 48988K, capacity 49458K, committed 49664K, reserved 1093632K
  class space    used 6236K, capacity 6354K, committed 6400K, reserved 1048576K

Deoptimization events (10 events):
Event: 16.018 Thread 0x00007f1de92c4800 Uncommon trap: reason=unstable_if action=reinterpret pc=0x00007f1dd9a9cbf4 method=org.jsoup.parser.HtmlTreeBuilderState$4.process(Lorg/jsoup/parser/Token;Lorg/jsoup/parser/HtmlTreeBuilder;)Z @ 282
Event: 16.018 Thread 0x00007f1de92c4800 Uncommon trap: reason=unstable_if action=reinterpret pc=0x00007f1dd9fc58f8 method=org.jsoup.parser.HtmlTreeBuilderState$7.process(Lorg/jsoup/parser/Token;Lorg/jsoup/parser/HtmlTreeBuilder;)Z @ 84
Event: 16.600 Thread 0x00007f1de92c4800 Uncommon trap: reason=unstable_if action=reinterpret pc=0x00007f1dd98d17dc method=org.jsoup.parser.CharacterReader.consumeTagName()Ljava/lang/String; @ 20
Event: 17.679 Thread 0x00007f1de92c4800 Uncommon trap: reason=unstable_if action=reinterpret pc=0x00007f1dd9fac778 method=org.jsoup.parser.HtmlTreeBuilderState$7.process(Lorg/jsoup/parser/Token;Lorg/jsoup/parser/HtmlTreeBuilder;)Z @ 2240
Event: 18.558 Thread 0x00007f1de92c4800 Uncommon trap: reason=unstable_if action=reinterpret pc=0x00007f1dd9420410 method=org.jsoup.parser.CharacterReader.nextIndexOf(C)I @ 10
Event: 18.561 Thread 0x00007f1de92c4800 Uncommon trap: reason=unstable_if action=reinterpret pc=0x00007f1dd9961264 method=org.jsoup.parser.CharacterReader.nextIndexOf(C)I @ 10
Event: 18.578 Thread 0x00007f1de92c4800 Uncommon trap: reason=unstable_if action=reinterpret pc=0x00007f1dd98e8a38 method=org.jsoup.parser.CharacterReader.nextIndexOf(C)I @ 10
Event: 18.730 Thread 0x00007f1de92c4800 Uncommon trap: reason=unstable_if action=reinterpret pc=0x00007f1dd9469a28 method=sun.nio.cs.UTF_8$Decoder.decodeArrayLoop(Ljava/nio/ByteBuffer;Ljava/nio/CharBuffer;)Ljava/nio/charset/CoderResult; @ 447
Event: 20.560 Thread 0x00007f1de92c4800 Uncommon trap: reason=unstable_if action=reinterpret pc=0x00007f1dd9585208 method=org.jsoup.parser.CharacterReader.consumeToAny([C)Ljava/lang/String; @ 15
Event: 45.537 Thread 0x00007f1de92c4800 Uncommon trap: reason=unstable_if action=reinterpret pc=0x00007f1dda2944e0 method=org.jsoup.parser.HtmlTreeBuilderState$7.process(Lorg/jsoup/parser/Token;Lorg/jsoup/parser/HtmlTreeBuilder;)Z @ 2256

Internal exceptions (10 events):
Event: 6.647 Thread 0x00007f1de92c4800 Exception <a 'java/lang/ClassNotFoundException': org/springframework/web/servlet/view/DefaultRequestToViewNameTranslatorCustomizer> (0x00000000e40f54b8) thrown at [/HUDSON/workspace/8-2-build-linux-amd64/jdk8u131/8869/hotspot/src/share/vm/classfile/system
Event: 6.648 Thread 0x00007f1de92c4800 Exception <a 'java/lang/ClassNotFoundException': org/springframework/web/servlet/RequestToViewNameTranslatorCustomizer> (0x00000000e411b020) thrown at [/HUDSON/workspace/8-2-build-linux-amd64/jdk8u131/8869/hotspot/src/share/vm/classfile/systemDictionary.c
Event: 6.652 Thread 0x00007f1de92c4800 Exception <a 'java/lang/ClassNotFoundException': java/lang/ObjectCustomizer> (0x00000000e41474b8) thrown at [/HUDSON/workspace/8-2-build-linux-amd64/jdk8u131/8869/hotspot/src/share/vm/classfile/systemDictionary.cpp, line 210]
Event: 6.652 Thread 0x00007f1de92c4800 Exception <a 'java/lang/ClassNotFoundException': org/springframework/web/servlet/support/AbstractFlashMapManagerCustomizer> (0x00000000e415f930) thrown at [/HUDSON/workspace/8-2-build-linux-amd64/jdk8u131/8869/hotspot/src/share/vm/classfile/systemDictiona
Event: 6.653 Thread 0x00007f1de92c4800 Exception <a 'java/lang/ClassNotFoundException': org/springframework/web/servlet/support/SessionFlashMapManagerCustomizer> (0x00000000e417bc60) thrown at [/HUDSON/workspace/8-2-build-linux-amd64/jdk8u131/8869/hotspot/src/share/vm/classfile/systemDictionar
Event: 6.654 Thread 0x00007f1de92c4800 Exception <a 'java/lang/ClassNotFoundException': org/springframework/web/servlet/FlashMapManagerCustomizer> (0x00000000e4190598) thrown at [/HUDSON/workspace/8-2-build-linux-amd64/jdk8u131/8869/hotspot/src/share/vm/classfile/systemDictionary.cpp, line 210
Event: 7.513 Thread 0x00007f1de92c4800 Implicit null exception at 0x00007f1dd968af98 to 0x00007f1dd968b705
Event: 7.634 Thread 0x00007f1de92c4800 Implicit null exception at 0x00007f1dd921fd46 to 0x00007f1dd9220661
Event: 13.305 Thread 0x00007f1de92c4800 Implicit null exception at 0x00007f1dda017b55 to 0x00007f1dda01bd49
Event: 13.306 Thread 0x00007f1de92c4800 Implicit null exception at 0x00007f1dd9925b56 to 0x00007f1dd9925de5

Events (10 events):
Event: 66.965 Executing VM operation: ParallelGCFailedAllocation done
Event: 67.725 Thread 0x00007f1de80ba800 flushing nmethod 0x00007f1dd9785310
Event: 67.725 Thread 0x00007f1de80ba800 flushing nmethod 0x00007f1dd97878d0
Event: 67.725 Thread 0x00007f1de80ba800 flushing nmethod 0x00007f1dd980df50
Event: 67.725 Thread 0x00007f1de80ba800 flushing nmethod 0x00007f1dd983ef50
Event: 67.784 Thread 0x00007f1de80bf800 flushing nmethod 0x00007f1dd98869d0
Event: 67.785 Thread 0x00007f1de80bf800 flushing nmethod 0x00007f1dd98d1310
Event: 67.785 Thread 0x00007f1de80bf800 flushing nmethod 0x00007f1dd98d2fd0
Event: 67.785 Thread 0x00007f1de80bf800 flushing nmethod 0x00007f1dd98e8750
Event: 68.717 Executing VM operation: ParallelGCFailedAllocation


Dynamic libraries:
00400000-00401000 r-xp 00000000 08:01 282641                             /opt/jdk1.8.0_131/bin/java
00600000-00601000 rw-p 00000000 08:01 282641                             /opt/jdk1.8.0_131/bin/java
024bf000-024e0000 rw-p 00000000 00:00 0                                  [heap]
a3000000-b2080000 rw-p 00000000 00:00 0 
ba380000-e1000000 ---p 00000000 00:00 0 
e1000000-100000000 rw-p 00000000 00:00 0 
100000000-100640000 rw-p 00000000 00:00 0 
100640000-140000000 ---p 00000000 00:00 0 
7f1d54000000-7f1d54021000 rw-p 00000000 00:00 0 
7f1d54021000-7f1d58000000 ---p 00000000 00:00 0 
7f1d58000000-7f1d58021000 rw-p 00000000 00:00 0 
7f1d58021000-7f1d5c000000 ---p 00000000 00:00 0 
7f1d5c000000-7f1d5c021000 rw-p 00000000 00:00 0 
7f1d5c021000-7f1d60000000 ---p 00000000 00:00 0 
7f1d60000000-7f1d60021000 rw-p 00000000 00:00 0 
7f1d60021000-7f1d64000000 ---p 00000000 00:00 0 
7f1d64000000-7f1d64021000 rw-p 00000000 00:00 0 
7f1d64021000-7f1d68000000 ---p 00000000 00:00 0 
7f1d68000000-7f1d68021000 rw-p 00000000 00:00 0 
7f1d68021000-7f1d6c000000 ---p 00000000 00:00 0 
7f1d6c000000-7f1d6c021000 rw-p 00000000 00:00 0 
7f1d6c021000-7f1d70000000 ---p 00000000 00:00 0 
7f1d70000000-7f1d70021000 rw-p 00000000 00:00 0 
7f1d70021000-7f1d74000000 ---p 00000000 00:00 0 
7f1d74000000-7f1d761d3000 rw-p 00000000 00:00 0 
7f1d761d3000-7f1d78000000 ---p 00000000 00:00 0 
7f1d78000000-7f1d78021000 rw-p 00000000 00:00 0 
7f1d78021000-7f1d7c000000 ---p 00000000 00:00 0 
7f1d7c000000-7f1d7c021000 rw-p 00000000 00:00 0 
7f1d7c021000-7f1d80000000 ---p 00000000 00:00 0 
7f1d82bf2000-7f1d82c32000 rw-p 00000000 00:00 0 
7f1d82c32000-7f1d82df2000 ---p 00000000 00:00 0 
7f1d82df2000-7f1d82ff2000 rw-p 00000000 00:00 0 
7f1d82ff2000-7f1d82ff5000 ---p 00000000 00:00 0 
7f1d82ff5000-7f1d830f3000 rw-p 00000000 00:00 0 
7f1d830f3000-7f1d830f6000 ---p 00000000 00:00 0 
7f1d830f6000-7f1d831f4000 rw-p 00000000 00:00 0 
7f1d831f4000-7f1d831f7000 ---p 00000000 00:00 0 
7f1d831f7000-7f1d832f5000 rw-p 00000000 00:00 0 
7f1d832f5000-7f1d832f8000 ---p 00000000 00:00 0 
7f1d832f8000-7f1d833f6000 rw-p 00000000 00:00 0 
7f1d833f6000-7f1d833f9000 ---p 00000000 00:00 0 
7f1d833f9000-7f1d834f7000 rw-p 00000000 00:00 0 
7f1d834f7000-7f1d834fa000 ---p 00000000 00:00 0 
7f1d834fa000-7f1d835f8000 rw-p 00000000 00:00 0 
7f1d835f8000-7f1d835fb000 ---p 00000000 00:00 0 
7f1d835fb000-7f1d836f9000 rw-p 00000000 00:00 0 
7f1d836f9000-7f1d836fc000 ---p 00000000 00:00 0 
7f1d836fc000-7f1d837fa000 rw-p 00000000 00:00 0 
7f1d837fa000-7f1d837fd000 ---p 00000000 00:00 0 
7f1d837fd000-7f1d838fb000 rw-p 00000000 00:00 0 
7f1d838fb000-7f1d838fe000 ---p 00000000 00:00 0 
7f1d838fe000-7f1d839fc000 rw-p 00000000 00:00 0 
7f1d839fc000-7f1d839ff000 ---p 00000000 00:00 0 
7f1d839ff000-7f1d83afd000 rw-p 00000000 00:00 0 
7f1d83afd000-7f1d83b00000 ---p 00000000 00:00 0 
7f1d83b00000-7f1d83bfe000 rw-p 00000000 00:00 0 
7f1d83bfe000-7f1d83c01000 ---p 00000000 00:00 0 
7f1d83c01000-7f1d83cff000 rw-p 00000000 00:00 0 
7f1d83cff000-7f1d83d02000 ---p 00000000 00:00 0 
7f1d83d02000-7f1d84000000 rw-p 00000000 00:00 0 
7f1d84000000-7f1d84021000 rw-p 00000000 00:00 0 
7f1d84021000-7f1d88000000 ---p 00000000 00:00 0 
7f1d88000000-7f1d88021000 rw-p 00000000 00:00 0 
7f1d88021000-7f1d8c000000 ---p 00000000 00:00 0 
7f1d8c000000-7f1d8c021000 rw-p 00000000 00:00 0 
7f1d8c021000-7f1d90000000 ---p 00000000 00:00 0 
7f1d90000000-7f1d90021000 rw-p 00000000 00:00 0 
7f1d90021000-7f1d94000000 ---p 00000000 00:00 0 
7f1d94000000-7f1d94371000 rw-p 00000000 00:00 0 
7f1d94371000-7f1d98000000 ---p 00000000 00:00 0 
7f1d98000000-7f1d980d1000 rw-p 00000000 00:00 0 
7f1d980d1000-7f1d9c000000 ---p 00000000 00:00 0 
7f1d9c000000-7f1d9c021000 rw-p 00000000 00:00 0 
7f1d9c021000-7f1da0000000 ---p 00000000 00:00 0 
7f1da0000000-7f1da0021000 rw-p 00000000 00:00 0 
7f1da0021000-7f1da4000000 ---p 00000000 00:00 0 
7f1da4000000-7f1da596e000 rw-p 00000000 00:00 0 
7f1da596e000-7f1da8000000 ---p 00000000 00:00 0 
7f1da8000000-7f1da9252000 rw-p 00000000 00:00 0 
7f1da9252000-7f1dac000000 ---p 00000000 00:00 0 
7f1dac000000-7f1dac021000 rw-p 00000000 00:00 0 
7f1dac021000-7f1db0000000 ---p 00000000 00:00 0 
7f1db0000000-7f1db1b8f000 rw-p 00000000 00:00 0 
7f1db1b8f000-7f1db4000000 ---p 00000000 00:00 0 
7f1db4000000-7f1db4021000 rw-p 00000000 00:00 0 
7f1db4021000-7f1db8000000 ---p 00000000 00:00 0 
7f1db8000000-7f1db8021000 rw-p 00000000 00:00 0 
7f1db8021000-7f1dbc000000 ---p 00000000 00:00 0 
7f1dbc000000-7f1dbc298000 rw-p 00000000 00:00 0 
7f1dbc298000-7f1dc0000000 ---p 00000000 00:00 0 
7f1dc0099000-7f1dc009c000 ---p 00000000 00:00 0 
7f1dc009c000-7f1dc039a000 rw-p 00000000 00:00 0 
7f1dc039a000-7f1dc059a000 rw-p 00000000 00:00 0 
7f1dc0665000-7f1dc0865000 rw-p 00000000 00:00 0 
7f1dc0865000-7f1dc0a65000 rw-p 00000000 00:00 0 
7f1dc0a65000-7f1dc0c65000 rw-p 00000000 00:00 0 
7f1dc0c65000-7f1dc0e65000 rw-p 00000000 00:00 0 
7f1dc0e65000-7f1dc0e68000 ---p 00000000 00:00 0 
7f1dc0e68000-7f1dc0f66000 rw-p 00000000 00:00 0 
7f1dc0f66000-7f1dc0f69000 ---p 00000000 00:00 0 
7f1dc0f69000-7f1dc1067000 rw-p 00000000 00:00 0 
7f1dc1067000-7f1dc107a000 r--s 00345000 08:01 287692                     /opt/jdk1.8.0_131/jre/lib/resources.jar
7f1dc107a000-7f1dc127a000 rw-p 00000000 00:00 0 
7f1dc127a000-7f1dc127d000 ---p 00000000 00:00 0 
7f1dc127d000-7f1dc137b000 rw-p 00000000 00:00 0 
7f1dc137b000-7f1dc137e000 ---p 00000000 00:00 0 
7f1dc137e000-7f1dc167c000 rw-p 00000000 00:00 0 
7f1dc167c000-7f1dc1681000 r--s 002f9000 08:01 287658                     /opt/jdk1.8.0_131/jre/lib/charsets.jar
7f1dc1681000-7f1dc1686000 r--s 0009a000 08:01 287693                     /opt/jdk1.8.0_131/jre/lib/jsse.jar
7f1dc1686000-7f1dc1886000 rw-p 00000000 00:00 0 
7f1dc1886000-7f1dc1a86000 rw-p 00000000 00:00 0 
7f1dc1a86000-7f1dc1c86000 rw-p 00000000 00:00 0 
7f1dc1c86000-7f1dc1d1c000 r--s 0110d000 08:01 550746                     /opt/jdk1.8.0_131/jre/lib/ext/jfxrt.jar
7f1dc1d1c000-7f1dc1d2d000 r-xp 00000000 08:01 287751                     /opt/jdk1.8.0_131/jre/lib/amd64/libnio.so
7f1dc1d2d000-7f1dc1f2c000 ---p 00011000 08:01 287751                     /opt/jdk1.8.0_131/jre/lib/amd64/libnio.so
7f1dc1f2c000-7f1dc1f2d000 rw-p 00010000 08:01 287751                     /opt/jdk1.8.0_131/jre/lib/amd64/libnio.so
7f1dc1f2d000-7f1dc212d000 rw-p 00000000 00:00 0 
7f1dc212d000-7f1dc2130000 ---p 00000000 00:00 0 
7f1dc2130000-7f1dc242e000 rw-p 00000000 00:00 0 
7f1dc242e000-7f1dc262e000 rw-p 00000000 00:00 0 
7f1dc262e000-7f1dc282e000 rw-p 00000000 00:00 0 
7f1dc282e000-7f1dc2831000 ---p 00000000 00:00 0 
7f1dc2831000-7f1dc2c30000 rw-p 00000000 00:00 0 
7f1dc2c30000-7f1dc2c46000 r-xp 00000000 08:01 287748                     /opt/jdk1.8.0_131/jre/lib/amd64/libnet.so
7f1dc2c46000-7f1dc2e46000 ---p 00016000 08:01 287748                     /opt/jdk1.8.0_131/jre/lib/amd64/libnet.so
7f1dc2e46000-7f1dc2e47000 rw-p 00016000 08:01 287748                     /opt/jdk1.8.0_131/jre/lib/amd64/libnet.so
7f1dc2e47000-7f1dc2e50000 r-xp 00000000 08:01 287756                     /opt/jdk1.8.0_131/jre/lib/amd64/libmanagement.so
7f1dc2e50000-7f1dc304f000 ---p 00009000 08:01 287756                     /opt/jdk1.8.0_131/jre/lib/amd64/libmanagement.so
7f1dc304f000-7f1dc3050000 rw-p 00008000 08:01 287756                     /opt/jdk1.8.0_131/jre/lib/amd64/libmanagement.so
7f1dc3050000-7f1dc3059000 r--s 000eb000 08:01 2396                       /home/meli/.m2/repository/mysql/mysql-connector-java/5.1.43/mysql-connector-java-5.1.43.jar
7f1dc3059000-7f1dc305c000 r--s 0000c000 08:01 3676                       /home/meli/.m2/repository/org/springframework/spring-aspects/4.3.10.RELEASE/spring-aspects-4.3.10.RELEASE.jar
7f1dc305c000-7f1dc305e000 r--s 00003000 08:01 930452                     /home/meli/.m2/repository/org/slf4j/jcl-over-slf4j/1.7.25/jcl-over-slf4j-1.7.25.jar
7f1dc305e000-7f1dc3066000 r--s 0003a000 08:01 3674                       /home/meli/.m2/repository/org/springframework/spring-tx/4.3.10.RELEASE/spring-tx-4.3.10.RELEASE.jar
7f1dc3066000-7f1dc3070000 r--s 0006b000 08:01 3672                       /home/meli/.m2/repository/org/springframework/spring-orm/4.3.10.RELEASE/spring-orm-4.3.10.RELEASE.jar
7f1dc3070000-7f1dc3082000 r--s 000ad000 08:01 3670                       /home/meli/.m2/repository/org/springframework/data/spring-data-commons/1.13.6.RELEASE/spring-data-commons-1.13.6.RELEASE.jar
7f1dc3082000-7f1dc3089000 r--s 00040000 08:01 3668                       /home/meli/.m2/repository/org/springframework/data/spring-data-jpa/1.11.6.RELEASE/spring-data-jpa-1.11.6.RELEASE.jar
7f1dc3089000-7f1dc308b000 r--s 00006000 08:01 3633                       /home/meli/.m2/repository/javax/transaction/javax.transaction-api/1.2/javax.transaction-api-1.2.jar
7f1dc308b000-7f1dc3098000 r--s 00089000 08:01 3631                       /home/meli/.m2/repository/org/hibernate/hibernate-entitymanager/5.0.12.Final/hibernate-entitymanager-5.0.12.Final.jar
7f1dc3098000-7f1dc309b000 r--s 00010000 08:01 3629                       /home/meli/.m2/repository/org/hibernate/common/hibernate-commons-annotations/5.0.1.Final/hibernate-commons-annotations-5.0.1.Final.jar
7f1dc309b000-7f1dc30a0000 r--s 00048000 08:01 820447                     /home/meli/.m2/repository/dom4j/dom4j/1.6.1/dom4j-1.6.1.jar
7f1dc30a0000-7f1dc30a3000 r--s 0002b000 08:01 3627                       /home/meli/.m2/repository/org/jboss/jandex/2.0.0.Final/jandex-2.0.0.Final.jar
7f1dc30a3000-7f1dc30a8000 r--s 00068000 08:01 3625                       /home/meli/.m2/repository/antlr/antlr/2.7.7/antlr-2.7.7.jar
7f1dc30a8000-7f1dc30b2000 r--s 000aa000 08:01 3168                       /home/meli/.m2/repository/org/javassist/javassist/3.21.0-GA/javassist-3.21.0-GA.jar
7f1dc30b2000-7f1dc30b7000 r--s 00017000 08:01 3623                       /home/meli/.m2/repository/org/hibernate/javax/persistence/hibernate-jpa-2.1-api/1.0.0.Final/hibernate-jpa-2.1-api-1.0.0.Final.jar
7f1dc30b7000-7f1dc3120000 r--s 004f3000 08:01 3621                       /home/meli/.m2/repository/org/hibernate/hibernate-core/5.0.12.Final/hibernate-core-5.0.12.Final.jar
7f1dc3120000-7f1dc312a000 r--s 0005f000 08:01 3665                       /home/meli/.m2/repository/org/springframework/spring-jdbc/4.3.10.RELEASE/spring-jdbc-4.3.10.RELEASE.jar
7f1dc312a000-7f1dc312b000 r--s 0000a000 08:01 3663                       /home/meli/.m2/repository/org/apache/tomcat/tomcat-juli/8.5.16/tomcat-juli-8.5.16.jar
7f1dc312b000-7f1dc312e000 r--s 00021000 08:01 3661                       /home/meli/.m2/repository/org/apache/tomcat/tomcat-jdbc/8.5.16/tomcat-jdbc-8.5.16.jar
7f1dc312e000-7f1dc312f000 r--s 00000000 08:01 3659                       /home/meli/.m2/repository/org/springframework/boot/spring-boot-starter-jdbc/1.5.6.RELEASE/spring-boot-starter-jdbc-1.5.6.RELEASE.jar
7f1dc312f000-7f1dc3147000 r--s 001bf000 08:01 3611                       /home/meli/.m2/repository/org/aspectj/aspectjweaver/1.8.10/aspectjweaver-1.8.10.jar
7f1dc3147000-7f1dc3148000 r--s 00000000 08:01 3657                       /home/meli/.m2/repository/org/springframework/boot/spring-boot-starter-aop/1.5.6.RELEASE/spring-boot-starter-aop-1.5.6.RELEASE.jar
7f1dc3148000-7f1dc314e000 r--s 00047000 08:01 952103                     /home/meli/.m2/repository/org/jsoup/jsoup/1.8.3/jsoup-1.8.3.jar
7f1dc314e000-7f1dc3155000 r--s 0003f000 08:01 673347                     /home/meli/.m2/repository/commons-codec/commons-codec/1.10/commons-codec-1.10.jar
7f1dc3155000-7f1dc315d000 r--s 00048000 08:01 1211337                    /home/meli/.m2/repository/org/apache/httpcomponents/httpcore/4.4.6/httpcore-4.4.6.jar
7f1dc315d000-7f1dc316a000 r--s 000a7000 08:01 947789                     /home/meli/.m2/repository/org/apache/httpcomponents/httpclient/4.5.2/httpclient-4.5.2.jar
7f1dc316a000-7f1dc3181000 r--s 000fc000 08:01 946595                     /home/meli/.m2/repository/org/springframework/spring-core/4.3.10.RELEASE/spring-core-4.3.10.RELEASE.jar
7f1dc3181000-7f1dc3183000 r--s 00009000 08:01 930462                     /home/meli/.m2/repository/org/slf4j/slf4j-api/1.7.25/slf4j-api-1.7.25.jar
7f1dc3183000-7f1dc3188000 r--s 0003c000 08:01 1342847                    /home/meli/.m2/repository/org/springframework/spring-expression/4.3.10.RELEASE/spring-expression-4.3.10.RELEASE.jar
7f1dc3188000-7f1dc3199000 r--s 000cf000 08:01 946591                     /home/meli/.m2/repository/org/springframework/spring-webmvc/4.3.10.RELEASE/spring-webmvc-4.3.10.RELEASE.jar
7f1dc3199000-7f1dc31b2000 r--s 000fe000 08:01 946589                     /home/meli/.m2/repository/org/springframework/spring-context/4.3.10.RELEASE/spring-context-4.3.10.RELEASE.jar
7f1dc31b2000-7f1dc31c0000 r--s 000ad000 08:01 1211222                    /home/meli/.m2/repository/org/springframework/spring-beans/4.3.10.RELEASE/spring-beans-4.3.10.RELEASE.jar
7f1dc31c0000-7f1dc31c9000 r--s 00054000 08:01 1194042                    /home/meli/.m2/repository/org/springframework/spring-aop/4.3.10.RELEASE/spring-aop-4.3.10.RELEASE.jar
7f1dc31c9000-7f1dc31da000 r--s 000b8000 08:01 946587                     /home/meli/.m2/repository/org/springframework/spring-web/4.3.10.RELEASE/spring-web-4.3.10.RELEASE.jar
7f1dc31da000-7f1dc31de000 r--s 00042000 08:01 946585                     /home/meli/.m2/repository/com/fasterxml/jackson/core/jackson-core/2.8.9/jackson-core-2.8.9.jar
7f1dc31de000-7f1dc31e1000 r--s 0000b000 08:01 946583                     /home/meli/.m2/repository/com/fasterxml/jackson/core/jackson-annotations/2.8.0/jackson-annotations-2.8.0.jar
7f1dc31e1000-7f1dc31f3000 r--s 0011e000 08:01 946581                     /home/meli/.m2/repository/com/fasterxml/jackson/core/jackson-databind/2.8.9/jackson-databind-2.8.9.jar
7f1dc31f3000-7f1dc31f7000 r--s 0000c000 08:01 1342845                    /home/meli/.m2/repository/javax/validation/validation-api/1.1.0.Final/validation-api-1.1.0.Final.jar
7f1dc31f7000-7f1dc3208000 r--s 000a1000 08:01 946577                     /home/meli/.m2/repository/org/hibernate/hibernate-validator/5.3.5.Final/hibernate-validator-5.3.5.Final.jar
7f1dc3208000-7f1dc3231000 r--s 002c2000 08:01 946571                     /home/meli/.m2/repository/org/apache/tomcat/embed/tomcat-embed-core/8.5.16/tomcat-embed-core-8.5.16.jar
7f1dc3231000-7f1dc3252000 r--s 000e5000 08:01 1342843                    /home/meli/.m2/repository/org/springframework/boot/spring-boot-autoconfigure/1.5.6.RELEASE/spring-boot-autoconfigure-1.5.6.RELEASE.jar
7f1dc3252000-7f1dc3253000 ---p 00000000 00:00 0 
7f1dc3253000-7f1dc3353000 rw-p 00000000 00:00 0 
7f1dc3353000-7f1dc3356000 ---p 00000000 00:00 0 
7f1dc3356000-7f1dc3454000 rw-p 00000000 00:00 0 
7f1dc3454000-7f1dc3457000 ---p 00000000 00:00 0 
7f1dc3457000-7f1dc3555000 rw-p 00000000 00:00 0 
7f1dc3555000-7f1dc3558000 ---p 00000000 00:00 0 
7f1dc3558000-7f1dc3656000 rw-p 00000000 00:00 0 
7f1dc3656000-7f1dc3659000 ---p 00000000 00:00 0 
7f1dc3659000-7f1dc3757000 rw-p 00000000 00:00 0 
7f1dc3757000-7f1dc375a000 ---p 00000000 00:00 0 
7f1dc375a000-7f1dc3858000 rw-p 00000000 00:00 0 
7f1dc3858000-7f1dc3b30000 r--p 00000000 08:01 1312634                    /usr/lib/locale/locale-archive
7f1dc3b30000-7f1dc3b33000 ---p 00000000 00:00 0 
7f1dc3b33000-7f1dc3c31000 rw-p 00000000 00:00 0 
7f1dc3c31000-7f1dc3c34000 ---p 00000000 00:00 0 
7f1dc3c34000-7f1dc3d32000 rw-p 00000000 00:00 0 
7f1dc3d32000-7f1dc3d33000 ---p 00000000 00:00 0 
7f1dc3d33000-7f1dc8000000 rw-p 00000000 00:00 0 
7f1dc8000000-7f1dc8021000 rw-p 00000000 00:00 0 
7f1dc8021000-7f1dcc000000 ---p 00000000 00:00 0 
7f1dcc000000-7f1dcc021000 rw-p 00000000 00:00 0 
7f1dcc021000-7f1dd0000000 ---p 00000000 00:00 0 
7f1dd0000000-7f1dd0021000 rw-p 00000000 00:00 0 
7f1dd0021000-7f1dd4000000 ---p 00000000 00:00 0 
7f1dd4000000-7f1dd4021000 rw-p 00000000 00:00 0 
7f1dd4021000-7f1dd8000000 ---p 00000000 00:00 0 
7f1dd8000000-7f1dd8001000 r--s 00000000 08:01 3419                       /home/meli/.m2/repository/org/springframework/boot/spring-boot-starter-data-jpa/1.5.6.RELEASE/spring-boot-starter-data-jpa-1.5.6.RELEASE.jar
7f1dd8001000-7f1dd8007000 r--s 00037000 08:01 946575                     /home/meli/.m2/repository/org/apache/tomcat/embed/tomcat-embed-websocket/8.5.16/tomcat-embed-websocket-8.5.16.jar
7f1dd8007000-7f1dd800c000 r--s 00036000 08:01 946573                     /home/meli/.m2/repository/org/apache/tomcat/embed/tomcat-embed-el/8.5.16/tomcat-embed-el-8.5.16.jar
7f1dd800c000-7f1dd8452000 rw-p 00000000 00:00 0 
7f1dd8452000-7f1dd862b000 r--s 03d40000 08:01 287660                     /opt/jdk1.8.0_131/jre/lib/rt.jar
7f1dd862b000-7f1dd8913000 rw-p 00000000 00:00 0 
7f1dd8913000-7f1dd8914000 ---p 00000000 00:00 0 
7f1dd8914000-7f1dd8a14000 rw-p 00000000 00:00 0 
7f1dd8a14000-7f1dd8a15000 ---p 00000000 00:00 0 
7f1dd8a15000-7f1dd8b15000 rw-p 00000000 00:00 0 
7f1dd8b15000-7f1dd8b16000 ---p 00000000 00:00 0 
7f1dd8b16000-7f1dd8c16000 rw-p 00000000 00:00 0 
7f1dd8c16000-7f1dd8c17000 ---p 00000000 00:00 0 
7f1dd8c17000-7f1dd8d90000 rw-p 00000000 00:00 0 
7f1dd8d90000-7f1dd8f07000 ---p 00000000 00:00 0 
7f1dd8f07000-7f1dd8fff000 rw-p 00000000 00:00 0 
7f1dd8fff000-7f1dd9000000 rw-p 00000000 00:00 0 
7f1dd9000000-7f1dda360000 rwxp 00000000 00:00 0 
7f1dda360000-7f1de8000000 ---p 00000000 00:00 0 
7f1de8000000-7f1de9321000 rw-p 00000000 00:00 0 
7f1de9321000-7f1dec000000 ---p 00000000 00:00 0 
7f1dec000000-7f1dec003000 r--s 0000e000 08:01 1603882                    /home/meli/.m2/repository/org/jboss/logging/jboss-logging/3.3.1.Final/jboss-logging-3.3.1.Final.jar
7f1dec003000-7f1dec009000 r--s 0003d000 08:01 930460                     /home/meli/.m2/repository/org/yaml/snakeyaml/1.17/snakeyaml-1.17.jar
7f1dec009000-7f1dec147000 rw-p 00000000 00:00 0 
7f1dec147000-7f1dec2be000 ---p 00000000 00:00 0 
7f1dec2be000-7f1dec30c000 rw-p 00000000 00:00 0 
7f1dec30c000-7f1dec67e000 ---p 00000000 00:00 0 
7f1dec67e000-7f1dec698000 r-xp 00000000 08:01 287744                     /opt/jdk1.8.0_131/jre/lib/amd64/libzip.so
7f1dec698000-7f1dec898000 ---p 0001a000 08:01 287744                     /opt/jdk1.8.0_131/jre/lib/amd64/libzip.so
7f1dec898000-7f1dec899000 rw-p 0001a000 08:01 287744                     /opt/jdk1.8.0_131/jre/lib/amd64/libzip.so
7f1dec899000-7f1dec8a4000 r-xp 00000000 08:01 1055457                    /lib/x86_64-linux-gnu/libnss_files-2.23.so
7f1dec8a4000-7f1decaa3000 ---p 0000b000 08:01 1055457                    /lib/x86_64-linux-gnu/libnss_files-2.23.so
7f1decaa3000-7f1decaa4000 r--p 0000a000 08:01 1055457                    /lib/x86_64-linux-gnu/libnss_files-2.23.so
7f1decaa4000-7f1decaa5000 rw-p 0000b000 08:01 1055457                    /lib/x86_64-linux-gnu/libnss_files-2.23.so
7f1decaa5000-7f1decaab000 rw-p 00000000 00:00 0 
7f1decaab000-7f1decab6000 r-xp 00000000 08:01 1055450                    /lib/x86_64-linux-gnu/libnss_nis-2.23.so
7f1decab6000-7f1deccb5000 ---p 0000b000 08:01 1055450                    /lib/x86_64-linux-gnu/libnss_nis-2.23.so
7f1deccb5000-7f1deccb6000 r--p 0000a000 08:01 1055450                    /lib/x86_64-linux-gnu/libnss_nis-2.23.so
7f1deccb6000-7f1deccb7000 rw-p 0000b000 08:01 1055450                    /lib/x86_64-linux-gnu/libnss_nis-2.23.so
7f1deccb7000-7f1decccd000 r-xp 00000000 08:01 1055452                    /lib/x86_64-linux-gnu/libnsl-2.23.so
7f1decccd000-7f1dececc000 ---p 00016000 08:01 1055452                    /lib/x86_64-linux-gnu/libnsl-2.23.so
7f1dececc000-7f1dececd000 r--p 00015000 08:01 1055452                    /lib/x86_64-linux-gnu/libnsl-2.23.so
7f1dececd000-7f1decece000 rw-p 00016000 08:01 1055452                    /lib/x86_64-linux-gnu/libnsl-2.23.so
7f1decece000-7f1deced0000 rw-p 00000000 00:00 0 
7f1deced0000-7f1deced8000 r-xp 00000000 08:01 1055459                    /lib/x86_64-linux-gnu/libnss_compat-2.23.so
7f1deced8000-7f1ded0d7000 ---p 00008000 08:01 1055459                    /lib/x86_64-linux-gnu/libnss_compat-2.23.so
7f1ded0d7000-7f1ded0d8000 r--p 00007000 08:01 1055459                    /lib/x86_64-linux-gnu/libnss_compat-2.23.so
7f1ded0d8000-7f1ded0d9000 rw-p 00008000 08:01 1055459                    /lib/x86_64-linux-gnu/libnss_compat-2.23.so
7f1ded0d9000-7f1ded104000 r-xp 00000000 08:01 287738                     /opt/jdk1.8.0_131/jre/lib/amd64/libjava.so
7f1ded104000-7f1ded303000 ---p 0002b000 08:01 287738                     /opt/jdk1.8.0_131/jre/lib/amd64/libjava.so
7f1ded303000-7f1ded305000 rw-p 0002a000 08:01 287738                     /opt/jdk1.8.0_131/jre/lib/amd64/libjava.so
7f1ded305000-7f1ded312000 r-xp 00000000 08:01 287743                     /opt/jdk1.8.0_131/jre/lib/amd64/libverify.so
7f1ded312000-7f1ded511000 ---p 0000d000 08:01 287743                     /opt/jdk1.8.0_131/jre/lib/amd64/libverify.so
7f1ded511000-7f1ded513000 rw-p 0000c000 08:01 287743                     /opt/jdk1.8.0_131/jre/lib/amd64/libverify.so
7f1ded513000-7f1ded51a000 r-xp 00000000 08:01 1055460                    /lib/x86_64-linux-gnu/librt-2.23.so
7f1ded51a000-7f1ded719000 ---p 00007000 08:01 1055460                    /lib/x86_64-linux-gnu/librt-2.23.so
7f1ded719000-7f1ded71a000 r--p 00006000 08:01 1055460                    /lib/x86_64-linux-gnu/librt-2.23.so
7f1ded71a000-7f1ded71b000 rw-p 00007000 08:01 1055460                    /lib/x86_64-linux-gnu/librt-2.23.so
7f1ded71b000-7f1ded823000 r-xp 00000000 08:01 1055451                    /lib/x86_64-linux-gnu/libm-2.23.so
7f1ded823000-7f1deda22000 ---p 00108000 08:01 1055451                    /lib/x86_64-linux-gnu/libm-2.23.so
7f1deda22000-7f1deda23000 r--p 00107000 08:01 1055451                    /lib/x86_64-linux-gnu/libm-2.23.so
7f1deda23000-7f1deda24000 rw-p 00108000 08:01 1055451                    /lib/x86_64-linux-gnu/libm-2.23.so
7f1deda24000-7f1dee6f3000 r-xp 00000000 08:01 550843                     /opt/jdk1.8.0_131/jre/lib/amd64/server/libjvm.so
7f1dee6f3000-7f1dee8f3000 ---p 00ccf000 08:01 550843                     /opt/jdk1.8.0_131/jre/lib/amd64/server/libjvm.so
7f1dee8f3000-7f1dee9cc000 rw-p 00ccf000 08:01 550843                     /opt/jdk1.8.0_131/jre/lib/amd64/server/libjvm.so
7f1dee9cc000-7f1deea17000 rw-p 00000000 00:00 0 
7f1deea17000-7f1deebd6000 r-xp 00000000 08:01 1055453                    /lib/x86_64-linux-gnu/libc-2.23.so
7f1deebd6000-7f1deedd6000 ---p 001bf000 08:01 1055453                    /lib/x86_64-linux-gnu/libc-2.23.so
7f1deedd6000-7f1deedda000 r--p 001bf000 08:01 1055453                    /lib/x86_64-linux-gnu/libc-2.23.so
7f1deedda000-7f1deeddc000 rw-p 001c3000 08:01 1055453                    /lib/x86_64-linux-gnu/libc-2.23.so
7f1deeddc000-7f1deede0000 rw-p 00000000 00:00 0 
7f1deede0000-7f1deede3000 r-xp 00000000 08:01 1055449                    /lib/x86_64-linux-gnu/libdl-2.23.so
7f1deede3000-7f1deefe2000 ---p 00003000 08:01 1055449                    /lib/x86_64-linux-gnu/libdl-2.23.so
7f1deefe2000-7f1deefe3000 r--p 00002000 08:01 1055449                    /lib/x86_64-linux-gnu/libdl-2.23.so
7f1deefe3000-7f1deefe4000 rw-p 00003000 08:01 1055449                    /lib/x86_64-linux-gnu/libdl-2.23.so
7f1deefe4000-7f1deeff9000 r-xp 00000000 08:01 287478                     /opt/jdk1.8.0_131/lib/amd64/jli/libjli.so
7f1deeff9000-7f1def1f9000 ---p 00015000 08:01 287478                     /opt/jdk1.8.0_131/lib/amd64/jli/libjli.so
7f1def1f9000-7f1def1fa000 rw-p 00015000 08:01 287478                     /opt/jdk1.8.0_131/lib/amd64/jli/libjli.so
7f1def1fa000-7f1def212000 r-xp 00000000 08:01 1055464                    /lib/x86_64-linux-gnu/libpthread-2.23.so
7f1def212000-7f1def411000 ---p 00018000 08:01 1055464                    /lib/x86_64-linux-gnu/libpthread-2.23.so
7f1def411000-7f1def412000 r--p 00017000 08:01 1055464                    /lib/x86_64-linux-gnu/libpthread-2.23.so
7f1def412000-7f1def413000 rw-p 00018000 08:01 1055464                    /lib/x86_64-linux-gnu/libpthread-2.23.so
7f1def413000-7f1def417000 rw-p 00000000 00:00 0 
7f1def417000-7f1def43d000 r-xp 00000000 08:01 1055454                    /lib/x86_64-linux-gnu/ld-2.23.so
7f1def43d000-7f1def43f000 r--s 0000e000 08:01 946579                     /home/meli/.m2/repository/com/fasterxml/classmate/1.3.3/classmate-1.3.3.jar
7f1def43f000-7f1def440000 r--s 00000000 08:01 946569                     /home/meli/.m2/repository/org/springframework/boot/spring-boot-starter-tomcat/1.5.6.RELEASE/spring-boot-starter-tomcat-1.5.6.RELEASE.jar
7f1def440000-7f1def442000 r--s 00004000 08:01 930456                     /home/meli/.m2/repository/org/slf4j/log4j-over-slf4j/1.7.25/log4j-over-slf4j-1.7.25.jar
7f1def442000-7f1def44d000 r--s 0006a000 08:01 930450                     /home/meli/.m2/repository/ch/qos/logback/logback-core/1.1.11/logback-core-1.1.11.jar
7f1def44d000-7f1def45d000 r--s 00095000 08:01 946567                     /home/meli/.m2/repository/org/springframework/boot/spring-boot/1.5.6.RELEASE/spring-boot-1.5.6.RELEASE.jar
7f1def45d000-7f1def51f000 rw-p 00000000 00:00 0 
7f1def51f000-7f1def522000 ---p 00000000 00:00 0 
7f1def522000-7f1def624000 rw-p 00000000 00:00 0 
7f1def624000-7f1def626000 r--s 00000000 08:01 930454                     /home/meli/.m2/repository/org/slf4j/jul-to-slf4j/1.7.25/jul-to-slf4j-1.7.25.jar
7f1def626000-7f1def62d000 r--s 00045000 08:01 930448                     /home/meli/.m2/repository/ch/qos/logback/logback-classic/1.1.11/logback-classic-1.1.11.jar
7f1def62d000-7f1def62e000 r--s 00000000 08:01 672719                     /home/meli/.m2/repository/org/springframework/boot/spring-boot-starter-logging/1.5.6.RELEASE/spring-boot-starter-logging-1.5.6.RELEASE.jar
7f1def62e000-7f1def62f000 r--s 00000000 08:01 946565                     /home/meli/.m2/repository/org/springframework/boot/spring-boot-starter/1.5.6.RELEASE/spring-boot-starter-1.5.6.RELEASE.jar
7f1def62f000-7f1def630000 r--s 00000000 08:01 946563                     /home/meli/.m2/repository/org/springframework/boot/spring-boot-starter-web/1.5.6.RELEASE/spring-boot-starter-web-1.5.6.RELEASE.jar
7f1def630000-7f1def638000 rw-s 00000000 08:01 5111850                    /tmp/hsperfdata_meli/17309
7f1def638000-7f1def639000 rw-p 00000000 00:00 0 
7f1def639000-7f1def63a000 ---p 00000000 00:00 0 
7f1def63a000-7f1def63c000 rw-p 00000000 00:00 0 
7f1def63c000-7f1def63d000 r--p 00025000 08:01 1055454                    /lib/x86_64-linux-gnu/ld-2.23.so
7f1def63d000-7f1def63e000 rw-p 00026000 08:01 1055454                    /lib/x86_64-linux-gnu/ld-2.23.so
7f1def63e000-7f1def63f000 rw-p 00000000 00:00 0 
7fff46bf1000-7fff46c13000 rw-p 00000000 00:00 0                          [stack]
7fff46c9e000-7fff46ca0000 r--p 00000000 00:00 0                          [vvar]
7fff46ca0000-7fff46ca2000 r-xp 00000000 00:00 0                          [vdso]
ffffffffff600000-ffffffffff601000 r-xp 00000000 00:00 0                  [vsyscall]

VM Arguments:
jvm_args: -Dfile.encoding=UTF-8 
java_command: com.ni.NiSpiderApplication
java_class_path (initial): /home/meli/eclipse-workspace/NISpider/target/classes:/home/meli/.m2/repository/org/springframework/boot/spring-boot-starter-web/1.5.6.RELEASE/spring-boot-starter-web-1.5.6.RELEASE.jar:/home/meli/.m2/repository/org/springframework/boot/spring-boot-starter/1.5.6.RELEASE/spring-boot-starter-1.5.6.RELEASE.jar:/home/meli/.m2/repository/org/springframework/boot/spring-boot/1.5.6.RELEASE/spring-boot-1.5.6.RELEASE.jar:/home/meli/.m2/repository/org/springframework/boot/spring-boot-autoconfigure/1.5.6.RELEASE/spring-boot-autoconfigure-1.5.6.RELEASE.jar:/home/meli/.m2/repository/org/springframework/boot/spring-boot-starter-logging/1.5.6.RELEASE/spring-boot-starter-logging-1.5.6.RELEASE.jar:/home/meli/.m2/repository/ch/qos/logback/logback-classic/1.1.11/logback-classic-1.1.11.jar:/home/meli/.m2/repository/ch/qos/logback/logback-core/1.1.11/logback-core-1.1.11.jar:/home/meli/.m2/repository/org/slf4j/jul-to-slf4j/1.7.25/jul-to-slf4j-1.7.25.jar:/home/meli/.m2/repository/org/slf4j/log4j-over-slf4j/1.7.25/log4j-over-slf4j-1.7.25.jar:/home/meli/.m2/repository/org/yaml/snakeyaml/1.17/snakeyaml-1.17.jar:/home/meli/.m2/repository/org/springframework/boot/spring-boot-starter-tomcat/1.5.6.RELEASE/spring-boot-starter-tomcat-1.5.6.RELEASE.jar:/home/meli/.m2/repository/org/apache/tomcat/embed/tomcat-embed-core/8.5.16/tomcat-embed-core-8.5.16.jar:/home/meli/.m2/repository/org/apache/tomcat/embed/tomcat-embed-el/8.5.16/tomcat-embed-el-8.5.16.jar:/home/meli/.m2/repository/org/apache/tomcat/embed/tomcat-embed-websocket/8.5.16/tomcat-embed-websocket-8.5.16.jar:/home/meli/.m2/repository/org/hibernate/hibernate-validator/5.3.5.Final/hibernate-validator-5.3.5.Final.jar:/home/meli/.m2/repository/javax/validation/validation-api/1.1.0.Final/validation-api-1.1.0.Final.jar:/home/meli/.m2/repository/org/jboss/logging/jboss-logging/3.3.1.Final/jboss-logging-3.3.1.Final.jar:/home/meli/.m2/repository/com/fasterxml/classmate/1.3.3/classmate-1.3.3.jar:/home/meli/.m2/repository/com/
Launcher Type: SUN_STANDARD

Environment Variables:
JAVA_HOME=/opt/jdk1.8.0_131
CLASSPATH=.:/opt/jdk1.8.0_131
PATH=/home/meli/bin:/home/meli/.local/bin:/opt/jdk1.8.0_131/bin:/usr/local/sbin:/usr/local/bin:/usr/sbin:/usr/bin:/sbin:/bin:/usr/games:/usr/local/games:/snap/bin
SHELL=/bin/bash
DISPLAY=:0

Signal Handlers:
SIGSEGV: [libjvm.so+0xac8af0], sa_mask[0]=11111111011111111101111111111110, sa_flags=SA_RESTART|SA_SIGINFO
SIGBUS: [libjvm.so+0xac8af0], sa_mask[0]=11111111011111111101111111111110, sa_flags=SA_RESTART|SA_SIGINFO
SIGFPE: [libjvm.so+0x921dd0], sa_mask[0]=11111111011111111101111111111110, sa_flags=SA_RESTART|SA_SIGINFO
SIGPIPE: [libjvm.so+0x921dd0], sa_mask[0]=11111111011111111101111111111110, sa_flags=SA_RESTART|SA_SIGINFO
SIGXFSZ: [libjvm.so+0x921dd0], sa_mask[0]=11111111011111111101111111111110, sa_flags=SA_RESTART|SA_SIGINFO
SIGILL: [libjvm.so+0x921dd0], sa_mask[0]=11111111011111111101111111111110, sa_flags=SA_RESTART|SA_SIGINFO
SIGUSR1: SIG_DFL, sa_mask[0]=00000000000000000000000000000000, sa_flags=none
SIGUSR2: [libjvm.so+0x923610], sa_mask[0]=00100000000000000000000000000000, sa_flags=SA_RESTART|SA_SIGINFO
SIGHUP: [libjvm.so+0x924a10], sa_mask[0]=11111111011111111101111111111110, sa_flags=SA_RESTART|SA_SIGINFO
SIGINT: [libjvm.so+0x924a10], sa_mask[0]=11111111011111111101111111111110, sa_flags=SA_RESTART|SA_SIGINFO
SIGTERM: [libjvm.so+0x924a10], sa_mask[0]=11111111011111111101111111111110, sa_flags=SA_RESTART|SA_SIGINFO
SIGQUIT: [libjvm.so+0x924a10], sa_mask[0]=11111111011111111101111111111110, sa_flags=SA_RESTART|SA_SIGINFO


---------------  S Y S T E M  ---------------

OS:DISTRIB_ID=Ubuntu
DISTRIB_RELEASE=16.04
DISTRIB_CODENAME=xenial
DISTRIB_DESCRIPTION="Ubuntu 16.04.2 LTS"

uname:Linux 4.8.0-52-generic #55~16.04.1-Ubuntu SMP Fri Apr 28 14:36:29 UTC 2017 x86_64
libc:glibc 2.23 NPTL 2.23 
rlimit: STACK 8192k, CORE 0k, NPROC 23628, NOFILE 65536, AS infinity
load average:2.19 1.20 0.83

/proc/meminfo:
MemTotal:        6091208 kB
MemFree:          112036 kB
MemAvailable:      32848 kB
Buffers:            3320 kB
Cached:           140368 kB
SwapCached:            0 kB
Active:          5203664 kB
Inactive:         112376 kB
Active(anon):    5173668 kB
Inactive(anon):    77572 kB
Active(file):      29996 kB
Inactive(file):    34804 kB
Unevictable:          32 kB
Mlocked:              32 kB
SwapTotal:             0 kB
SwapFree:              0 kB
Dirty:               100 kB
Writeback:             0 kB
AnonPages:       5172664 kB
Mapped:           110568 kB
Shmem:             78632 kB
Slab:              91312 kB
SReclaimable:      34452 kB
SUnreclaim:        56860 kB
KernelStack:       13392 kB
PageTables:        43912 kB
NFS_Unstable:          0 kB
Bounce:                0 kB
WritebackTmp:          0 kB
CommitLimit:     3045604 kB
Committed_AS:    8635140 kB
VmallocTotal:   34359738367 kB
VmallocUsed:           0 kB
VmallocChunk:          0 kB
HardwareCorrupted:     0 kB
AnonHugePages:   2611200 kB
ShmemHugePages:        0 kB
ShmemPmdMapped:        0 kB
CmaTotal:              0 kB
CmaFree:               0 kB
HugePages_Total:       0
HugePages_Free:        0
HugePages_Rsvd:        0
HugePages_Surp:        0
Hugepagesize:       2048 kB
DirectMap4k:       83776 kB
DirectMap2M:     4110336 kB
DirectMap1G:     4194304 kB


CPU:total 4 (initial active 4) (1 cores per cpu, 1 threads per core) family 6 model 60 stepping 3, cmov, cx8, fxsr, mmx, sse, sse2, sse3, ssse3, sse4.1, sse4.2, popcnt, avx, avx2, aes, clmul, erms, lzcnt, tsc, tscinvbit, bmi1, bmi2

/proc/cpuinfo:
processor	: 0
vendor_id	: GenuineIntel
cpu family	: 6
model		: 60
model name	: Intel(R) Core(TM) i7-4770 CPU @ 3.40GHz
stepping	: 3
microcode	: 0x17
cpu MHz		: 3391.046
cache size	: 8192 KB
physical id	: 0
siblings	: 1
core id		: 0
cpu cores	: 1
apicid		: 0
initial apicid	: 0
fpu		: yes
fpu_exception	: yes
cpuid level	: 13
wp		: yes
flags		: fpu vme de pse tsc msr pae mce cx8 apic sep mtrr pge mca cmov pat pse36 clflush dts mmx fxsr sse sse2 ss syscall nx pdpe1gb rdtscp lm constant_tsc arch_perfmon pebs bts nopl xtopology tsc_reliable nonstop_tsc aperfmperf eagerfpu pni pclmulqdq ssse3 fma cx16 pcid sse4_1 sse4_2 x2apic movbe popcnt tsc_deadline_timer aes xsave avx f16c rdrand hypervisor lahf_lm abm epb fsgsbase tsc_adjust bmi1 avx2 smep bmi2 invpcid xsaveopt dtherm ida arat pln pts
bugs		:
bogomips	: 6784.37
clflush size	: 64
cache_alignment	: 64
address sizes	: 42 bits physical, 48 bits virtual
power management:

processor	: 1
vendor_id	: GenuineIntel
cpu family	: 6
model		: 60
model name	: Intel(R) Core(TM) i7-4770 CPU @ 3.40GHz
stepping	: 3
microcode	: 0x17
cpu MHz		: 3391.046
cache size	: 8192 KB
physical id	: 2
siblings	: 1
core id		: 0
cpu cores	: 1
apicid		: 2
initial apicid	: 2
fpu		: yes
fpu_exception	: yes
cpuid level	: 13
wp		: yes
flags		: fpu vme de pse tsc msr pae mce cx8 apic sep mtrr pge mca cmov pat pse36 clflush dts mmx fxsr sse sse2 ss syscall nx pdpe1gb rdtscp lm constant_tsc arch_perfmon pebs bts nopl xtopology tsc_reliable nonstop_tsc aperfmperf eagerfpu pni pclmulqdq ssse3 fma cx16 pcid sse4_1 sse4_2 x2apic movbe popcnt tsc_deadline_timer aes xsave avx f16c rdrand hypervisor lahf_lm abm epb fsgsbase tsc_adjust bmi1 avx2 smep bmi2 invpcid xsaveopt dtherm ida arat pln pts
bugs		:
bogomips	: 6784.37
clflush size	: 64
cache_alignment	: 64
address sizes	: 42 bits physical, 48 bits virtual
power management:

processor	: 2
vendor_id	: GenuineIntel
cpu family	: 6
model		: 60
model name	: Intel(R) Core(TM) i7-4770 CPU @ 3.40GHz
stepping	: 3
microcode	: 0x17
cpu MHz		: 3391.046
cache size	: 8192 KB
physical id	: 4
siblings	: 1
core id		: 0
cpu cores	: 1
apicid		: 4
initial apicid	: 4
fpu		: yes
fpu_exception	: yes
cpuid level	: 13
wp		: yes
flags		: fpu vme de pse tsc msr pae mce cx8 apic sep mtrr pge mca cmov pat pse36 clflush dts mmx fxsr sse sse2 ss syscall nx pdpe1gb rdtscp lm constant_tsc arch_perfmon pebs bts nopl xtopology tsc_reliable nonstop_tsc aperfmperf eagerfpu pni pclmulqdq ssse3 fma cx16 pcid sse4_1 sse4_2 x2apic movbe popcnt tsc_deadline_timer aes xsave avx f16c rdrand hypervisor lahf_lm abm epb fsgsbase tsc_adjust bmi1 avx2 smep bmi2 invpcid xsaveopt dtherm ida arat pln pts
bugs		:
bogomips	: 6784.37
clflush size	: 64
cache_alignment	: 64
address sizes	: 42 bits physical, 48 bits virtual
power management:

processor	: 3
vendor_id	: GenuineIntel
cpu family	: 6
model		: 60
model name	: Intel(R) Core(TM) i7-4770 CPU @ 3.40GHz
stepping	: 3
microcode	: 0x17
cpu MHz		: 3391.046
cache size	: 8192 KB
physical id	: 6
siblings	: 1
core id		: 0
cpu cores	: 1
apicid		: 6
initial apicid	: 6
fpu		: yes
fpu_exception	: yes
cpuid level	: 13
wp		: yes
flags		: fpu vme de pse tsc msr pae mce cx8 apic sep mtrr pge mca cmov pat pse36 clflush dts mmx fxsr sse sse2 ss syscall nx pdpe1gb rdtscp lm constant_tsc arch_perfmon pebs bts nopl xtopology tsc_reliable nonstop_tsc aperfmperf eagerfpu pni pclmulqdq ssse3 fma cx16 pcid sse4_1 sse4_2 x2apic movbe popcnt tsc_deadline_timer aes xsave avx f16c rdrand hypervisor lahf_lm abm epb fsgsbase tsc_adjust bmi1 avx2 smep bmi2 invpcid xsaveopt dtherm ida arat pln pts
bugs		:
bogomips	: 6784.37
clflush size	: 64
cache_alignment	: 64
address sizes	: 42 bits physical, 48 bits virtual
power management:



Memory: 4k page, physical 6091208k(112036k free), swap 0k(0k free)

vm_info: Java HotSpot(TM) 64-Bit Server VM (25.131-b11) for linux-amd64 JRE (1.8.0_131-b11), built on Mar 15 2017 01:23:40 by "java_re" with gcc 4.3.0 20080428 (Red Hat 4.3.0-8)

time: Thu Sep 21 17:36:03 2017
elapsed time: 69 seconds (0d 0h 1m 9s)

