#
# There is insufficient memory for the Java Runtime Environment to continue.
# Native memory allocation (mmap) failed to map 37748736 bytes for committing reserved memory.
# Possible reasons:
#   The system is out of physical RAM or swap space
#   In 32 bit mode, the process size limit was hit
# Possible solutions:
#   Reduce memory load on the system
#   Increase physical memory or swap space
#   Check if swap backing store is full
#   Use 64 bit Java on a 64 bit OS
#   Decrease Java heap size (-Xmx/-Xms)
#   Decrease number of Java threads
#   Decrease Java thread stack sizes (-Xss)
#   Set larger code cache with -XX:ReservedCodeCacheSize=
# This output file may be truncated or incomplete.
#
#  Out of Memory Error (os_linux.cpp:2640), pid=2370, tid=0x00007fe1582fa700
#
# JRE version: Java(TM) SE Runtime Environment (8.0_131-b11) (build 1.8.0_131-b11)
# Java VM: Java HotSpot(TM) 64-Bit Server VM (25.131-b11 mixed mode linux-amd64 compressed oops)
# Failed to write core dump. Core dumps have been disabled. To enable core dumping, try "ulimit -c unlimited" before starting Java again
#

---------------  T H R E A D  ---------------

Current thread (0x00007fe168076000):  VMThread [stack: 0x00007fe1581fa000,0x00007fe1582fb000] [id=2397]

Stack: [0x00007fe1581fa000,0x00007fe1582fb000],  sp=0x00007fe1582f9320,  free space=1020k
Native frames: (J=compiled Java code, j=interpreted, Vv=VM code, C=native code)
V  [libjvm.so+0xac826a]  VMError::report_and_die()+0x2ba
V  [libjvm.so+0x4fd4cb]  report_vm_out_of_memory(char const*, int, unsigned long, VMErrorType, char const*)+0x8b
V  [libjvm.so+0x924f53]  os::Linux::commit_memory_impl(char*, unsigned long, bool)+0x103
V  [libjvm.so+0x9254a9]  os::pd_commit_memory(char*, unsigned long, unsigned long, bool)+0x29
V  [libjvm.so+0x91f6ca]  os::commit_memory(char*, unsigned long, unsigned long, bool)+0x2a
V  [libjvm.so+0x9941e3]  PSVirtualSpace::expand_by(unsigned long)+0x53
V  [libjvm.so+0x9955e8]  PSYoungGen::resize_generation(unsigned long, unsigned long)+0xf8
V  [libjvm.so+0x994742]  PSYoungGen::resize(unsigned long, unsigned long)+0x22
V  [libjvm.so+0x991a1b]  PSScavenge::invoke_no_policy()+0xf3b
V  [libjvm.so+0x9921a1]  PSScavenge::invoke()+0x41
V  [libjvm.so+0x948f00]  ParallelScavengeHeap::failed_mem_allocate(unsigned long)+0x70
V  [libjvm.so+0xac9c87]  VM_ParallelGCFailedAllocation::doit()+0x97
V  [libjvm.so+0xad1765]  VM_Operation::evaluate()+0x55
V  [libjvm.so+0xacfb3a]  VMThread::evaluate_operation(VM_Operation*)+0xba
V  [libjvm.so+0xacfebe]  VMThread::loop()+0x1ce
V  [libjvm.so+0xad0330]  VMThread::run()+0x70
V  [libjvm.so+0x927568]  java_start(Thread*)+0x108

VM_Operation (0x00007fe170eb3c70): ParallelGCFailedAllocation, mode: safepoint, requested by thread 0x00007fe16800c800


---------------  P R O C E S S  ---------------

Java Threads: ( => current thread )
  0x00007fe1684b7000 JavaThread "background-preinit" [_thread_blocked, id=2423, stack(0x00007fe14ae4e000,0x00007fe14af4f000)]
  0x00007fe1680bc800 JavaThread "Service Thread" daemon [_thread_blocked, id=2415, stack(0x00007fe14b823000,0x00007fe14b924000)]
  0x00007fe1680b9800 JavaThread "C1 CompilerThread1" daemon [_thread_blocked, id=2413, stack(0x00007fe14b924000,0x00007fe14ba25000)]
  0x00007fe1680b6800 JavaThread "C2 CompilerThread0" daemon [_thread_blocked, id=2412, stack(0x00007fe14ba25000,0x00007fe14bb26000)]
  0x00007fe1680b5000 JavaThread "Signal Dispatcher" daemon [_thread_blocked, id=2410, stack(0x00007fe14bb26000,0x00007fe14bc27000)]
  0x00007fe168082800 JavaThread "Finalizer" daemon [_thread_blocked, id=2403, stack(0x00007fe14beff000,0x00007fe14c000000)]
  0x00007fe16807e000 JavaThread "Reference Handler" daemon [_thread_blocked, id=2400, stack(0x00007fe1580f9000,0x00007fe1581fa000)]
  0x00007fe16800c800 JavaThread "main" [_thread_blocked, id=2375, stack(0x00007fe170db6000,0x00007fe170eb7000)]

Other Threads:
=>0x00007fe168076000 VMThread [stack: 0x00007fe1581fa000,0x00007fe1582fb000] [id=2397]
  0x00007fe1680bf800 WatcherThread [stack: 0x00007fe14b722000,0x00007fe14b823000] [id=2418]

VM state:at safepoint (normal execution)

VM Mutex/Monitor currently owned by a thread:  ([mutex/lock_event])
[0x00007fe168008a90] Threads_lock - owner thread: 0x00007fe168076000
[0x00007fe168008f90] Heap_lock - owner thread: 0x00007fe16800c800

Heap:
 PSYoungGen      total 38400K, used 4090K [0x00000000f5b00000, 0x00000000f8500000, 0x0000000100000000)
  eden space 34304K, 0% used [0x00000000f5b00000,0x00000000f5b00000,0x00000000f7c80000)
  from space 4096K, 99% used [0x00000000f7c80000,0x00000000f807eb18,0x00000000f8080000)
  to   space 3584K, 0% used [0x00000000f8080000,0x00000000f8080000,0x00000000f8400000)
 ParOldGen       total 22016K, used 9558K [0x00000000e1000000, 0x00000000e2580000, 0x00000000f5b00000)
  object space 22016K, 43% used [0x00000000e1000000,0x00000000e1955bd0,0x00000000e2580000)
 Metaspace       used 19128K, capacity 19374K, committed 19584K, reserved 1067008K
  class space    used 2308K, capacity 2404K, committed 2432K, reserved 1048576K

Card table byte_map: [0x00007fe16da5c000,0x00007fe16db55000] byte_map_base: 0x00007fe16d354000

Marking Bits: (ParMarkBitMap*) 0x00007fe170280f60
 Begin Bits: [0x00007fe16c8da000, 0x00007fe16d09a000)
 End Bits:   [0x00007fe16d09a000, 0x00007fe16d85a000)

Polling page: 0x00007fe170ed0000

CodeCache: size=245760Kb used=5680Kb max_used=5680Kb free=240079Kb
 bounds [0x00007fe159000000, 0x00007fe159590000, 0x00007fe168000000]
 total_blobs=2022 nmethods=1665 adapters=270
 compilation: enabled

Compilation events (10 events):
Event: 5.869 Thread 0x00007fe1680b9800 nmethod 1665 0x00007fe15958cc10 code [0x00007fe15958cd60, 0x00007fe15958ce70]
Event: 5.869 Thread 0x00007fe1680b9800 1662       3       java.lang.System$2::getEnumConstantsShared (8 bytes)
Event: 5.869 Thread 0x00007fe1680b9800 nmethod 1662 0x00007fe15958ced0 code [0x00007fe15958d040, 0x00007fe15958d348]
Event: 5.869 Thread 0x00007fe1680b9800 1663       3       java.lang.Enum::getDeclaringClass (22 bytes)
Event: 5.869 Thread 0x00007fe1680b9800 nmethod 1663 0x00007fe15958d410 code [0x00007fe15958d580, 0x00007fe15958d888]
Event: 5.869 Thread 0x00007fe1680b9800 1664       3       java.util.EnumSet::getUniverse (10 bytes)
Event: 5.870 Thread 0x00007fe1680b9800 nmethod 1664 0x00007fe15958d950 code [0x00007fe15958dae0, 0x00007fe15958dec8]
Event: 5.870 Thread 0x00007fe1680b9800 1670       1       org.springframework.context.annotation.ConditionEvaluator$ConditionContextImpl::getBeanFactory (5 bytes)
Event: 5.870 Thread 0x00007fe1680b9800 nmethod 1670 0x00007fe15958e050 code [0x00007fe15958e1a0, 0x00007fe15958e2b0]
Event: 6.060 Thread 0x00007fe1680b9800 1671   !   3       org.springframework.core.type.filter.AbstractTypeHierarchyTraversingFilter::match (281 bytes)

GC Heap History (10 events):
Event: 1.939 GC heap after
Heap after GC invocations=2 (full 0):
 PSYoungGen      total 9728K, used 1008K [0x00000000f5b00000, 0x00000000f6e00000, 0x0000000100000000)
  eden space 8704K, 0% used [0x00000000f5b00000,0x00000000f5b00000,0x00000000f6380000)
  from space 1024K, 98% used [0x00000000f6480000,0x00000000f657c010,0x00000000f6580000)
  to   space 1024K, 0% used [0x00000000f6380000,0x00000000f6380000,0x00000000f6480000)
 ParOldGen       total 22016K, used 2295K [0x00000000e1000000, 0x00000000e2580000, 0x00000000f5b00000)
  object space 22016K, 10% used [0x00000000e1000000,0x00000000e123df58,0x00000000e2580000)
 Metaspace       used 7133K, capacity 7306K, committed 7552K, reserved 1056768K
  class space    used 843K, capacity 883K, committed 896K, reserved 1048576K
}
Event: 2.313 GC heap before
{Heap before GC invocations=3 (full 0):
 PSYoungGen      total 9728K, used 9712K [0x00000000f5b00000, 0x00000000f6e00000, 0x0000000100000000)
  eden space 8704K, 100% used [0x00000000f5b00000,0x00000000f6380000,0x00000000f6380000)
  from space 1024K, 98% used [0x00000000f6480000,0x00000000f657c010,0x00000000f6580000)
  to   space 1024K, 0% used [0x00000000f6380000,0x00000000f6380000,0x00000000f6480000)
 ParOldGen       total 22016K, used 2295K [0x00000000e1000000, 0x00000000e2580000, 0x00000000f5b00000)
  object space 22016K, 10% used [0x00000000e1000000,0x00000000e123df58,0x00000000e2580000)
 Metaspace       used 8400K, capacity 8522K, committed 8832K, reserved 1056768K
  class space    used 1036K, capacity 1075K, committed 1152K, reserved 1048576K
Event: 2.316 GC heap after
Heap after GC invocations=3 (full 0):
 PSYoungGen      total 9728K, used 1008K [0x00000000f5b00000, 0x00000000f6e00000, 0x0000000100000000)
  eden space 8704K, 0% used [0x00000000f5b00000,0x00000000f5b00000,0x00000000f6380000)
  from space 1024K, 98% used [0x00000000f6380000,0x00000000f647c010,0x00000000f6480000)
  to   space 1024K, 0% used [0x00000000f6d00000,0x00000000f6d00000,0x00000000f6e00000)
 ParOldGen       total 22016K, used 3336K [0x00000000e1000000, 0x00000000e2580000, 0x00000000f5b00000)
  object space 22016K, 15% used [0x00000000e1000000,0x00000000e1342290,0x00000000e2580000)
 Metaspace       used 8400K, capacity 8522K, committed 8832K, reserved 1056768K
  class space    used 1036K, capacity 1075K, committed 1152K, reserved 1048576K
}
Event: 2.620 GC heap before
{Heap before GC invocations=4 (full 0):
 PSYoungGen      total 9728K, used 9710K [0x00000000f5b00000, 0x00000000f6e00000, 0x0000000100000000)
  eden space 8704K, 99% used [0x00000000f5b00000,0x00000000f637f988,0x00000000f6380000)
  from space 1024K, 98% used [0x00000000f6380000,0x00000000f647c010,0x00000000f6480000)
  to   space 1024K, 0% used [0x00000000f6d00000,0x00000000f6d00000,0x00000000f6e00000)
 ParOldGen       total 22016K, used 3346K [0x00000000e1000000, 0x00000000e2580000, 0x00000000f5b00000)
  object space 22016K, 15% used [0x00000000e1000000,0x00000000e1344970,0x00000000e2580000)
 Metaspace       used 9960K, capacity 10090K, committed 10240K, reserved 1058816K
  class space    used 1218K, capacity 1235K, committed 1280K, reserved 1048576K
Event: 2.624 GC heap after
Heap after GC invocations=4 (full 0):
 PSYoungGen      total 18432K, used 1008K [0x00000000f5b00000, 0x00000000f6e00000, 0x0000000100000000)
  eden space 17408K, 0% used [0x00000000f5b00000,0x00000000f5b00000,0x00000000f6c00000)
  from space 1024K, 98% used [0x00000000f6d00000,0x00000000f6dfc010,0x00000000f6e00000)
  to   space 1024K, 0% used [0x00000000f6c00000,0x00000000f6c00000,0x00000000f6d00000)
 ParOldGen       total 22016K, used 4857K [0x00000000e1000000, 0x00000000e2580000, 0x00000000f5b00000)
  object space 22016K, 22% used [0x00000000e1000000,0x00000000e14be7d8,0x00000000e2580000)
 Metaspace       used 9960K, capacity 10090K, committed 10240K, reserved 1058816K
  class space    used 1218K, capacity 1235K, committed 1280K, reserved 1048576K
}
Event: 3.199 GC heap before
{Heap before GC invocations=5 (full 0):
 PSYoungGen      total 18432K, used 18416K [0x00000000f5b00000, 0x00000000f6e00000, 0x0000000100000000)
  eden space 17408K, 100% used [0x00000000f5b00000,0x00000000f6c00000,0x00000000f6c00000)
  from space 1024K, 98% used [0x00000000f6d00000,0x00000000f6dfc010,0x00000000f6e00000)
  to   space 1024K, 0% used [0x00000000f6c00000,0x00000000f6c00000,0x00000000f6d00000)
 ParOldGen       total 22016K, used 4870K [0x00000000e1000000, 0x00000000e2580000, 0x00000000f5b00000)
  object space 22016K, 22% used [0x00000000e1000000,0x00000000e14c1820,0x00000000e2580000)
 Metaspace       used 12383K, capacity 12464K, committed 12672K, reserved 1060864K
  class space    used 1520K, capacity 1556K, committed 1664K, reserved 1048576K
Event: 3.204 GC heap after
Heap after GC invocations=5 (full 0):
 PSYoungGen      total 18432K, used 1010K [0x00000000f5b00000, 0x00000000f8400000, 0x0000000100000000)
  eden space 17408K, 0% used [0x00000000f5b00000,0x00000000f5b00000,0x00000000f6c00000)
  from space 1024K, 98% used [0x00000000f6c00000,0x00000000f6cfcba0,0x00000000f6d00000)
  to   space 3584K, 0% used [0x00000000f8080000,0x00000000f8080000,0x00000000f8400000)
 ParOldGen       total 22016K, used 7664K [0x00000000e1000000, 0x00000000e2580000, 0x00000000f5b00000)
  object space 22016K, 34% used [0x00000000e1000000,0x00000000e177c230,0x00000000e2580000)
 Metaspace       used 12383K, capacity 12464K, committed 12672K, reserved 1060864K
  class space    used 1520K, capacity 1556K, committed 1664K, reserved 1048576K
}
Event: 3.893 GC heap before
{Heap before GC invocations=6 (full 0):
 PSYoungGen      total 18432K, used 18418K [0x00000000f5b00000, 0x00000000f8400000, 0x0000000100000000)
  eden space 17408K, 100% used [0x00000000f5b00000,0x00000000f6c00000,0x00000000f6c00000)
  from space 1024K, 98% used [0x00000000f6c00000,0x00000000f6cfcba0,0x00000000f6d00000)
  to   space 3584K, 0% used [0x00000000f8080000,0x00000000f8080000,0x00000000f8400000)
 ParOldGen       total 22016K, used 7664K [0x00000000e1000000, 0x00000000e2580000, 0x00000000f5b00000)
  object space 22016K, 34% used [0x00000000e1000000,0x00000000e177c230,0x00000000e2580000)
 Metaspace       used 15068K, capacity 15246K, committed 15488K, reserved 1062912K
  class space    used 1822K, capacity 1865K, committed 1920K, reserved 1048576K
Event: 3.913 GC heap after
Heap after GC invocations=6 (full 0):
 PSYoungGen      total 37888K, used 3574K [0x00000000f5b00000, 0x00000000f8500000, 0x0000000100000000)
  eden space 34304K, 0% used [0x00000000f5b00000,0x00000000f5b00000,0x00000000f7c80000)
  from space 3584K, 99% used [0x00000000f8080000,0x00000000f83fdaf0,0x00000000f8400000)
  to   space 4096K, 0% used [0x00000000f7c80000,0x00000000f7c80000,0x00000000f8080000)
 ParOldGen       total 22016K, used 7724K [0x00000000e1000000, 0x00000000e2580000, 0x00000000f5b00000)
  object space 22016K, 35% used [0x00000000e1000000,0x00000000e178b280,0x00000000e2580000)
 Metaspace       used 15068K, capacity 15246K, committed 15488K, reserved 1062912K
  class space    used 1822K, capacity 1865K, committed 1920K, reserved 1048576K
}
Event: 6.241 GC heap before
{Heap before GC invocations=7 (full 0):
 PSYoungGen      total 37888K, used 37878K [0x00000000f5b00000, 0x00000000f8500000, 0x0000000100000000)
  eden space 34304K, 100% used [0x00000000f5b00000,0x00000000f7c80000,0x00000000f7c80000)
  from space 3584K, 99% used [0x00000000f8080000,0x00000000f83fdaf0,0x00000000f8400000)
  to   space 4096K, 0% used [0x00000000f7c80000,0x00000000f7c80000,0x00000000f8080000)
 ParOldGen       total 22016K, used 7724K [0x00000000e1000000, 0x00000000e2580000, 0x00000000f5b00000)
  object space 22016K, 35% used [0x00000000e1000000,0x00000000e178b280,0x00000000e2580000)
 Metaspace       used 19128K, capacity 19374K, committed 19584K, reserved 1067008K
  class space    used 2308K, capacity 2404K, committed 2432K, reserved 1048576K

Deoptimization events (10 events):
Event: 3.100 Thread 0x00007fe16800c800 Uncommon trap: reason=bimorphic action=maybe_recompile pc=0x00007fe1592c2cfc method=java.util.HashMap.putVal(ILjava/lang/Object;Ljava/lang/Object;ZZ)Ljava/lang/Object; @ 253
Event: 3.121 Thread 0x00007fe16800c800 Uncommon trap: reason=bimorphic action=maybe_recompile pc=0x00007fe1592c2cfc method=java.util.HashMap.putVal(ILjava/lang/Object;Ljava/lang/Object;ZZ)Ljava/lang/Object; @ 253
Event: 3.121 Thread 0x00007fe16800c800 Uncommon trap: reason=bimorphic action=maybe_recompile pc=0x00007fe1592c2cfc method=java.util.HashMap.putVal(ILjava/lang/Object;Ljava/lang/Object;ZZ)Ljava/lang/Object; @ 253
Event: 3.121 Thread 0x00007fe16800c800 Uncommon trap: reason=bimorphic action=maybe_recompile pc=0x00007fe1592c2cfc method=java.util.HashMap.putVal(ILjava/lang/Object;Ljava/lang/Object;ZZ)Ljava/lang/Object; @ 253
Event: 3.280 Thread 0x00007fe1684b7000 Uncommon trap: reason=unstable_if action=reinterpret pc=0x00007fe1592efed4 method=java.util.Properties$LineReader.readLine()I @ 252
Event: 3.281 Thread 0x00007fe1684b7000 Uncommon trap: reason=unstable_if action=reinterpret pc=0x00007fe159281d14 method=java.util.Properties$LineReader.readLine()I @ 252
Event: 4.387 Thread 0x00007fe1684b7000 Uncommon trap: reason=class_check action=maybe_recompile pc=0x00007fe1592d08fc method=java.util.regex.Matcher.search(I)Z @ 86
Event: 4.431 Thread 0x00007fe1684b7000 Uncommon trap: reason=unstable_if action=reinterpret pc=0x00007fe1591d158c method=sun.misc.MetaIndex.mayContain(Ljava/lang/String;)Z @ 38
Event: 5.046 Thread 0x00007fe1684b7000 Uncommon trap: reason=predicate action=maybe_recompile pc=0x00007fe15933e8c4 method=java.lang.String.regionMatches(ZILjava/lang/String;II)Z @ 63
Event: 5.574 Thread 0x00007fe1684b7000 Uncommon trap: reason=unstable_if action=reinterpret pc=0x00007fe1592d2f70 method=java.util.HashMap.hash(Ljava/lang/Object;)I @ 1

Internal exceptions (10 events):
Event: 3.318 Thread 0x00007fe16800c800 Exception <a 'java/lang/ClassNotFoundException': java/lang/ObjectCustomizer> (0x00000000f5f8cb08) thrown at [/HUDSON/workspace/8-2-build-linux-amd64/jdk8u131/8869/hotspot/src/share/vm/classfile/systemDictionary.cpp, line 210]
Event: 3.339 Thread 0x00007fe16800c800 Exception <a 'java/lang/ClassNotFoundException': org/springframework/context/annotation/ConfigurationClassPostProcessorCustomizer> (0x00000000f5fa5008) thrown at [/HUDSON/workspace/8-2-build-linux-amd64/jdk8u131/8869/hotspot/src/share/vm/classfile/systemD
Event: 3.341 Thread 0x00007fe16800c800 Exception <a 'java/lang/ClassNotFoundException': org/springframework/beans/factory/support/BeanDefinitionRegistryPostProcessorCustomizer> (0x00000000f5fd94b0) thrown at [/HUDSON/workspace/8-2-build-linux-amd64/jdk8u131/8869/hotspot/src/share/vm/classfile/
Event: 3.341 Thread 0x00007fe16800c800 Exception <a 'java/lang/ClassNotFoundException': org/springframework/core/PriorityOrderedCustomizer> (0x00000000f5fe9440) thrown at [/HUDSON/workspace/8-2-build-linux-amd64/jdk8u131/8869/hotspot/src/share/vm/classfile/systemDictionary.cpp, line 210]
Event: 3.341 Thread 0x00007fe16800c800 Exception <a 'java/lang/ClassNotFoundException': org/springframework/context/ResourceLoaderAwareCustomizer> (0x00000000f5ff9a28) thrown at [/HUDSON/workspace/8-2-build-linux-amd64/jdk8u131/8869/hotspot/src/share/vm/classfile/systemDictionary.cpp, line 210
Event: 3.341 Thread 0x00007fe16800c800 Exception <a 'java/lang/ClassNotFoundException': org/springframework/beans/factory/BeanClassLoaderAwareCustomizer> (0x00000000f600c8a0) thrown at [/HUDSON/workspace/8-2-build-linux-amd64/jdk8u131/8869/hotspot/src/share/vm/classfile/systemDictionary.cpp, l
Event: 3.341 Thread 0x00007fe16800c800 Exception <a 'java/lang/ClassNotFoundException': org/springframework/context/EnvironmentAwareCustomizer> (0x00000000f601daa8) thrown at [/HUDSON/workspace/8-2-build-linux-amd64/jdk8u131/8869/hotspot/src/share/vm/classfile/systemDictionary.cpp, line 210]
Event: 5.002 Thread 0x00007fe1684b7000 Exception <a 'java/lang/NoSuchFieldError': method resolution failed> (0x00000000f75285d8) thrown at [/HUDSON/workspace/8-2-build-linux-amd64/jdk8u131/8869/hotspot/src/share/vm/prims/methodHandles.cpp, line 1146]
Event: 5.011 Thread 0x00007fe1684b7000 Exception <a 'java/lang/NoSuchFieldError': method resolution failed> (0x00000000f7535c98) thrown at [/HUDSON/workspace/8-2-build-linux-amd64/jdk8u131/8869/hotspot/src/share/vm/prims/methodHandles.cpp, line 1146]
Event: 5.444 Thread 0x00007fe1684b7000 Implicit null exception at 0x00007fe1592d2ed8 to 0x00007fe1592d2f66

Events (10 events):
Event: 5.865 loading class org/apache/commons/dbcp2/BasicDataSource
Event: 5.865 loading class org/apache/commons/dbcp2/BasicDataSource done
Event: 5.865 loading class org/apache/commons/dbcp/BasicDataSource
Event: 5.865 loading class org/apache/commons/dbcp/BasicDataSource done
Event: 5.870 loading class com/zaxxer/hikari/HikariDataSource
Event: 5.870 loading class com/zaxxer/hikari/HikariDataSource done
Event: 6.081 loading class com/zaxxer/hikari/HikariDataSource
Event: 6.081 loading class com/zaxxer/hikari/HikariDataSource done
Event: 6.112 loading class java/time/OffsetTime done
Event: 6.140 Executing VM operation: ParallelGCFailedAllocation


Dynamic libraries:
00400000-00401000 r-xp 00000000 08:01 282641                             /opt/jdk1.8.0_131/bin/java
00600000-00601000 rw-p 00000000 08:01 282641                             /opt/jdk1.8.0_131/bin/java
01b5d000-01b7e000 rw-p 00000000 00:00 0                                  [heap]
e1000000-e2580000 rw-p 00000000 00:00 0 
e2580000-f5b00000 ---p 00000000 00:00 0 
f5b00000-f8500000 rw-p 00000000 00:00 0 
fa900000-100000000 ---p 00000000 00:00 0 
100000000-100260000 rw-p 00000000 00:00 0 
100260000-140000000 ---p 00000000 00:00 0 
7fe120000000-7fe120021000 rw-p 00000000 00:00 0 
7fe120021000-7fe124000000 ---p 00000000 00:00 0 
7fe128000000-7fe128021000 rw-p 00000000 00:00 0 
7fe128021000-7fe12c000000 ---p 00000000 00:00 0 
7fe12c000000-7fe12c28e000 rw-p 00000000 00:00 0 
7fe12c28e000-7fe130000000 ---p 00000000 00:00 0 
7fe130000000-7fe1307ed000 rw-p 00000000 00:00 0 
7fe1307ed000-7fe134000000 ---p 00000000 00:00 0 
7fe134000000-7fe134021000 rw-p 00000000 00:00 0 
7fe134021000-7fe138000000 ---p 00000000 00:00 0 
7fe138000000-7fe138021000 rw-p 00000000 00:00 0 
7fe138021000-7fe13c000000 ---p 00000000 00:00 0 
7fe13c000000-7fe13c5a2000 rw-p 00000000 00:00 0 
7fe13c5a2000-7fe140000000 ---p 00000000 00:00 0 
7fe140000000-7fe140021000 rw-p 00000000 00:00 0 
7fe140021000-7fe144000000 ---p 00000000 00:00 0 
7fe144000000-7fe144021000 rw-p 00000000 00:00 0 
7fe144021000-7fe148000000 ---p 00000000 00:00 0 
7fe14a0a6000-7fe14a166000 rw-p 00000000 00:00 0 
7fe14a166000-7fe14a2a6000 ---p 00000000 00:00 0 
7fe14a2a6000-7fe14a33c000 r--s 0110d000 08:01 550746                     /opt/jdk1.8.0_131/jre/lib/ext/jfxrt.jar
7fe14a33c000-7fe14a34d000 r-xp 00000000 08:01 287751                     /opt/jdk1.8.0_131/jre/lib/amd64/libnio.so
7fe14a34d000-7fe14a54c000 ---p 00011000 08:01 287751                     /opt/jdk1.8.0_131/jre/lib/amd64/libnio.so
7fe14a54c000-7fe14a54d000 rw-p 00010000 08:01 287751                     /opt/jdk1.8.0_131/jre/lib/amd64/libnio.so
7fe14a54d000-7fe14a74d000 rw-p 00000000 00:00 0 
7fe14a74d000-7fe14a750000 ---p 00000000 00:00 0 
7fe14a750000-7fe14aa4e000 rw-p 00000000 00:00 0 
7fe14aa4e000-7fe14ac4e000 rw-p 00000000 00:00 0 
7fe14ac4e000-7fe14ae4e000 rw-p 00000000 00:00 0 
7fe14ae4e000-7fe14ae51000 ---p 00000000 00:00 0 
7fe14ae51000-7fe14b250000 rw-p 00000000 00:00 0 
7fe14b250000-7fe14b266000 r-xp 00000000 08:01 287748                     /opt/jdk1.8.0_131/jre/lib/amd64/libnet.so
7fe14b266000-7fe14b466000 ---p 00016000 08:01 287748                     /opt/jdk1.8.0_131/jre/lib/amd64/libnet.so
7fe14b466000-7fe14b467000 rw-p 00016000 08:01 287748                     /opt/jdk1.8.0_131/jre/lib/amd64/libnet.so
7fe14b467000-7fe14b470000 r-xp 00000000 08:01 287756                     /opt/jdk1.8.0_131/jre/lib/amd64/libmanagement.so
7fe14b470000-7fe14b66f000 ---p 00009000 08:01 287756                     /opt/jdk1.8.0_131/jre/lib/amd64/libmanagement.so
7fe14b66f000-7fe14b670000 rw-p 00008000 08:01 287756                     /opt/jdk1.8.0_131/jre/lib/amd64/libmanagement.so
7fe14b670000-7fe14b679000 r--s 000eb000 08:01 2396                       /home/meli/.m2/repository/mysql/mysql-connector-java/5.1.43/mysql-connector-java-5.1.43.jar
7fe14b679000-7fe14b67c000 r--s 0000c000 08:01 3676                       /home/meli/.m2/repository/org/springframework/spring-aspects/4.3.10.RELEASE/spring-aspects-4.3.10.RELEASE.jar
7fe14b67c000-7fe14b67e000 r--s 00003000 08:01 930452                     /home/meli/.m2/repository/org/slf4j/jcl-over-slf4j/1.7.25/jcl-over-slf4j-1.7.25.jar
7fe14b67e000-7fe14b686000 r--s 0003a000 08:01 3674                       /home/meli/.m2/repository/org/springframework/spring-tx/4.3.10.RELEASE/spring-tx-4.3.10.RELEASE.jar
7fe14b686000-7fe14b690000 r--s 0006b000 08:01 3672                       /home/meli/.m2/repository/org/springframework/spring-orm/4.3.10.RELEASE/spring-orm-4.3.10.RELEASE.jar
7fe14b690000-7fe14b6a2000 r--s 000ad000 08:01 3670                       /home/meli/.m2/repository/org/springframework/data/spring-data-commons/1.13.6.RELEASE/spring-data-commons-1.13.6.RELEASE.jar
7fe14b6a2000-7fe14b6a9000 r--s 00040000 08:01 3668                       /home/meli/.m2/repository/org/springframework/data/spring-data-jpa/1.11.6.RELEASE/spring-data-jpa-1.11.6.RELEASE.jar
7fe14b6a9000-7fe14b6b6000 r--s 00089000 08:01 3631                       /home/meli/.m2/repository/org/hibernate/hibernate-entitymanager/5.0.12.Final/hibernate-entitymanager-5.0.12.Final.jar
7fe14b6b6000-7fe14b6b9000 r--s 00010000 08:01 3629                       /home/meli/.m2/repository/org/hibernate/common/hibernate-commons-annotations/5.0.1.Final/hibernate-commons-annotations-5.0.1.Final.jar
7fe14b6b9000-7fe14b722000 r--s 004f3000 08:01 3621                       /home/meli/.m2/repository/org/hibernate/hibernate-core/5.0.12.Final/hibernate-core-5.0.12.Final.jar
7fe14b722000-7fe14b723000 ---p 00000000 00:00 0 
7fe14b723000-7fe14b823000 rw-p 00000000 00:00 0 
7fe14b823000-7fe14b826000 ---p 00000000 00:00 0 
7fe14b826000-7fe14b924000 rw-p 00000000 00:00 0 
7fe14b924000-7fe14b927000 ---p 00000000 00:00 0 
7fe14b927000-7fe14ba25000 rw-p 00000000 00:00 0 
7fe14ba25000-7fe14ba28000 ---p 00000000 00:00 0 
7fe14ba28000-7fe14bb26000 rw-p 00000000 00:00 0 
7fe14bb26000-7fe14bb29000 ---p 00000000 00:00 0 
7fe14bb29000-7fe14bc27000 rw-p 00000000 00:00 0 
7fe14bc27000-7fe14beff000 r--p 00000000 08:01 1312634                    /usr/lib/locale/locale-archive
7fe14beff000-7fe14bf02000 ---p 00000000 00:00 0 
7fe14bf02000-7fe14c000000 rw-p 00000000 00:00 0 
7fe14c000000-7fe14c021000 rw-p 00000000 00:00 0 
7fe14c021000-7fe150000000 ---p 00000000 00:00 0 
7fe150000000-7fe15028d000 rw-p 00000000 00:00 0 
7fe15028d000-7fe154000000 ---p 00000000 00:00 0 
7fe154000000-7fe154021000 rw-p 00000000 00:00 0 
7fe154021000-7fe158000000 ---p 00000000 00:00 0 
7fe158000000-7fe158002000 r--s 00006000 08:01 3633                       /home/meli/.m2/repository/javax/transaction/javax.transaction-api/1.2/javax.transaction-api-1.2.jar
7fe158002000-7fe158007000 r--s 00048000 08:01 820447                     /home/meli/.m2/repository/dom4j/dom4j/1.6.1/dom4j-1.6.1.jar
7fe158007000-7fe15800a000 r--s 0002b000 08:01 3627                       /home/meli/.m2/repository/org/jboss/jandex/2.0.0.Final/jandex-2.0.0.Final.jar
7fe15800a000-7fe15800f000 r--s 00068000 08:01 3625                       /home/meli/.m2/repository/antlr/antlr/2.7.7/antlr-2.7.7.jar
7fe15800f000-7fe158019000 r--s 000aa000 08:01 3168                       /home/meli/.m2/repository/org/javassist/javassist/3.21.0-GA/javassist-3.21.0-GA.jar
7fe158019000-7fe15801e000 r--s 00017000 08:01 3623                       /home/meli/.m2/repository/org/hibernate/javax/persistence/hibernate-jpa-2.1-api/1.0.0.Final/hibernate-jpa-2.1-api-1.0.0.Final.jar
7fe15801e000-7fe158028000 r--s 0005f000 08:01 3665                       /home/meli/.m2/repository/org/springframework/spring-jdbc/4.3.10.RELEASE/spring-jdbc-4.3.10.RELEASE.jar
7fe158028000-7fe158029000 r--s 0000a000 08:01 3663                       /home/meli/.m2/repository/org/apache/tomcat/tomcat-juli/8.5.16/tomcat-juli-8.5.16.jar
7fe158029000-7fe15802c000 r--s 00021000 08:01 3661                       /home/meli/.m2/repository/org/apache/tomcat/tomcat-jdbc/8.5.16/tomcat-jdbc-8.5.16.jar
7fe15802c000-7fe15802d000 r--s 00000000 08:01 3659                       /home/meli/.m2/repository/org/springframework/boot/spring-boot-starter-jdbc/1.5.6.RELEASE/spring-boot-starter-jdbc-1.5.6.RELEASE.jar
7fe15802d000-7fe158045000 r--s 001bf000 08:01 3611                       /home/meli/.m2/repository/org/aspectj/aspectjweaver/1.8.10/aspectjweaver-1.8.10.jar
7fe158045000-7fe158046000 r--s 00000000 08:01 3657                       /home/meli/.m2/repository/org/springframework/boot/spring-boot-starter-aop/1.5.6.RELEASE/spring-boot-starter-aop-1.5.6.RELEASE.jar
7fe158046000-7fe158047000 r--s 00000000 08:01 3419                       /home/meli/.m2/repository/org/springframework/boot/spring-boot-starter-data-jpa/1.5.6.RELEASE/spring-boot-starter-data-jpa-1.5.6.RELEASE.jar
7fe158047000-7fe15804d000 r--s 00047000 08:01 952103                     /home/meli/.m2/repository/org/jsoup/jsoup/1.8.3/jsoup-1.8.3.jar
7fe15804d000-7fe158054000 r--s 0003f000 08:01 673347                     /home/meli/.m2/repository/commons-codec/commons-codec/1.10/commons-codec-1.10.jar
7fe158054000-7fe15805c000 r--s 00048000 08:01 1211337                    /home/meli/.m2/repository/org/apache/httpcomponents/httpcore/4.4.6/httpcore-4.4.6.jar
7fe15805c000-7fe158069000 r--s 000a7000 08:01 947789                     /home/meli/.m2/repository/org/apache/httpcomponents/httpclient/4.5.2/httpclient-4.5.2.jar
7fe158069000-7fe158080000 r--s 000fc000 08:01 946595                     /home/meli/.m2/repository/org/springframework/spring-core/4.3.10.RELEASE/spring-core-4.3.10.RELEASE.jar
7fe158080000-7fe158082000 r--s 00009000 08:01 930462                     /home/meli/.m2/repository/org/slf4j/slf4j-api/1.7.25/slf4j-api-1.7.25.jar
7fe158082000-7fe158087000 r--s 0003c000 08:01 1342847                    /home/meli/.m2/repository/org/springframework/spring-expression/4.3.10.RELEASE/spring-expression-4.3.10.RELEASE.jar
7fe158087000-7fe158098000 r--s 000cf000 08:01 946591                     /home/meli/.m2/repository/org/springframework/spring-webmvc/4.3.10.RELEASE/spring-webmvc-4.3.10.RELEASE.jar
7fe158098000-7fe1580b1000 r--s 000fe000 08:01 946589                     /home/meli/.m2/repository/org/springframework/spring-context/4.3.10.RELEASE/spring-context-4.3.10.RELEASE.jar
7fe1580b1000-7fe1580bf000 r--s 000ad000 08:01 1211222                    /home/meli/.m2/repository/org/springframework/spring-beans/4.3.10.RELEASE/spring-beans-4.3.10.RELEASE.jar
7fe1580bf000-7fe1580c8000 r--s 00054000 08:01 1194042                    /home/meli/.m2/repository/org/springframework/spring-aop/4.3.10.RELEASE/spring-aop-4.3.10.RELEASE.jar
7fe1580c8000-7fe1580d9000 r--s 000b8000 08:01 946587                     /home/meli/.m2/repository/org/springframework/spring-web/4.3.10.RELEASE/spring-web-4.3.10.RELEASE.jar
7fe1580d9000-7fe1580dd000 r--s 00042000 08:01 946585                     /home/meli/.m2/repository/com/fasterxml/jackson/core/jackson-core/2.8.9/jackson-core-2.8.9.jar
7fe1580dd000-7fe1580e0000 r--s 0000b000 08:01 946583                     /home/meli/.m2/repository/com/fasterxml/jackson/core/jackson-annotations/2.8.0/jackson-annotations-2.8.0.jar
7fe1580e0000-7fe1580f2000 r--s 0011e000 08:01 946581                     /home/meli/.m2/repository/com/fasterxml/jackson/core/jackson-databind/2.8.9/jackson-databind-2.8.9.jar
7fe1580f2000-7fe1580f5000 r--s 0000e000 08:01 1603882                    /home/meli/.m2/repository/org/jboss/logging/jboss-logging/3.3.1.Final/jboss-logging-3.3.1.Final.jar
7fe1580f5000-7fe1580f9000 r--s 0000c000 08:01 1342845                    /home/meli/.m2/repository/javax/validation/validation-api/1.1.0.Final/validation-api-1.1.0.Final.jar
7fe1580f9000-7fe1580fc000 ---p 00000000 00:00 0 
7fe1580fc000-7fe1581fa000 rw-p 00000000 00:00 0 
7fe1581fa000-7fe1581fb000 ---p 00000000 00:00 0 
7fe1581fb000-7fe159000000 rw-p 00000000 00:00 0 
7fe159000000-7fe159590000 rwxp 00000000 00:00 0 
7fe159590000-7fe168000000 ---p 00000000 00:00 0 
7fe168000000-7fe168632000 rw-p 00000000 00:00 0 
7fe168632000-7fe16c000000 ---p 00000000 00:00 0 
7fe16c000000-7fe16c002000 r--s 0000e000 08:01 946579                     /home/meli/.m2/repository/com/fasterxml/classmate/1.3.3/classmate-1.3.3.jar
7fe16c002000-7fe16c013000 r--s 000a1000 08:01 946577                     /home/meli/.m2/repository/org/hibernate/hibernate-validator/5.3.5.Final/hibernate-validator-5.3.5.Final.jar
7fe16c013000-7fe16c019000 r--s 00037000 08:01 946575                     /home/meli/.m2/repository/org/apache/tomcat/embed/tomcat-embed-websocket/8.5.16/tomcat-embed-websocket-8.5.16.jar
7fe16c019000-7fe16c01e000 r--s 00036000 08:01 946573                     /home/meli/.m2/repository/org/apache/tomcat/embed/tomcat-embed-el/8.5.16/tomcat-embed-el-8.5.16.jar
7fe16c01e000-7fe16c047000 r--s 002c2000 08:01 946571                     /home/meli/.m2/repository/org/apache/tomcat/embed/tomcat-embed-core/8.5.16/tomcat-embed-core-8.5.16.jar
7fe16c047000-7fe16c04d000 r--s 0003d000 08:01 930460                     /home/meli/.m2/repository/org/yaml/snakeyaml/1.17/snakeyaml-1.17.jar
7fe16c04d000-7fe16c04f000 r--s 00004000 08:01 930456                     /home/meli/.m2/repository/org/slf4j/log4j-over-slf4j/1.7.25/log4j-over-slf4j-1.7.25.jar
7fe16c04f000-7fe16c05a000 r--s 0006a000 08:01 930450                     /home/meli/.m2/repository/ch/qos/logback/logback-core/1.1.11/logback-core-1.1.11.jar
7fe16c05a000-7fe16c061000 r--s 00045000 08:01 930448                     /home/meli/.m2/repository/ch/qos/logback/logback-classic/1.1.11/logback-classic-1.1.11.jar
7fe16c061000-7fe16c082000 r--s 000e5000 08:01 1342843                    /home/meli/.m2/repository/org/springframework/boot/spring-boot-autoconfigure/1.5.6.RELEASE/spring-boot-autoconfigure-1.5.6.RELEASE.jar
7fe16c082000-7fe16c538000 rw-p 00000000 00:00 0 
7fe16c538000-7fe16c711000 r--s 03d40000 08:01 287660                     /opt/jdk1.8.0_131/jre/lib/rt.jar
7fe16c711000-7fe16d85a000 rw-p 00000000 00:00 0 
7fe16d85a000-7fe16d85b000 ---p 00000000 00:00 0 
7fe16d85b000-7fe16d95b000 rw-p 00000000 00:00 0 
7fe16d95b000-7fe16d95c000 ---p 00000000 00:00 0 
7fe16d95c000-7fe16da67000 rw-p 00000000 00:00 0 
7fe16da67000-7fe16db01000 ---p 00000000 00:00 0 
7fe16db01000-7fe16db17000 rw-p 00000000 00:00 0 
7fe16db17000-7fe16db54000 ---p 00000000 00:00 0 
7fe16db54000-7fe16db6c000 rw-p 00000000 00:00 0 
7fe16db6c000-7fe16df15000 ---p 00000000 00:00 0 
7fe16df15000-7fe16df2f000 r-xp 00000000 08:01 287744                     /opt/jdk1.8.0_131/jre/lib/amd64/libzip.so
7fe16df2f000-7fe16e12f000 ---p 0001a000 08:01 287744                     /opt/jdk1.8.0_131/jre/lib/amd64/libzip.so
7fe16e12f000-7fe16e130000 rw-p 0001a000 08:01 287744                     /opt/jdk1.8.0_131/jre/lib/amd64/libzip.so
7fe16e130000-7fe16e13b000 r-xp 00000000 08:01 1055457                    /lib/x86_64-linux-gnu/libnss_files-2.23.so
7fe16e13b000-7fe16e33a000 ---p 0000b000 08:01 1055457                    /lib/x86_64-linux-gnu/libnss_files-2.23.so
7fe16e33a000-7fe16e33b000 r--p 0000a000 08:01 1055457                    /lib/x86_64-linux-gnu/libnss_files-2.23.so
7fe16e33b000-7fe16e33c000 rw-p 0000b000 08:01 1055457                    /lib/x86_64-linux-gnu/libnss_files-2.23.so
7fe16e33c000-7fe16e342000 rw-p 00000000 00:00 0 
7fe16e342000-7fe16e34d000 r-xp 00000000 08:01 1055450                    /lib/x86_64-linux-gnu/libnss_nis-2.23.so
7fe16e34d000-7fe16e54c000 ---p 0000b000 08:01 1055450                    /lib/x86_64-linux-gnu/libnss_nis-2.23.so
7fe16e54c000-7fe16e54d000 r--p 0000a000 08:01 1055450                    /lib/x86_64-linux-gnu/libnss_nis-2.23.so
7fe16e54d000-7fe16e54e000 rw-p 0000b000 08:01 1055450                    /lib/x86_64-linux-gnu/libnss_nis-2.23.so
7fe16e54e000-7fe16e564000 r-xp 00000000 08:01 1055452                    /lib/x86_64-linux-gnu/libnsl-2.23.so
7fe16e564000-7fe16e763000 ---p 00016000 08:01 1055452                    /lib/x86_64-linux-gnu/libnsl-2.23.so
7fe16e763000-7fe16e764000 r--p 00015000 08:01 1055452                    /lib/x86_64-linux-gnu/libnsl-2.23.so
7fe16e764000-7fe16e765000 rw-p 00016000 08:01 1055452                    /lib/x86_64-linux-gnu/libnsl-2.23.so
7fe16e765000-7fe16e767000 rw-p 00000000 00:00 0 
7fe16e767000-7fe16e76f000 r-xp 00000000 08:01 1055459                    /lib/x86_64-linux-gnu/libnss_compat-2.23.so
7fe16e76f000-7fe16e96e000 ---p 00008000 08:01 1055459                    /lib/x86_64-linux-gnu/libnss_compat-2.23.so
7fe16e96e000-7fe16e96f000 r--p 00007000 08:01 1055459                    /lib/x86_64-linux-gnu/libnss_compat-2.23.so
7fe16e96f000-7fe16e970000 rw-p 00008000 08:01 1055459                    /lib/x86_64-linux-gnu/libnss_compat-2.23.so
7fe16e970000-7fe16e99b000 r-xp 00000000 08:01 287738                     /opt/jdk1.8.0_131/jre/lib/amd64/libjava.so
7fe16e99b000-7fe16eb9a000 ---p 0002b000 08:01 287738                     /opt/jdk1.8.0_131/jre/lib/amd64/libjava.so
7fe16eb9a000-7fe16eb9c000 rw-p 0002a000 08:01 287738                     /opt/jdk1.8.0_131/jre/lib/amd64/libjava.so
7fe16eb9c000-7fe16eba9000 r-xp 00000000 08:01 287743                     /opt/jdk1.8.0_131/jre/lib/amd64/libverify.so
7fe16eba9000-7fe16eda8000 ---p 0000d000 08:01 287743                     /opt/jdk1.8.0_131/jre/lib/amd64/libverify.so
7fe16eda8000-7fe16edaa000 rw-p 0000c000 08:01 287743                     /opt/jdk1.8.0_131/jre/lib/amd64/libverify.so
7fe16edaa000-7fe16edb1000 r-xp 00000000 08:01 1055460                    /lib/x86_64-linux-gnu/librt-2.23.so
7fe16edb1000-7fe16efb0000 ---p 00007000 08:01 1055460                    /lib/x86_64-linux-gnu/librt-2.23.so
7fe16efb0000-7fe16efb1000 r--p 00006000 08:01 1055460                    /lib/x86_64-linux-gnu/librt-2.23.so
7fe16efb1000-7fe16efb2000 rw-p 00007000 08:01 1055460                    /lib/x86_64-linux-gnu/librt-2.23.so
7fe16efb2000-7fe16f0ba000 r-xp 00000000 08:01 1055451                    /lib/x86_64-linux-gnu/libm-2.23.so
7fe16f0ba000-7fe16f2b9000 ---p 00108000 08:01 1055451                    /lib/x86_64-linux-gnu/libm-2.23.so
7fe16f2b9000-7fe16f2ba000 r--p 00107000 08:01 1055451                    /lib/x86_64-linux-gnu/libm-2.23.so
7fe16f2ba000-7fe16f2bb000 rw-p 00108000 08:01 1055451                    /lib/x86_64-linux-gnu/libm-2.23.so
7fe16f2bb000-7fe16ff8a000 r-xp 00000000 08:01 550843                     /opt/jdk1.8.0_131/jre/lib/amd64/server/libjvm.so
7fe16ff8a000-7fe17018a000 ---p 00ccf000 08:01 550843                     /opt/jdk1.8.0_131/jre/lib/amd64/server/libjvm.so
7fe17018a000-7fe170263000 rw-p 00ccf000 08:01 550843                     /opt/jdk1.8.0_131/jre/lib/amd64/server/libjvm.so
7fe170263000-7fe1702ae000 rw-p 00000000 00:00 0 
7fe1702ae000-7fe17046d000 r-xp 00000000 08:01 1055453                    /lib/x86_64-linux-gnu/libc-2.23.so
7fe17046d000-7fe17066d000 ---p 001bf000 08:01 1055453                    /lib/x86_64-linux-gnu/libc-2.23.so
7fe17066d000-7fe170671000 r--p 001bf000 08:01 1055453                    /lib/x86_64-linux-gnu/libc-2.23.so
7fe170671000-7fe170673000 rw-p 001c3000 08:01 1055453                    /lib/x86_64-linux-gnu/libc-2.23.so
7fe170673000-7fe170677000 rw-p 00000000 00:00 0 
7fe170677000-7fe17067a000 r-xp 00000000 08:01 1055449                    /lib/x86_64-linux-gnu/libdl-2.23.so
7fe17067a000-7fe170879000 ---p 00003000 08:01 1055449                    /lib/x86_64-linux-gnu/libdl-2.23.so
7fe170879000-7fe17087a000 r--p 00002000 08:01 1055449                    /lib/x86_64-linux-gnu/libdl-2.23.so
7fe17087a000-7fe17087b000 rw-p 00003000 08:01 1055449                    /lib/x86_64-linux-gnu/libdl-2.23.so
7fe17087b000-7fe170890000 r-xp 00000000 08:01 287478                     /opt/jdk1.8.0_131/lib/amd64/jli/libjli.so
7fe170890000-7fe170a90000 ---p 00015000 08:01 287478                     /opt/jdk1.8.0_131/lib/amd64/jli/libjli.so
7fe170a90000-7fe170a91000 rw-p 00015000 08:01 287478                     /opt/jdk1.8.0_131/lib/amd64/jli/libjli.so
7fe170a91000-7fe170aa9000 r-xp 00000000 08:01 1055464                    /lib/x86_64-linux-gnu/libpthread-2.23.so
7fe170aa9000-7fe170ca8000 ---p 00018000 08:01 1055464                    /lib/x86_64-linux-gnu/libpthread-2.23.so
7fe170ca8000-7fe170ca9000 r--p 00017000 08:01 1055464                    /lib/x86_64-linux-gnu/libpthread-2.23.so
7fe170ca9000-7fe170caa000 rw-p 00018000 08:01 1055464                    /lib/x86_64-linux-gnu/libpthread-2.23.so
7fe170caa000-7fe170cae000 rw-p 00000000 00:00 0 
7fe170cae000-7fe170cd4000 r-xp 00000000 08:01 1055454                    /lib/x86_64-linux-gnu/ld-2.23.so
7fe170cd4000-7fe170cd5000 r--s 00000000 08:01 946569                     /home/meli/.m2/repository/org/springframework/boot/spring-boot-starter-tomcat/1.5.6.RELEASE/spring-boot-starter-tomcat-1.5.6.RELEASE.jar
7fe170cd5000-7fe170cd7000 r--s 00000000 08:01 930454                     /home/meli/.m2/repository/org/slf4j/jul-to-slf4j/1.7.25/jul-to-slf4j-1.7.25.jar
7fe170cd7000-7fe170cd8000 r--s 00000000 08:01 672719                     /home/meli/.m2/repository/org/springframework/boot/spring-boot-starter-logging/1.5.6.RELEASE/spring-boot-starter-logging-1.5.6.RELEASE.jar
7fe170cd8000-7fe170ce8000 r--s 00095000 08:01 946567                     /home/meli/.m2/repository/org/springframework/boot/spring-boot/1.5.6.RELEASE/spring-boot-1.5.6.RELEASE.jar
7fe170ce8000-7fe170d1b000 rw-p 00000000 00:00 0 
7fe170d1b000-7fe170db6000 ---p 00000000 00:00 0 
7fe170db6000-7fe170db9000 ---p 00000000 00:00 0 
7fe170db9000-7fe170ebb000 rw-p 00000000 00:00 0 
7fe170ebb000-7fe170ebc000 r--s 00000000 08:01 946565                     /home/meli/.m2/repository/org/springframework/boot/spring-boot-starter/1.5.6.RELEASE/spring-boot-starter-1.5.6.RELEASE.jar
7fe170ebc000-7fe170ebd000 r--s 00000000 08:01 946563                     /home/meli/.m2/repository/org/springframework/boot/spring-boot-starter-web/1.5.6.RELEASE/spring-boot-starter-web-1.5.6.RELEASE.jar
7fe170ebd000-7fe170ec7000 rw-p 00000000 00:00 0 
7fe170ec7000-7fe170ecf000 rw-s 00000000 08:01 4849768                    /tmp/hsperfdata_meli/2370
7fe170ecf000-7fe170ed0000 rw-p 00000000 00:00 0 
7fe170ed0000-7fe170ed1000 ---p 00000000 00:00 0 
7fe170ed1000-7fe170ed3000 rw-p 00000000 00:00 0 
7fe170ed3000-7fe170ed4000 r--p 00025000 08:01 1055454                    /lib/x86_64-linux-gnu/ld-2.23.so
7fe170ed4000-7fe170ed5000 rw-p 00026000 08:01 1055454                    /lib/x86_64-linux-gnu/ld-2.23.so
7fe170ed5000-7fe170ed6000 rw-p 00000000 00:00 0 
7ffc563af000-7ffc563d1000 rw-p 00000000 00:00 0                          [stack]
7ffc563eb000-7ffc563ed000 r--p 00000000 00:00 0                          [vvar]
7ffc563ed000-7ffc563ef000 r-xp 00000000 00:00 0                          [vdso]
ffffffffff600000-ffffffffff601000 r-xp 00000000 00:00 0                  [vsyscall]

VM Arguments:
jvm_args: -Dfile.encoding=UTF-8 
java_command: com.ni.NiSpiderApplication
java_class_path (initial): /home/meli/eclipse-workspace/NISpider/target/classes:/home/meli/.m2/repository/org/springframework/boot/spring-boot-starter-web/1.5.6.RELEASE/spring-boot-starter-web-1.5.6.RELEASE.jar:/home/meli/.m2/repository/org/springframework/boot/spring-boot-starter/1.5.6.RELEASE/spring-boot-starter-1.5.6.RELEASE.jar:/home/meli/.m2/repository/org/springframework/boot/spring-boot/1.5.6.RELEASE/spring-boot-1.5.6.RELEASE.jar:/home/meli/.m2/repository/org/springframework/boot/spring-boot-autoconfigure/1.5.6.RELEASE/spring-boot-autoconfigure-1.5.6.RELEASE.jar:/home/meli/.m2/repository/org/springframework/boot/spring-boot-starter-logging/1.5.6.RELEASE/spring-boot-starter-logging-1.5.6.RELEASE.jar:/home/meli/.m2/repository/ch/qos/logback/logback-classic/1.1.11/logback-classic-1.1.11.jar:/home/meli/.m2/repository/ch/qos/logback/logback-core/1.1.11/logback-core-1.1.11.jar:/home/meli/.m2/repository/org/slf4j/jul-to-slf4j/1.7.25/jul-to-slf4j-1.7.25.jar:/home/meli/.m2/repository/org/slf4j/log4j-over-slf4j/1.7.25/log4j-over-slf4j-1.7.25.jar:/home/meli/.m2/repository/org/yaml/snakeyaml/1.17/snakeyaml-1.17.jar:/home/meli/.m2/repository/org/springframework/boot/spring-boot-starter-tomcat/1.5.6.RELEASE/spring-boot-starter-tomcat-1.5.6.RELEASE.jar:/home/meli/.m2/repository/org/apache/tomcat/embed/tomcat-embed-core/8.5.16/tomcat-embed-core-8.5.16.jar:/home/meli/.m2/repository/org/apache/tomcat/embed/tomcat-embed-el/8.5.16/tomcat-embed-el-8.5.16.jar:/home/meli/.m2/repository/org/apache/tomcat/embed/tomcat-embed-websocket/8.5.16/tomcat-embed-websocket-8.5.16.jar:/home/meli/.m2/repository/org/hibernate/hibernate-validator/5.3.5.Final/hibernate-validator-5.3.5.Final.jar:/home/meli/.m2/repository/javax/validation/validation-api/1.1.0.Final/validation-api-1.1.0.Final.jar:/home/meli/.m2/repository/org/jboss/logging/jboss-logging/3.3.1.Final/jboss-logging-3.3.1.Final.jar:/home/meli/.m2/repository/com/fasterxml/classmate/1.3.3/classmate-1.3.3.jar:/home/meli/.m2/repository/com/
Launcher Type: SUN_STANDARD

Environment Variables:
JAVA_HOME=/opt/jdk1.8.0_131
CLASSPATH=.:/opt/jdk1.8.0_131
PATH=/home/meli/bin:/home/meli/.local/bin:/opt/jdk1.8.0_131/bin:/usr/local/sbin:/usr/local/bin:/usr/sbin:/usr/bin:/sbin:/bin:/usr/games:/usr/local/games:/snap/bin
SHELL=/bin/bash
DISPLAY=:0

Signal Handlers:
SIGSEGV: [libjvm.so+0xac8af0], sa_mask[0]=11111111011111111101111111111110, sa_flags=SA_RESTART|SA_SIGINFO
SIGBUS: [libjvm.so+0xac8af0], sa_mask[0]=11111111011111111101111111111110, sa_flags=SA_RESTART|SA_SIGINFO
SIGFPE: [libjvm.so+0x921dd0], sa_mask[0]=11111111011111111101111111111110, sa_flags=SA_RESTART|SA_SIGINFO
SIGPIPE: [libjvm.so+0x921dd0], sa_mask[0]=11111111011111111101111111111110, sa_flags=SA_RESTART|SA_SIGINFO
SIGXFSZ: [libjvm.so+0x921dd0], sa_mask[0]=