#
# There is insufficient memory for the Java Runtime Environment to continue.
# Native memory allocation (mmap) failed to map 32505856 bytes for committing reserved memory.
# Possible reasons:
#   The system is out of physical RAM or swap space
#   In 32 bit mode, the process size limit was hit
# Possible solutions:
#   Reduce memory load on the system
#   Increase physical memory or swap space
#   Check if swap backing store is full
#   Use 64 bit Java on a 64 bit OS
#   Decrease Java heap size (-Xmx/-Xms)
#   Decrease number of Java threads
#   Decrease Java thread stack sizes (-Xss)
#   Set larger code cache with -XX:ReservedCodeCacheSize=
# This output file may be truncated or incomplete.
#
#  Out of Memory Error (os_linux.cpp:2640), pid=3964, tid=0x00007fc5c8f68700
#
# JRE version: Java(TM) SE Runtime Environment (8.0_131-b11) (build 1.8.0_131-b11)
# Java VM: Java HotSpot(TM) 64-Bit Server VM (25.131-b11 mixed mode linux-amd64 compressed oops)
# Failed to write core dump. Core dumps have been disabled. To enable core dumping, try "ulimit -c unlimited" before starting Java again
#

---------------  T H R E A D  ---------------

Current thread (0x00007fc5dc076000):  VMThread [stack: 0x00007fc5c8e68000,0x00007fc5c8f69000] [id=3976]

Stack: [0x00007fc5c8e68000,0x00007fc5c8f69000],  sp=0x00007fc5c8f67020,  free space=1020k
Native frames: (J=compiled Java code, j=interpreted, Vv=VM code, C=native code)
V  [libjvm.so+0xac826a]  VMError::report_and_die()+0x2ba
V  [libjvm.so+0x4fd4cb]  report_vm_out_of_memory(char const*, int, unsigned long, VMErrorType, char const*)+0x8b
V  [libjvm.so+0x924f53]  os::Linux::commit_memory_impl(char*, unsigned long, bool)+0x103
V  [libjvm.so+0x9254a9]  os::pd_commit_memory(char*, unsigned long, unsigned long, bool)+0x29
V  [libjvm.so+0x91f6ca]  os::commit_memory(char*, unsigned long, unsigned long, bool)+0x2a
V  [libjvm.so+0x9941e3]  PSVirtualSpace::expand_by(unsigned long)+0x53
V  [libjvm.so+0x9955e8]  PSYoungGen::resize_generation(unsigned long, unsigned long)+0xf8
V  [libjvm.so+0x994742]  PSYoungGen::resize(unsigned long, unsigned long)+0x22
V  [libjvm.so+0x991a1b]  PSScavenge::invoke_no_policy()+0xf3b
V  [libjvm.so+0x9921a1]  PSScavenge::invoke()+0x41
V  [libjvm.so+0x948f00]  ParallelScavengeHeap::failed_mem_allocate(unsigned long)+0x70
V  [libjvm.so+0xac9c87]  VM_ParallelGCFailedAllocation::doit()+0x97
V  [libjvm.so+0xad1765]  VM_Operation::evaluate()+0x55
V  [libjvm.so+0xacfb3a]  VMThread::evaluate_operation(VM_Operation*)+0xba
V  [libjvm.so+0xacfebe]  VMThread::loop()+0x1ce
V  [libjvm.so+0xad0330]  VMThread::run()+0x70
V  [libjvm.so+0x927568]  java_start(Thread*)+0x108

VM_Operation (0x00007fc5a3ae4900): ParallelGCFailedAllocation, mode: safepoint, requested by thread 0x00007fc5dc515800


---------------  P R O C E S S  ---------------

Java Threads: ( => current thread )
  0x00007fc5dc515800 JavaThread "background-preinit" [_thread_blocked, id=3986, stack(0x00007fc5a39e7000,0x00007fc5a3ae8000)]
  0x00007fc5dc0bc800 JavaThread "Service Thread" daemon [_thread_blocked, id=3982, stack(0x00007fc5c858a000,0x00007fc5c868b000)]
  0x00007fc5dc0b9800 JavaThread "C1 CompilerThread1" daemon [_thread_blocked, id=3981, stack(0x00007fc5c868b000,0x00007fc5c878c000)]
  0x00007fc5dc0b6800 JavaThread "C2 CompilerThread0" daemon [_thread_blocked, id=3980, stack(0x00007fc5c878c000,0x00007fc5c888d000)]
  0x00007fc5dc0b5000 JavaThread "Signal Dispatcher" daemon [_thread_blocked, id=3979, stack(0x00007fc5c888d000,0x00007fc5c898e000)]
  0x00007fc5dc082800 JavaThread "Finalizer" daemon [_thread_blocked, id=3978, stack(0x00007fc5c8c66000,0x00007fc5c8d67000)]
  0x00007fc5dc07e000 JavaThread "Reference Handler" daemon [_thread_blocked, id=3977, stack(0x00007fc5c8d67000,0x00007fc5c8e68000)]
  0x00007fc5dc00c800 JavaThread "main" [_thread_blocked, id=3971, stack(0x00007fc5e2b7c000,0x00007fc5e2c7d000)]

Other Threads:
=>0x00007fc5dc076000 VMThread [stack: 0x00007fc5c8e68000,0x00007fc5c8f69000] [id=3976]
  0x00007fc5dc0bf000 WatcherThread [stack: 0x00007fc5c8489000,0x00007fc5c858a000] [id=3983]

VM state:at safepoint (normal execution)

VM Mutex/Monitor currently owned by a thread:  ([mutex/lock_event])
[0x00007fc5dc008a90] Threads_lock - owner thread: 0x00007fc5dc076000
[0x00007fc5dc008f90] Heap_lock - owner thread: 0x00007fc5dc515800

Heap:
 PSYoungGen      total 34304K, used 2528K [0x00000000eb800000, 0x00000000edc00000, 0x0000000100000000)
  eden space 31744K, 0% used [0x00000000eb800000,0x00000000eb800000,0x00000000ed700000)
  from space 2560K, 98% used [0x00000000ed700000,0x00000000ed978030,0x00000000ed980000)
  to   space 2560K, 0% used [0x00000000ed980000,0x00000000ed980000,0x00000000edc00000)
 ParOldGen       total 42496K, used 6125K [0x00000000c2800000, 0x00000000c5180000, 0x00000000eb800000)
  object space 42496K, 14% used [0x00000000c2800000,0x00000000c2dfb750,0x00000000c5180000)
 Metaspace       used 14961K, capacity 15112K, committed 15232K, reserved 1062912K
  class space    used 1801K, capacity 1824K, committed 1920K, reserved 1048576K

Card table byte_map: [0x00007fc5cc626000,0x00007fc5cc813000] byte_map_base: 0x00007fc5cc012000

Marking Bits: (ParMarkBitMap*) 0x00007fc5e2046f60
 Begin Bits: [0x00007fc5ca51d000, 0x00007fc5cb47d000)
 End Bits:   [0x00007fc5cb47d000, 0x00007fc5cc3dd000)

Polling page: 0x00007fc5e2c96000

CodeCache: size=245760Kb used=4042Kb max_used=4042Kb free=241718Kb
 bounds [0x00007fc5ccbd3000, 0x00007fc5ccfd3000, 0x00007fc5dbbd3000]
 total_blobs=1374 nmethods=1060 adapters=228
 compilation: enabled

Compilation events (10 events):
Event: 5.137 Thread 0x00007fc5dc0b9800 1052       3       org.apache.tomcat.util.digester.Rule::body (1 bytes)
Event: 5.137 Thread 0x00007fc5dc0b9800 nmethod 1052 0x00007fc5ccfc6850 code [0x00007fc5ccfc69a0, 0x00007fc5ccfc6af0]
Event: 5.137 Thread 0x00007fc5dc0b9800 1045       3       java.util.ArrayList::remove (69 bytes)
Event: 5.137 Thread 0x00007fc5dc0b9800 nmethod 1045 0x00007fc5ccfc6b90 code [0x00007fc5ccfc6d60, 0x00007fc5ccfc73c8]
Event: 5.137 Thread 0x00007fc5dc0b9800 1046       3       org.apache.tomcat.util.digester.ArrayStack::pop (25 bytes)
Event: 5.138 Thread 0x00007fc5dc0b9800 nmethod 1046 0x00007fc5ccfc76d0 code [0x00007fc5ccfc7860, 0x00007fc5ccfc7bf8]
Event: 5.138 Thread 0x00007fc5dc0b9800 1061       1       org.springframework.beans.factory.support.AbstractBeanDefinition::isSynthetic (5 bytes)
Event: 5.138 Thread 0x00007fc5dc0b9800 nmethod 1061 0x00007fc5ccfc7d10 code [0x00007fc5ccfc7e60, 0x00007fc5ccfc7f70]
Event: 5.138 Thread 0x00007fc5dc0b9800 1051       1       java.util.concurrent.locks.ReentrantReadWriteLock::writeLock (5 bytes)
Event: 5.138 Thread 0x00007fc5dc0b9800 nmethod 1051 0x00007fc5ccfc7fd0 code [0x00007fc5ccfc8120, 0x00007fc5ccfc8230]

GC Heap History (5 events):
Event: 2.806 GC heap before
{Heap before GC invocations=1 (full 0):
 PSYoungGen      total 18432K, used 15872K [0x00000000eb800000, 0x00000000ecc80000, 0x0000000100000000)
  eden space 15872K, 100% used [0x00000000eb800000,0x00000000ec780000,0x00000000ec780000)
  from space 2560K, 0% used [0x00000000eca00000,0x00000000eca00000,0x00000000ecc80000)
  to   space 2560K, 0% used [0x00000000ec780000,0x00000000ec780000,0x00000000eca00000)
 ParOldGen       total 42496K, used 0K [0x00000000c2800000, 0x00000000c5180000, 0x00000000eb800000)
  object space 42496K, 0% used [0x00000000c2800000,0x00000000c2800000,0x00000000c5180000)
 Metaspace       used 6871K, capacity 6970K, committed 7040K, reserved 1056768K
  class space    used 813K, capacity 851K, committed 896K, reserved 1048576K
Event: 2.861 GC heap after
Heap after GC invocations=1 (full 0):
 PSYoungGen      total 18432K, used 2531K [0x00000000eb800000, 0x00000000edc00000, 0x0000000100000000)
  eden space 15872K, 0% used [0x00000000eb800000,0x00000000eb800000,0x00000000ec780000)
  from space 2560K, 98% used [0x00000000ec780000,0x00000000ec9f8f58,0x00000000eca00000)
  to   space 2560K, 0% used [0x00000000ed980000,0x00000000ed980000,0x00000000edc00000)
 ParOldGen       total 42496K, used 570K [0x00000000c2800000, 0x00000000c5180000, 0x00000000eb800000)
  object space 42496K, 1% used [0x00000000c2800000,0x00000000c288ebe8,0x00000000c5180000)
 Metaspace       used 6871K, capacity 6970K, committed 7040K, reserved 1056768K
  class space    used 813K, capacity 851K, committed 896K, reserved 1048576K
}
Event: 3.884 GC heap before
{Heap before GC invocations=2 (full 0):
 PSYoungGen      total 18432K, used 18383K [0x00000000eb800000, 0x00000000edc00000, 0x0000000100000000)
  eden space 15872K, 99% used [0x00000000eb800000,0x00000000ec77ad38,0x00000000ec780000)
  from space 2560K, 98% used [0x00000000ec780000,0x00000000ec9f8f58,0x00000000eca00000)
  to   space 2560K, 0% used [0x00000000ed980000,0x00000000ed980000,0x00000000edc00000)
 ParOldGen       total 42496K, used 570K [0x00000000c2800000, 0x00000000c5180000, 0x00000000eb800000)
  object space 42496K, 1% used [0x00000000c2800000,0x00000000c288ebe8,0x00000000c5180000)
 Metaspace       used 9371K, capacity 9466K, committed 9728K, reserved 1058816K
  class space    used 1167K, capacity 1171K, committed 1280K, reserved 1048576K
Event: 3.888 GC heap after
Heap after GC invocations=2 (full 0):
 PSYoungGen      total 34304K, used 2540K [0x00000000eb800000, 0x00000000edc00000, 0x0000000100000000)
  eden space 31744K, 0% used [0x00000000eb800000,0x00000000eb800000,0x00000000ed700000)
  from space 2560K, 99% used [0x00000000ed980000,0x00000000edbfb010,0x00000000edc00000)
  to   space 2560K, 0% used [0x00000000ed700000,0x00000000ed700000,0x00000000ed980000)
 ParOldGen       total 42496K, used 1553K [0x00000000c2800000, 0x00000000c5180000, 0x00000000eb800000)
  object space 42496K, 3% used [0x00000000c2800000,0x00000000c29846d8,0x00000000c5180000)
 Metaspace       used 9371K, capacity 9466K, committed 9728K, reserved 1058816K
  class space    used 1167K, capacity 1171K, committed 1280K, reserved 1048576K
}
Event: 5.150 GC heap before
{Heap before GC invocations=3 (full 0):
 PSYoungGen      total 34304K, used 34284K [0x00000000eb800000, 0x00000000edc00000, 0x0000000100000000)
  eden space 31744K, 100% used [0x00000000eb800000,0x00000000ed700000,0x00000000ed700000)
  from space 2560K, 99% used [0x00000000ed980000,0x00000000edbfb010,0x00000000edc00000)
  to   space 2560K, 0% used [0x00000000ed700000,0x00000000ed700000,0x00000000ed980000)
 ParOldGen       total 42496K, used 1553K [0x00000000c2800000, 0x00000000c5180000, 0x00000000eb800000)
  object space 42496K, 3% used [0x00000000c2800000,0x00000000c29846d8,0x00000000c5180000)
 Metaspace       used 14961K, capacity 15112K, committed 15232K, reserved 1062912K
  class space    used 1801K, capacity 1824K, committed 1920K, reserved 1048576K

Deoptimization events (10 events):
Event: 4.245 Thread 0x00007fc5dc00c800 Uncommon trap: reason=bimorphic action=maybe_recompile pc=0x00007fc5cceaa73c method=java.util.HashMap.putVal(ILjava/lang/Object;Ljava/lang/Object;ZZ)Ljava/lang/Object; @ 253
Event: 4.247 Thread 0x00007fc5dc00c800 Uncommon trap: reason=bimorphic action=maybe_recompile pc=0x00007fc5cceaa73c method=java.util.HashMap.putVal(ILjava/lang/Object;Ljava/lang/Object;ZZ)Ljava/lang/Object; @ 253
Event: 4.247 Thread 0x00007fc5dc00c800 Uncommon trap: reason=bimorphic action=maybe_recompile pc=0x00007fc5cceaa73c method=java.util.HashMap.putVal(ILjava/lang/Object;Ljava/lang/Object;ZZ)Ljava/lang/Object; @ 253
Event: 4.247 Thread 0x00007fc5dc00c800 Uncommon trap: reason=bimorphic action=maybe_recompile pc=0x00007fc5cceaa73c method=java.util.HashMap.putVal(ILjava/lang/Object;Ljava/lang/Object;ZZ)Ljava/lang/Object; @ 253
Event: 4.478 Thread 0x00007fc5dc515800 Uncommon trap: reason=unstable_if action=reinterpret pc=0x00007fc5ccecab08 method=java.util.Properties$LineReader.readLine()I @ 252
Event: 4.478 Thread 0x00007fc5dc515800 Uncommon trap: reason=unstable_if action=reinterpret pc=0x00007fc5cce5c1d4 method=java.util.Properties$LineReader.readLine()I @ 252
Event: 4.876 Thread 0x00007fc5dc00c800 Uncommon trap: reason=class_check action=maybe_recompile pc=0x00007fc5cce94098 method=java.util.regex.Pattern$CharProperty.match(Ljava/util/regex/Matcher;ILjava/lang/CharSequence;)Z @ 37
Event: 4.876 Thread 0x00007fc5dc00c800 Uncommon trap: reason=class_check action=maybe_recompile pc=0x00007fc5cce94098 method=java.util.regex.Pattern$CharProperty.match(Ljava/util/regex/Matcher;ILjava/lang/CharSequence;)Z @ 37
Event: 4.876 Thread 0x00007fc5dc00c800 Uncommon trap: reason=class_check action=maybe_recompile pc=0x00007fc5cce94098 method=java.util.regex.Pattern$CharProperty.match(Ljava/util/regex/Matcher;ILjava/lang/CharSequence;)Z @ 37
Event: 4.876 Thread 0x00007fc5dc00c800 Uncommon trap: reason=class_check action=maybe_recompile pc=0x00007fc5cce94098 method=java.util.regex.Pattern$CharProperty.match(Ljava/util/regex/Matcher;ILjava/lang/CharSequence;)Z @ 37

Internal exceptions (10 events):
Event: 3.204 Thread 0x00007fc5dc00c800 Exception <a 'java/lang/ClassNotFoundException': org/springframework/boot/SpringApplicationCustomizer> (0x00000000ebdaecf0) thrown at [/HUDSON/workspace/8-2-build-linux-amd64/jdk8u131/8869/hotspot/src/share/vm/classfile/systemDictionary.cpp, line 210]
Event: 4.110 Thread 0x00007fc5dc00c800 Exception <a 'java/lang/NoSuchMethodError': org.slf4j.impl.StaticMDCBinder.getSingleton()Lorg/slf4j/impl/StaticMDCBinder;> (0x00000000ebf0de10) thrown at [/HUDSON/workspace/8-2-build-linux-amd64/jdk8u131/8869/hotspot/src/share/vm/interpreter/linkResolver.
Event: 4.115 Thread 0x00007fc5dc00c800 Implicit null exception at 0x00007fc5cce511f5 to 0x00007fc5cce51401
Event: 4.682 Thread 0x00007fc5dc00c800 Exception <a 'java/lang/ClassNotFoundException': java/lang/ObjectCustomizer> (0x00000000ed137408) thrown at [/HUDSON/workspace/8-2-build-linux-amd64/jdk8u131/8869/hotspot/src/share/vm/classfile/systemDictionary.cpp, line 210]
Event: 4.682 Thread 0x00007fc5dc00c800 Exception <a 'java/lang/ClassNotFoundException': org/springframework/context/annotation/ConfigurationClassPostProcessorCustomizer> (0x00000000ed150520) thrown at [/HUDSON/workspace/8-2-build-linux-amd64/jdk8u131/8869/hotspot/src/share/vm/classfile/systemD
Event: 4.683 Thread 0x00007fc5dc00c800 Exception <a 'java/lang/ClassNotFoundException': org/springframework/beans/factory/support/BeanDefinitionRegistryPostProcessorCustomizer> (0x00000000ed178910) thrown at [/HUDSON/workspace/8-2-build-linux-amd64/jdk8u131/8869/hotspot/src/share/vm/classfile/
Event: 4.684 Thread 0x00007fc5dc00c800 Exception <a 'java/lang/ClassNotFoundException': org/springframework/core/PriorityOrderedCustomizer> (0x00000000ed1888d8) thrown at [/HUDSON/workspace/8-2-build-linux-amd64/jdk8u131/8869/hotspot/src/share/vm/classfile/systemDictionary.cpp, line 210]
Event: 4.684 Thread 0x00007fc5dc00c800 Exception <a 'java/lang/ClassNotFoundException': org/springframework/context/ResourceLoaderAwareCustomizer> (0x00000000ed198ec0) thrown at [/HUDSON/workspace/8-2-build-linux-amd64/jdk8u131/8869/hotspot/src/share/vm/classfile/systemDictionary.cpp, line 210
Event: 4.684 Thread 0x00007fc5dc00c800 Exception <a 'java/lang/ClassNotFoundException': org/springframework/beans/factory/BeanClassLoaderAwareCustomizer> (0x00000000ed1abd38) thrown at [/HUDSON/workspace/8-2-build-linux-amd64/jdk8u131/8869/hotspot/src/share/vm/classfile/systemDictionary.cpp, l
Event: 4.685 Thread 0x00007fc5dc00c800 Exception <a 'java/lang/ClassNotFoundException': org/springframework/context/EnvironmentAwareCustomizer> (0x00000000ed1bcd38) thrown at [/HUDSON/workspace/8-2-build-linux-amd64/jdk8u131/8869/hotspot/src/share/vm/classfile/systemDictionary.cpp, line 210]

Events (10 events):
Event: 5.009 loading class java/util/Spliterator done
Event: 5.033 loading class org/springframework/core/annotation/DefaultAnnotationAttributeExtractor
Event: 5.033 loading class org/springframework/core/annotation/DefaultAnnotationAttributeExtractor done
Event: 5.084 loading class org/springframework/core/annotation/AbstractAliasAwareAnnotationAttributeExtractor
Event: 5.084 loading class org/springframework/core/annotation/AbstractAliasAwareAnnotationAttributeExtractor done
Event: 5.087 loading class org/springframework/core/annotation/SynthesizedAnnotationInvocationHandler
Event: 5.087 loading class org/springframework/core/annotation/SynthesizedAnnotationInvocationHandler done
Event: 5.091 loading class java/lang/reflect/Proxy$Key2
Event: 5.100 loading class java/lang/reflect/Proxy$Key2 done
Event: 5.142 Executing VM operation: ParallelGCFailedAllocation


Dynamic libraries:
00400000-00401000 r-xp 00000000 08:01 282641                             /opt/jdk1.8.0_131/bin/java
00600000-00601000 rw-p 00000000 08:01 282641                             /opt/jdk1.8.0_131/bin/java
017a0000-017c1000 rw-p 00000000 00:00 0                                  [heap]
c2800000-c5180000 rw-p 00000000 00:00 0 
c5180000-eb800000 ---p 00000000 00:00 0 
eb800000-edc00000 rw-p 00000000 00:00 0 
efb00000-100000000 ---p 00000000 00:00 0 
100000000-1001e0000 rw-p 00000000 00:00 0 
1001e0000-140000000 ---p 00000000 00:00 0 
7fc598000000-7fc598164000 rw-p 00000000 00:00 0 
7fc598164000-7fc59c000000 ---p 00000000 00:00 0 
7fc59c000000-7fc59c021000 rw-p 00000000 00:00 0 
7fc59c021000-7fc5a0000000 ---p 00000000 00:00 0 
7fc5a33e7000-7fc5a34e7000 rw-p 00000000 00:00 0 
7fc5a34e7000-7fc5a35e7000 ---p 00000000 00:00 0 
7fc5a35e7000-7fc5a37e7000 rw-p 00000000 00:00 0 
7fc5a37e7000-7fc5a39e7000 rw-p 00000000 00:00 0 
7fc5a39e7000-7fc5a39ea000 ---p 00000000 00:00 0 
7fc5a39ea000-7fc5a3de9000 rw-p 00000000 00:00 0 
7fc5a3de9000-7fc5a3dff000 r-xp 00000000 08:01 287748                     /opt/jdk1.8.0_131/jre/lib/amd64/libnet.so
7fc5a3dff000-7fc5a3fff000 ---p 00016000 08:01 287748                     /opt/jdk1.8.0_131/jre/lib/amd64/libnet.so
7fc5a3fff000-7fc5a4000000 rw-p 00016000 08:01 287748                     /opt/jdk1.8.0_131/jre/lib/amd64/libnet.so
7fc5a4000000-7fc5a4497000 rw-p 00000000 00:00 0 
7fc5a4497000-7fc5a8000000 ---p 00000000 00:00 0 
7fc5a8000000-7fc5a8021000 rw-p 00000000 00:00 0 
7fc5a8021000-7fc5ac000000 ---p 00000000 00:00 0 
7fc5ac000000-7fc5ac021000 rw-p 00000000 00:00 0 
7fc5ac021000-7fc5b0000000 ---p 00000000 00:00 0 
7fc5b0000000-7fc5b092a000 rw-p 00000000 00:00 0 
7fc5b092a000-7fc5b4000000 ---p 00000000 00:00 0 
7fc5b4000000-7fc5b4021000 rw-p 00000000 00:00 0 
7fc5b4021000-7fc5b8000000 ---p 00000000 00:00 0 
7fc5b8000000-7fc5b8021000 rw-p 00000000 00:00 0 
7fc5b8021000-7fc5bc000000 ---p 00000000 00:00 0 
7fc5bc000000-7fc5bc021000 rw-p 00000000 00:00 0 
7fc5bc021000-7fc5c0000000 ---p 00000000 00:00 0 
7fc5c0000000-7fc5c028d000 rw-p 00000000 00:00 0 
7fc5c028d000-7fc5c4000000 ---p 00000000 00:00 0 
7fc5c4000000-7fc5c4021000 rw-p 00000000 00:00 0 
7fc5c4021000-7fc5c8000000 ---p 00000000 00:00 0 
7fc5c8059000-7fc5c8062000 r-xp 00000000 08:01 287756                     /opt/jdk1.8.0_131/jre/lib/amd64/libmanagement.so
7fc5c8062000-7fc5c8261000 ---p 00009000 08:01 287756                     /opt/jdk1.8.0_131/jre/lib/amd64/libmanagement.so
7fc5c8261000-7fc5c8262000 rw-p 00008000 08:01 287756                     /opt/jdk1.8.0_131/jre/lib/amd64/libmanagement.so
7fc5c8262000-7fc5c826b000 r--s 000eb000 08:01 2396                       /home/meli/.m2/repository/mysql/mysql-connector-java/5.1.43/mysql-connector-java-5.1.43.jar
7fc5c826b000-7fc5c826e000 r--s 0000c000 08:01 3676                       /home/meli/.m2/repository/org/springframework/spring-aspects/4.3.10.RELEASE/spring-aspects-4.3.10.RELEASE.jar
7fc5c826e000-7fc5c8270000 r--s 00003000 08:01 930452                     /home/meli/.m2/repository/org/slf4j/jcl-over-slf4j/1.7.25/jcl-over-slf4j-1.7.25.jar
7fc5c8270000-7fc5c8278000 r--s 0003a000 08:01 3674                       /home/meli/.m2/repository/org/springframework/spring-tx/4.3.10.RELEASE/spring-tx-4.3.10.RELEASE.jar
7fc5c8278000-7fc5c8282000 r--s 0006b000 08:01 3672                       /home/meli/.m2/repository/org/springframework/spring-orm/4.3.10.RELEASE/spring-orm-4.3.10.RELEASE.jar
7fc5c8282000-7fc5c8294000 r--s 000ad000 08:01 3670                       /home/meli/.m2/repository/org/springframework/data/spring-data-commons/1.13.6.RELEASE/spring-data-commons-1.13.6.RELEASE.jar
7fc5c8294000-7fc5c829b000 r--s 00040000 08:01 3668                       /home/meli/.m2/repository/org/springframework/data/spring-data-jpa/1.11.6.RELEASE/spring-data-jpa-1.11.6.RELEASE.jar
7fc5c829b000-7fc5c829d000 r--s 00006000 08:01 3633                       /home/meli/.m2/repository/javax/transaction/javax.transaction-api/1.2/javax.transaction-api-1.2.jar
7fc5c829d000-7fc5c82aa000 r--s 00089000 08:01 3631                       /home/meli/.m2/repository/org/hibernate/hibernate-entitymanager/5.0.12.Final/hibernate-entitymanager-5.0.12.Final.jar
7fc5c82aa000-7fc5c82ad000 r--s 00010000 08:01 3629                       /home/meli/.m2/repository/org/hibernate/common/hibernate-commons-annotations/5.0.1.Final/hibernate-commons-annotations-5.0.1.Final.jar
7fc5c82ad000-7fc5c82b2000 r--s 00048000 08:01 820447                     /home/meli/.m2/repository/dom4j/dom4j/1.6.1/dom4j-1.6.1.jar
7fc5c82b2000-7fc5c82b5000 r--s 0002b000 08:01 3627                       /home/meli/.m2/repository/org/jboss/jandex/2.0.0.Final/jandex-2.0.0.Final.jar
7fc5c82b5000-7fc5c82ba000 r--s 00068000 08:01 3625                       /home/meli/.m2/repository/antlr/antlr/2.7.7/antlr-2.7.7.jar
7fc5c82ba000-7fc5c82c4000 r--s 000aa000 08:01 3168                       /home/meli/.m2/repository/org/javassist/javassist/3.21.0-GA/javassist-3.21.0-GA.jar
7fc5c82c4000-7fc5c82c9000 r--s 00017000 08:01 3623                       /home/meli/.m2/repository/org/hibernate/javax/persistence/hibernate-jpa-2.1-api/1.0.0.Final/hibernate-jpa-2.1-api-1.0.0.Final.jar
7fc5c82c9000-7fc5c8332000 r--s 004f3000 08:01 3621                       /home/meli/.m2/repository/org/hibernate/hibernate-core/5.0.12.Final/hibernate-core-5.0.12.Final.jar
7fc5c8332000-7fc5c833c000 r--s 0005f000 08:01 3665                       /home/meli/.m2/repository/org/springframework/spring-jdbc/4.3.10.RELEASE/spring-jdbc-4.3.10.RELEASE.jar
7fc5c833c000-7fc5c833d000 r--s 0000a000 08:01 3663                       /home/meli/.m2/repository/org/apache/tomcat/tomcat-juli/8.5.16/tomcat-juli-8.5.16.jar
7fc5c833d000-7fc5c8340000 r--s 00021000 08:01 3661                       /home/meli/.m2/repository/org/apache/tomcat/tomcat-jdbc/8.5.16/tomcat-jdbc-8.5.16.jar
7fc5c8340000-7fc5c8341000 r--s 00000000 08:01 3659                       /home/meli/.m2/repository/org/springframework/boot/spring-boot-starter-jdbc/1.5.6.RELEASE/spring-boot-starter-jdbc-1.5.6.RELEASE.jar
7fc5c8341000-7fc5c8359000 r--s 001bf000 08:01 3611                       /home/meli/.m2/repository/org/aspectj/aspectjweaver/1.8.10/aspectjweaver-1.8.10.jar
7fc5c8359000-7fc5c835a000 r--s 00000000 08:01 3657                       /home/meli/.m2/repository/org/springframework/boot/spring-boot-starter-aop/1.5.6.RELEASE/spring-boot-starter-aop-1.5.6.RELEASE.jar
7fc5c835a000-7fc5c835b000 r--s 00000000 08:01 3419                       /home/meli/.m2/repository/org/springframework/boot/spring-boot-starter-data-jpa/1.5.6.RELEASE/spring-boot-starter-data-jpa-1.5.6.RELEASE.jar
7fc5c835b000-7fc5c8361000 r--s 00047000 08:01 952103                     /home/meli/.m2/repository/org/jsoup/jsoup/1.8.3/jsoup-1.8.3.jar
7fc5c8361000-7fc5c8368000 r--s 0003f000 08:01 673347                     /home/meli/.m2/repository/commons-codec/commons-codec/1.10/commons-codec-1.10.jar
7fc5c8368000-7fc5c8370000 r--s 00048000 08:01 1211337                    /home/meli/.m2/repository/org/apache/httpcomponents/httpcore/4.4.6/httpcore-4.4.6.jar
7fc5c8370000-7fc5c837d000 r--s 000a7000 08:01 947789                     /home/meli/.m2/repository/org/apache/httpcomponents/httpclient/4.5.2/httpclient-4.5.2.jar
7fc5c837d000-7fc5c8394000 r--s 000fc000 08:01 946595                     /home/meli/.m2/repository/org/springframework/spring-core/4.3.10.RELEASE/spring-core-4.3.10.RELEASE.jar
7fc5c8394000-7fc5c8396000 r--s 00009000 08:01 930462                     /home/meli/.m2/repository/org/slf4j/slf4j-api/1.7.25/slf4j-api-1.7.25.jar
7fc5c8396000-7fc5c839b000 r--s 0003c000 08:01 1342847                    /home/meli/.m2/repository/org/springframework/spring-expression/4.3.10.RELEASE/spring-expression-4.3.10.RELEASE.jar
7fc5c839b000-7fc5c83ac000 r--s 000cf000 08:01 946591                     /home/meli/.m2/repository/org/springframework/spring-webmvc/4.3.10.RELEASE/spring-webmvc-4.3.10.RELEASE.jar
7fc5c83ac000-7fc5c83c5000 r--s 000fe000 08:01 946589                     /home/meli/.m2/repository/org/springframework/spring-context/4.3.10.RELEASE/spring-context-4.3.10.RELEASE.jar
7fc5c83c5000-7fc5c83d3000 r--s 000ad000 08:01 1211222                    /home/meli/.m2/repository/org/springframework/spring-beans/4.3.10.RELEASE/spring-beans-4.3.10.RELEASE.jar
7fc5c83d3000-7fc5c83dc000 r--s 00054000 08:01 1194042                    /home/meli/.m2/repository/org/springframework/spring-aop/4.3.10.RELEASE/spring-aop-4.3.10.RELEASE.jar
7fc5c83dc000-7fc5c83ed000 r--s 000b8000 08:01 946587                     /home/meli/.m2/repository/org/springframework/spring-web/4.3.10.RELEASE/spring-web-4.3.10.RELEASE.jar
7fc5c83ed000-7fc5c83f1000 r--s 00042000 08:01 946585                     /home/meli/.m2/repository/com/fasterxml/jackson/core/jackson-core/2.8.9/jackson-core-2.8.9.jar
7fc5c83f1000-7fc5c83f4000 r--s 0000b000 08:01 946583                     /home/meli/.m2/repository/com/fasterxml/jackson/core/jackson-annotations/2.8.0/jackson-annotations-2.8.0.jar
7fc5c83f4000-7fc5c8406000 r--s 0011e000 08:01 946581                     /home/meli/.m2/repository/com/fasterxml/jackson/core/jackson-databind/2.8.9/jackson-databind-2.8.9.jar
7fc5c8406000-7fc5c8409000 r--s 0000e000 08:01 1603882                    /home/meli/.m2/repository/org/jboss/logging/jboss-logging/3.3.1.Final/jboss-logging-3.3.1.Final.jar
7fc5c8409000-7fc5c840d000 r--s 0000c000 08:01 1342845                    /home/meli/.m2/repository/javax/validation/validation-api/1.1.0.Final/validation-api-1.1.0.Final.jar
7fc5c840d000-7fc5c841e000 r--s 000a1000 08:01 946577                     /home/meli/.m2/repository/org/hibernate/hibernate-validator/5.3.5.Final/hibernate-validator-5.3.5.Final.jar
7fc5c841e000-7fc5c8424000 r--s 00037000 08:01 946575                     /home/meli/.m2/repository/org/apache/tomcat/embed/tomcat-embed-websocket/8.5.16/tomcat-embed-websocket-8.5.16.jar
7fc5c8424000-7fc5c844d000 r--s 002c2000 08:01 946571                     /home/meli/.m2/repository/org/apache/tomcat/embed/tomcat-embed-core/8.5.16/tomcat-embed-core-8.5.16.jar
7fc5c844d000-7fc5c8458000 r--s 0006a000 08:01 930450                     /home/meli/.m2/repository/ch/qos/logback/logback-core/1.1.11/logback-core-1.1.11.jar
7fc5c8458000-7fc5c8479000 r--s 000e5000 08:01 1342843                    /home/meli/.m2/repository/org/springframework/boot/spring-boot-autoconfigure/1.5.6.RELEASE/spring-boot-autoconfigure-1.5.6.RELEASE.jar
7fc5c8479000-7fc5c8489000 r--s 00095000 08:01 946567                     /home/meli/.m2/repository/org/springframework/boot/spring-boot/1.5.6.RELEASE/spring-boot-1.5.6.RELEASE.jar
7fc5c8489000-7fc5c848a000 ---p 00000000 00:00 0 
7fc5c848a000-7fc5c858a000 rw-p 00000000 00:00 0 
7fc5c858a000-7fc5c858d000 ---p 00000000 00:00 0 
7fc5c858d000-7fc5c868b000 rw-p 00000000 00:00 0 
7fc5c868b000-7fc5c868e000 ---p 00000000 00:00 0 
7fc5c868e000-7fc5c878c000 rw-p 00000000 00:00 0 
7fc5c878c000-7fc5c878f000 ---p 00000000 00:00 0 
7fc5c878f000-7fc5c888d000 rw-p 00000000 00:00 0 
7fc5c888d000-7fc5c8890000 ---p 00000000 00:00 0 
7fc5c8890000-7fc5c898e000 rw-p 00000000 00:00 0 
7fc5c898e000-7fc5c8c66000 r--p 00000000 08:01 1312634                    /usr/lib/locale/locale-archive
7fc5c8c66000-7fc5c8c69000 ---p 00000000 00:00 0 
7fc5c8c69000-7fc5c8d67000 rw-p 00000000 00:00 0 
7fc5c8d67000-7fc5c8d6a000 ---p 00000000 00:00 0 
7fc5c8d6a000-7fc5c8e68000 rw-p 00000000 00:00 0 
7fc5c8e68000-7fc5c8e69000 ---p 00000000 00:00 0 
7fc5c8e69000-7fc5c98e2000 rw-p 00000000 00:00 0 
7fc5c98e2000-7fc5c9abb000 r--s 03d40000 08:01 287660                     /opt/jdk1.8.0_131/jre/lib/rt.jar
7fc5c9abb000-7fc5cc3dd000 rw-p 00000000 00:00 0 
7fc5cc3dd000-7fc5cc3de000 ---p 00000000 00:00 0 
7fc5cc3de000-7fc5cc4f3000 rw-p 00000000 00:00 0 
7fc5cc4f3000-7fc5cc626000 ---p 00000000 00:00 0 
7fc5cc626000-7fc5cc63b000 rw-p 00000000 00:00 0 
7fc5cc63b000-7fc5cc76e000 ---p 00000000 00:00 0 
7fc5cc76e000-7fc5cc780000 rw-p 00000000 00:00 0 
7fc5cc780000-7fc5cc812000 ---p 00000000 00:00 0 
7fc5cc812000-7fc5cc823000 rw-p 00000000 00:00 0 
7fc5cc823000-7fc5ccbd3000 ---p 00000000 00:00 0 
7fc5ccbd3000-7fc5ccfd3000 rwxp 00000000 00:00 0 
7fc5ccfd3000-7fc5dbbd3000 ---p 00000000 00:00 0 
7fc5dbbd3000-7fc5dbbed000 r-xp 00000000 08:01 287744                     /opt/jdk1.8.0_131/jre/lib/amd64/libzip.so
7fc5dbbed000-7fc5dbded000 ---p 0001a000 08:01 287744                     /opt/jdk1.8.0_131/jre/lib/amd64/libzip.so
7fc5dbded000-7fc5dbdee000 rw-p 0001a000 08:01 287744                     /opt/jdk1.8.0_131/jre/lib/amd64/libzip.so
7fc5dbdee000-7fc5dbdf9000 r-xp 00000000 08:01 1055457                    /lib/x86_64-linux-gnu/libnss_files-2.23.so
7fc5dbdf9000-7fc5dbff8000 ---p 0000b000 08:01 1055457                    /lib/x86_64-linux-gnu/libnss_files-2.23.so
7fc5dbff8000-7fc5dbff9000 r--p 0000a000 08:01 1055457                    /lib/x86_64-linux-gnu/libnss_files-2.23.so
7fc5dbff9000-7fc5dbffa000 rw-p 0000b000 08:01 1055457                    /lib/x86_64-linux-gnu/libnss_files-2.23.so
7fc5dbffa000-7fc5dc000000 rw-p 00000000 00:00 0 
7fc5dc000000-7fc5dc637000 rw-p 00000000 00:00 0 
7fc5dc637000-7fc5e0000000 ---p 00000000 00:00 0 
7fc5e0000000-7fc5e0002000 r--s 0000e000 08:01 946579                     /home/meli/.m2/repository/com/fasterxml/classmate/1.3.3/classmate-1.3.3.jar
7fc5e0002000-7fc5e0007000 r--s 00036000 08:01 946573                     /home/meli/.m2/repository/org/apache/tomcat/embed/tomcat-embed-el/8.5.16/tomcat-embed-el-8.5.16.jar
7fc5e0007000-7fc5e0008000 ---p 00000000 00:00 0 
7fc5e0008000-7fc5e0108000 rw-p 00000000 00:00 0 
7fc5e0108000-7fc5e0113000 r-xp 00000000 08:01 1055450                    /lib/x86_64-linux-gnu/libnss_nis-2.23.so
7fc5e0113000-7fc5e0312000 ---p 0000b000 08:01 1055450                    /lib/x86_64-linux-gnu/libnss_nis-2.23.so
7fc5e0312000-7fc5e0313000 r--p 0000a000 08:01 1055450                    /lib/x86_64-linux-gnu/libnss_nis-2.23.so
7fc5e0313000-7fc5e0314000 rw-p 0000b000 08:01 1055450                    /lib/x86_64-linux-gnu/libnss_nis-2.23.so
7fc5e0314000-7fc5e032a000 r-xp 00000000 08:01 1055452                    /lib/x86_64-linux-gnu/libnsl-2.23.so
7fc5e032a000-7fc5e0529000 ---p 00016000 08:01 1055452                    /lib/x86_64-linux-gnu/libnsl-2.23.so
7fc5e0529000-7fc5e052a000 r--p 00015000 08:01 1055452                    /lib/x86_64-linux-gnu/libnsl-2.23.so
7fc5e052a000-7fc5e052b000 rw-p 00016000 08:01 1055452                    /lib/x86_64-linux-gnu/libnsl-2.23.so
7fc5e052b000-7fc5e052d000 rw-p 00000000 00:00 0 
7fc5e052d000-7fc5e0535000 r-xp 00000000 08:01 1055459                    /lib/x86_64-linux-gnu/libnss_compat-2.23.so
7fc5e0535000-7fc5e0734000 ---p 00008000 08:01 1055459                    /lib/x86_64-linux-gnu/libnss_compat-2.23.so
7fc5e0734000-7fc5e0735000 r--p 00007000 08:01 1055459                    /lib/x86_64-linux-gnu/libnss_compat-2.23.so
7fc5e0735000-7fc5e0736000 rw-p 00008000 08:01 1055459                    /lib/x86_64-linux-gnu/libnss_compat-2.23.so
7fc5e0736000-7fc5e0761000 r-xp 00000000 08:01 287738                     /opt/jdk1.8.0_131/jre/lib/amd64/libjava.so
7fc5e0761000-7fc5e0960000 ---p 0002b000 08:01 287738                     /opt/jdk1.8.0_131/jre/lib/amd64/libjava.so
7fc5e0960000-7fc5e0962000 rw-p 0002a000 08:01 287738                     /opt/jdk1.8.0_131/jre/lib/amd64/libjava.so
7fc5e0962000-7fc5e096f000 r-xp 00000000 08:01 287743                     /opt/jdk1.8.0_131/jre/lib/amd64/libverify.so
7fc5e096f000-7fc5e0b6e000 ---p 0000d000 08:01 287743                     /opt/jdk1.8.0_131/jre/lib/amd64/libverify.so
7fc5e0b6e000-7fc5e0b70000 rw-p 0000c000 08:01 287743                     /opt/jdk1.8.0_131/jre/lib/amd64/libverify.so
7fc5e0b70000-7fc5e0b77000 r-xp 00000000 08:01 1055460                    /lib/x86_64-linux-gnu/librt-2.23.so
7fc5e0b77000-7fc5e0d76000 ---p 00007000 08:01 1055460                    /lib/x86_64-linux-gnu/librt-2.23.so
7fc5e0d76000-7fc5e0d77000 r--p 00006000 08:01 1055460                    /lib/x86_64-linux-gnu/librt-2.23.so
7fc5e0d77000-7fc5e0d78000 rw-p 00007000 08:01 1055460                    /lib/x86_64-linux-gnu/librt-2.23.so
7fc5e0d78000-7fc5e0e80000 r-xp 00000000 08:01 1055451                    /lib/x86_64-linux-gnu/libm-2.23.so
7fc5e0e80000-7fc5e107f000 ---p 00108000 08:01 1055451                    /lib/x86_64-linux-gnu/libm-2.23.so
7fc5e107f000-7fc5e1080000 r--p 00107000 08:01 1055451                    /lib/x86_64-linux-gnu/libm-2.23.so
7fc5e1080000-7fc5e1081000 rw-p 00108000 08:01 1055451                    /lib/x86_64-linux-gnu/libm-2.23.so
7fc5e1081000-7fc5e1d50000 r-xp 00000000 08:01 550843                     /opt/jdk1.8.0_131/jre/lib/amd64/server/libjvm.so
7fc5e1d50000-7fc5e1f50000 ---p 00ccf000 08:01 550843                     /opt/jdk1.8.0_131/jre/lib/amd64/server/libjvm.so
7fc5e1f50000-7fc5e2029000 rw-p 00ccf000 08:01 550843                     /opt/jdk1.8.0_131/jre/lib/amd64/server/libjvm.so
7fc5e2029000-7fc5e2074000 rw-p 00000000 00:00 0 
7fc5e2074000-7fc5e2233000 r-xp 00000000 08:01 1055453                    /lib/x86_64-linux-gnu/libc-2.23.so
7fc5e2233000-7fc5e2433000 ---p 001bf000 08:01 1055453                    /lib/x86_64-linux-gnu/libc-2.23.so
7fc5e2433000-7fc5e2437000 r--p 001bf000 08:01 1055453                    /lib/x86_64-linux-gnu/libc-2.23.so
7fc5e2437000-7fc5e2439000 rw-p 001c3000 08:01 1055453                    /lib/x86_64-linux-gnu/libc-2.23.so
7fc5e2439000-7fc5e243d000 rw-p 00000000 00:00 0 
7fc5e243d000-7fc5e2440000 r-xp 00000000 08:01 1055449                    /lib/x86_64-linux-gnu/libdl-2.23.so
7fc5e2440000-7fc5e263f000 ---p 00003000 08:01 1055449                    /lib/x86_64-linux-gnu/libdl-2.23.so
7fc5e263f000-7fc5e2640000 r--p 00002000 08:01 1055449                    /lib/x86_64-linux-gnu/libdl-2.23.so
7fc5e2640000-7fc5e2641000 rw-p 00003000 08:01 1055449                    /lib/x86_64-linux-gnu/libdl-2.23.so
7fc5e2641000-7fc5e2656000 r-xp 00000000 08:01 287478                     /opt/jdk1.8.0_131/lib/amd64/jli/libjli.so
7fc5e2656000-7fc5e2856000 ---p 00015000 08:01 287478                     /opt/jdk1.8.0_131/lib/amd64/jli/libjli.so
7fc5e2856000-7fc5e2857000 rw-p 00015000 08:01 287478                     /opt/jdk1.8.0_131/lib/amd64/jli/libjli.so
7fc5e2857000-7fc5e286f000 r-xp 00000000 08:01 1055464                    /lib/x86_64-linux-gnu/libpthread-2.23.so
7fc5e286f000-7fc5e2a6e000 ---p 00018000 08:01 1055464                    /lib/x86_64-linux-gnu/libpthread-2.23.so
7fc5e2a6e000-7fc5e2a6f000 r--p 00017000 08:01 1055464                    /lib/x86_64-linux-gnu/libpthread-2.23.so
7fc5e2a6f000-7fc5e2a70000 rw-p 00018000 08:01 1055464                    /lib/x86_64-linux-gnu/libpthread-2.23.so
7fc5e2a70000-7fc5e2a74000 rw-p 00000000 00:00 0 
7fc5e2a74000-7fc5e2a9a000 r-xp 00000000 08:01 1055454                    /lib/x86_64-linux-gnu/ld-2.23.so
7fc5e2a9a000-7fc5e2a9b000 r--s 00000000 08:01 946569                     /home/meli/.m2/repository/org/springframework/boot/spring-boot-starter-tomcat/1.5.6.RELEASE/spring-boot-starter-tomcat-1.5.6.RELEASE.jar
7fc5e2a9b000-7fc5e2aa1000 r--s 0003d000 08:01 930460                     /home/meli/.m2/repository/org/yaml/snakeyaml/1.17/snakeyaml-1.17.jar
7fc5e2aa1000-7fc5e2aa3000 r--s 00004000 08:01 930456                     /home/meli/.m2/repository/org/slf4j/log4j-over-slf4j/1.7.25/log4j-over-slf4j-1.7.25.jar
7fc5e2aa3000-7fc5e2b7c000 rw-p 00000000 00:00 0 
7fc5e2b7c000-7fc5e2b7f000 ---p 00000000 00:00 0 
7fc5e2b7f000-7fc5e2c81000 rw-p 00000000 00:00 0 
7fc5e2c81000-7fc5e2c83000 r--s 00000000 08:01 930454                     /home/meli/.m2/repository/org/slf4j/jul-to-slf4j/1.7.25/jul-to-slf4j-1.7.25.jar
7fc5e2c83000-7fc5e2c8a000 r--s 00045000 08:01 930448                     /home/meli/.m2/repository/ch/qos/logback/logback-classic/1.1.11/logback-classic-1.1.11.jar
7fc5e2c8a000-7fc5e2c8b000 r--s 00000000 08:01 672719                     /home/meli/.m2/repository/org/springframework/boot/spring-boot-starter-logging/1.5.6.RELEASE/spring-boot-starter-logging-1.5.6.RELEASE.jar
7fc5e2c8b000-7fc5e2c8c000 r--s 00000000 08:01 946565                     /home/meli/.m2/repository/org/springframework/boot/spring-boot-starter/1.5.6.RELEASE/spring-boot-starter-1.5.6.RELEASE.jar
7fc5e2c8c000-7fc5e2c8d000 r--s 00000000 08:01 946563                     /home/meli/.m2/repository/org/springframework/boot/spring-boot-starter-web/1.5.6.RELEASE/spring-boot-starter-web-1.5.6.RELEASE.jar
7fc5e2c8d000-7fc5e2c95000 rw-s 00000000 08:01 2011432                    /tmp/hsperfdata_meli/3964
7fc5e2c95000-7fc5e2c96000 rw-p 00000000 00:00 0 
7fc5e2c96000-7fc5e2c97000 ---p 00000000 00:00 0 
7fc5e2c97000-7fc5e2c99000 rw-p 00000000 00:00 0 
7fc5e2c99000-7fc5e2c9a000 r--p 00025000 08:01 1055454                    /lib/x86_64-linux-gnu/ld-2.23.so
7fc5e2c9a000-7fc5e2c9b000 rw-p 00026000 08:01 1055454                    /lib/x86_64-linux-gnu/ld-2.23.so
7fc5e2c9b000-7fc5e2c9c000 rw-p 00000000 00:00 0 
7ffc4afe5000-7ffc4b007000 rw-p 00000000 00:00 0                          [stack]
7ffc4b1e5000-7ffc4b1e7000 r--p 00000000 00:00 0                          [vvar]
7ffc4b1e7000-7ffc4b1e9000 r-xp 00000000 00:00 0                          [vdso]
ffffffffff600000-ffffffffff601000 r-xp 00000000 00:00 0                  [vsyscall]

VM Arguments:
jvm_args: -Dfile.encoding=UTF-8 
java_command: com.ni.NiSpiderApplication
java_class_path (initial): /home/meli/eclipse-workspace/NISpider/target/classes:/home/meli/.m2/repository/org/springframework/boot/spring-boot-starter-web/1.5.6.RELEASE/spring-boot-starter-web-1.5.6.RELEASE.jar:/home/meli/.m2/repository/org/springframework/boot/spring-boot-starter/1.5.6.RELEASE/spring-boot-starter-1.5.6.RELEASE.jar:/home/meli/.m2/repository/org/springframework/boot/spring-boot/1.5.6.RELEASE/spring-boot-1.5.6.RELEASE.jar:/home/meli/.m2/repository/org/springframework/boot/spring-boot-autoconfigure/1.5.6.RELEASE/spring-boot-autoconfigure-1.5.6.RELEASE.jar:/home/meli/.m2/repository/org/springframework/boot/spring-boot-starter-logging/1.5.6.RELEASE/spring-boot-starter-logging-1.5.6.RELEASE.jar:/home/meli/.m2/repository/ch/qos/logback/logback-classic/1.1.11/logback-classic-1.1.11.jar:/home/meli/.m2/repository/ch/qos/logback/logback-core/1.1.11/logback-core-1.1.11.jar:/home/meli/.m2/repository/org/slf4j/jul-to-slf4j/1.7.25/jul-to-slf4j-1.7.25.jar:/home/meli/.m2/repository/org/slf4j/log4j-over-slf4j/1.7.25/log4j-over-slf4j-1.7.25.jar:/home/meli/.m2/repository/org/yaml/snakeyaml/1.17/snakeyaml-1.17.jar:/home/meli/.m2/repository/org/springframework/boot/spring-boot-starter-tomcat/1.5.6.RELEASE/spring-boot-starter-tomcat-1.5.6.RELEASE.jar:/home/meli/.m2/repository/org/apache/tomcat/embed/tomcat-embed-core/8.5.16/tomcat-embed-core-8.5.16.jar:/home/meli/.m2/repository/org/apache/tomcat/embed/tomcat-embed-el/8.5.16/tomcat-embed-el-8.5.16.jar:/home/meli/.m2/repository/org/apache/tomcat/embed/tomcat-embed-websocket/8.5.16/tomcat-embed-websocket-8.5.16.jar:/home/meli/.m2/repository/org/hibernate/hibernate-validator/5.3.5.Final/hibernate-validator-5.3.5.Final.jar:/home/meli/.m2/repository/javax/validation/validation-api/1.1.0.Final/validation-api-1.1.0.Final.jar:/home/meli/.m2/repository/org/jboss/logging/jboss-logging/3.3.1.Final/jboss-logging-3.3.1.Final.jar:/home/meli/.m2/repository/com/fasterxml/classmate/1.3.3/classmate-1.3.3.jar:/home/meli/.m2/repository/com/
Launcher Type: SUN_STANDARD

Environment Variables:
JAVA_HOME=/opt/jdk1.8.0_131
CLASSPATH=.:/opt/jdk1.8.0_131
PATH=/home/meli/bin:/home/meli/.local/bin:/opt/jdk1.8.0_131/bin:/usr/local/sbin:/usr/local/bin:/usr/sbin:/usr/bin:/sbin:/bin:/usr/games:/usr/local/games:/snap/bin
SHELL=/bin/bash
DISPLAY=:0

Signal Handlers:
SIGSEGV: [libjvm.so+0xac8af0], sa_mask[0]=11111111011111111101111111111110, sa_flags=SA_RESTART|SA_SIGINFO
SIGBUS: [libjvm.so+0xac8af0], sa_mask[0]=11111111011111111101111111111110, sa_flags=SA_RESTART|SA_SIGINFO
SIGFPE: [libjvm.so+0x921dd0], sa_mask[0]=11111111011111111101111111111110, sa_flags=SA_RESTART|SA_SIGINFO
SIGPIPE: [libjvm.so+0x921dd0], sa_mask[0]=11111111011111111101111111111110, sa_flags=SA_RESTART|SA_SIGINFO
SIGXFSZ: [libjvm.so+0x921dd0], sa_mask[0]=11111111011111111101111111111110, sa_flags=SA_RESTART|SA_SIGINFO
SIGILL: [libjvm.so+0x921dd0], sa_mask[0]=11111111011111111101111111111110, sa_flags=SA_RESTART|SA_SIGINFO
SIGUSR1: SIG_DFL, sa_mask[0]=00000000000000000000000000000000, sa_flags=none
SIGUSR2: [libjvm.so+0x923610], sa_mask[0]=00100000000000000000000000000000, sa_flags=SA_RESTART|SA_SIGINFO
SIGHUP: [libjvm.so+0x924a10], sa_mask[0]=11111111011111111101111111111110, sa_flags=SA_RESTART|SA_SIGINFO
SIGINT: [libjvm.so+0x924a10], sa_mask[0]=11111111011111111101111111111110, sa_flags=SA_RESTART|SA_SIGINFO
SIGTERM: [libjvm.so+0x924a10], sa_mask[0]=11111111011111111101111111111110, sa_flags=SA_RESTART|SA_SIGINFO
SIGQUIT: [libjvm.so+0x924a10], sa_mask[0]=11111111011111111101111111111110, sa_flags=SA_RESTART|SA_SIGINFO


---------------  S Y S T E M  ---------------

OS:DISTRIB_ID=Ubuntu
DISTRIB_RELEASE=16.04
DISTRIB_CODENAME=xenial
DISTRIB_DESCRIPTION="Ubuntu 16.04.2 LTS"

uname:Linux 4.8.0-52-generic #55~16.04.1-Ubuntu SMP Fri Apr 28 14:36:29 UTC 2017 x86_64
libc:glibc 2.23 NPTL 2.23 
rlimit: STACK 8192k, CORE 0k, NPROC 15564, NOFILE 65536, AS infinity
load average:0.93 0.56 0.28

/proc/meminfo:
MemTotal:        4026824 kB
MemFree:          107032 kB
MemAvailable:       9760 kB
Buffers:             372 kB
Cached:            92376 kB
SwapCached:            0 kB
Active:          3350060 kB
Inactive:          84524 kB
Active(anon):    3342968 kB
Inactive(anon):    76744 kB
Active(file):       7092 kB
Inactive(file):     7780 kB
Unevictable:          32 kB
Mlocked:              32 kB
SwapTotal:             0 kB
SwapFree:              0 kB
Dirty:               112 kB
Writeback:             0 kB
AnonPages:       3341952 kB
Mapped:            86948 kB
Shmem:             77792 kB
Slab:              82128 kB
SReclaimable:      31804 kB
SUnreclaim:        50324 kB
KernelStack:       12544 kB
PageTables:        37468 kB
NFS_Unstable:          0 kB
Bounce:                0 kB
WritebackTmp:          0 kB
CommitLimit:     2013412 kB
Committed_AS:    6276240 kB
VmallocTotal:   34359738367 kB
VmallocUsed:           0 kB
VmallocChunk:          0 kB
HardwareCorrupted:     0 kB
AnonHugePages:   1566720 kB
ShmemHugePages:        0 kB
ShmemPmdMapped:        0 kB
CmaTotal:              0 kB
CmaFree:               0 kB
HugePages_Total:       0
HugePages_Free:        0
HugePages_Rsvd:        0
HugePages_Surp:        0
Hugepagesize:       2048 kB
DirectMap4k:       85824 kB
DirectMap2M:     3059712 kB
DirectMap1G:     3145728 kB


CPU:total 2 (initial active 2) (1 cores per cpu, 1 threads per core) family 6 model 60 stepping 3, cmov, cx8, fxsr, mmx, sse, sse2, sse3, ssse3, sse4.1, sse4.2, popcnt, avx, avx2, aes, clmul, erms, lzcnt, tsc, tscinvbit, bmi1, bmi2

/proc/cpuinfo:
processor	: 0
vendor_id	: GenuineIntel
cpu family	: 6
model		: 60
model name	: Intel(R) Core(TM) i7-4770 CPU @ 3.40GHz
stepping	: 3
microcode	: 0x17
cpu MHz		: 3392.039
cache size	: 8192 KB
physical id	: 0
siblings	: 1
core id		: 0
cpu cores	: 1
apicid		: 0
initial apicid	: 0
fpu		: yes
fpu_exception	: yes
cpuid level	: 13
wp		: yes
flags		: fpu vme de pse tsc msr pae mce cx8 apic sep mtrr pge mca cmov pat pse36 clflush dts mmx fxsr sse sse2 ss syscall nx pdpe1gb rdtscp lm constant_tsc arch_perfmon pebs bts nopl xtopology tsc_reliable nonstop_tsc aperfmperf eagerfpu pni pclmulqdq ssse3 fma cx16 pcid sse4_1 sse4_2 x2apic movbe popcnt tsc_deadline_timer aes xsave avx f16c rdrand hypervisor lahf_lm abm epb fsgsbase tsc_adjust bmi1 avx2 smep bmi2 invpcid xsaveopt dtherm ida arat pln pts
bugs		:
bogomips	: 6784.45
clflush size	: 64
cache_alignment	: 64
address sizes	: 42 bits physical, 48 bits virtual
power management:

processor	: 1
vendor_id	: GenuineIntel
cpu family	: 6
model		: 60
model name	: Intel(R) Core(TM) i7-4770 CPU @ 3.40GHz
stepping	: 3
microcode	: 0x17
cpu MHz		: 3392.039
cache size	: 8192 KB
physical id	: 2
siblings	: 1
core id		: 0
cpu cores	: 1
apicid		: 2
initial apicid	: 2
fpu		: yes
fpu_exception	: yes
cpuid level	: 13
wp		: yes
flags		: fpu vme de pse tsc msr pae mce cx8 apic sep mtrr pge mca cmov pat pse36 clflush dts mmx fxsr sse sse2 ss syscall nx pdpe1gb rdtscp lm constant_tsc arch_perfmon pebs bts nopl xtopology tsc_reliable nonstop_tsc aperfmperf eagerfpu pni pclmulqdq ssse3 fma cx16 pcid sse4_1 sse4_2 x2apic movbe popcnt tsc_deadline_timer aes xsave avx f16c rdrand hypervisor lahf_lm abm epb fsgsbase tsc_adjust bmi1 avx2 smep bmi2 invpcid xsaveopt dtherm ida arat pln pts
bugs		:
bogomips	: 6784.45
clflush size	: 64
cache_alignment	: 64
address sizes	: 42 bits physical, 48 bits virtual
power management:



Memory: 4k page, physical 4026824k(106908k free), swap 0k(0k free)

vm_info: Java HotSpot(TM) 64-Bit Server VM (25.131-b11) for linux-amd64 JRE (1.8.0_131-b11), built on Mar 15 2017 01:23:40 by "java_re" with gcc 4.3.0 20080428 (Red Hat 4.3.0-8)

time: Sat Sep 16 20:31:47 2017
elapsed time: 5 seconds (0d 0h 0m 5s)

