#
# There is insufficient memory for the Java Runtime Environment to continue.
# Native memory allocation (mmap) failed to map 90177536 bytes for committing reserved memory.
# Possible reasons:
#   The system is out of physical RAM or swap space
#   In 32 bit mode, the process size limit was hit
# Possible solutions:
#   Reduce memory load on the system
#   Increase physical memory or swap space
#   Check if swap backing store is full
#   Use 64 bit Java on a 64 bit OS
#   Decrease Java heap size (-Xmx/-Xms)
#   Decrease number of Java threads
#   Decrease Java thread stack sizes (-Xss)
#   Set larger code cache with -XX:ReservedCodeCacheSize=
# This output file may be truncated or incomplete.
#
#  Out of Memory Error (os_linux.cpp:2640), pid=8007, tid=0x00007fbe181ba700
#
# JRE version: Java(TM) SE Runtime Environment (8.0_131-b11) (build 1.8.0_131-b11)
# Java VM: Java HotSpot(TM) 64-Bit Server VM (25.131-b11 mixed mode linux-amd64 compressed oops)
# Failed to write core dump. Core dumps have been disabled. To enable core dumping, try "ulimit -c unlimited" before starting Java again
#

---------------  T H R E A D  ---------------

Current thread (0x00007fbe2c078800):  VMThread [stack: 0x00007fbe180ba000,0x00007fbe181bb000] [id=8018]

Stack: [0x00007fbe180ba000,0x00007fbe181bb000],  sp=0x00007fbe181b90a0,  free space=1020k
Native frames: (J=compiled Java code, j=interpreted, Vv=VM code, C=native code)
V  [libjvm.so+0xac826a]  VMError::report_and_die()+0x2ba
V  [libjvm.so+0x4fd4cb]  report_vm_out_of_memory(char const*, int, unsigned long, VMErrorType, char const*)+0x8b
V  [libjvm.so+0x924f53]  os::Linux::commit_memory_impl(char*, unsigned long, bool)+0x103
V  [libjvm.so+0x9254a9]  os::pd_commit_memory(char*, unsigned long, unsigned long, bool)+0x29
V  [libjvm.so+0x91f6ca]  os::commit_memory(char*, unsigned long, unsigned long, bool)+0x2a
V  [libjvm.so+0x9941e3]  PSVirtualSpace::expand_by(unsigned long)+0x53
V  [libjvm.so+0x9955e8]  PSYoungGen::resize_generation(unsigned long, unsigned long)+0xf8
V  [libjvm.so+0x994742]  PSYoungGen::resize(unsigned long, unsigned long)+0x22
V  [libjvm.so+0x991a1b]  PSScavenge::invoke_no_policy()+0xf3b
V  [libjvm.so+0x9921a1]  PSScavenge::invoke()+0x41
V  [libjvm.so+0x948f00]  ParallelScavengeHeap::failed_mem_allocate(unsigned long)+0x70
V  [libjvm.so+0xac9c87]  VM_ParallelGCFailedAllocation::doit()+0x97
V  [libjvm.so+0xad1765]  VM_Operation::evaluate()+0x55
V  [libjvm.so+0xacfb3a]  VMThread::evaluate_operation(VM_Operation*)+0xba
V  [libjvm.so+0xacfebe]  VMThread::loop()+0x1ce
V  [libjvm.so+0xad0330]  VMThread::run()+0x70
V  [libjvm.so+0x927568]  java_start(Thread*)+0x108

VM_Operation (0x00007fbe082e4b00): ParallelGCFailedAllocation, mode: safepoint, requested by thread 0x00007fbe2d736000


---------------  P R O C E S S  ---------------

Java Threads: ( => current thread )
  0x00007fbe2c00e800 JavaThread "DestroyJavaVM" [_thread_blocked, id=8014, stack(0x00007fbe324e7000,0x00007fbe325e8000)]
  0x00007fbe2d784000 JavaThread "http-nio-8080-AsyncTimeout" daemon [_thread_blocked, id=8068, stack(0x00007fbddb1f4000,0x00007fbddb2f5000)]
  0x00007fbe2d783000 JavaThread "http-nio-8080-Acceptor-0" daemon [_thread_in_native, id=8066, stack(0x00007fbddb2f5000,0x00007fbddb3f6000)]
  0x00007fbe2d77d800 JavaThread "http-nio-8080-ClientPoller-1" daemon [_thread_blocked, id=8064, stack(0x00007fbddb3f6000,0x00007fbddb4f7000)]
  0x00007fbe2d74a000 JavaThread "http-nio-8080-ClientPoller-0" daemon [_thread_blocked, id=8063, stack(0x00007fbddb4f7000,0x00007fbddb5f8000)]
  0x00007fbe2d747000 JavaThread "http-nio-8080-exec-10" daemon [_thread_blocked, id=8062, stack(0x00007fbddb5f8000,0x00007fbddb6f9000)]
  0x00007fbe2d745000 JavaThread "http-nio-8080-exec-9" daemon [_thread_blocked, id=8060, stack(0x00007fbddb6f9000,0x00007fbddb7fa000)]
  0x00007fbe2d743000 JavaThread "http-nio-8080-exec-8" daemon [_thread_blocked, id=8059, stack(0x00007fbddb7fa000,0x00007fbddb8fb000)]
  0x00007fbe2d741000 JavaThread "http-nio-8080-exec-7" daemon [_thread_blocked, id=8058, stack(0x00007fbddb8fb000,0x00007fbddb9fc000)]
  0x00007fbe2d73f000 JavaThread "http-nio-8080-exec-6" daemon [_thread_blocked, id=8056, stack(0x00007fbddb9fc000,0x00007fbddbafd000)]
  0x00007fbe2d73d000 JavaThread "http-nio-8080-exec-5" daemon [_thread_blocked, id=8054, stack(0x00007fbddbafd000,0x00007fbddbbfe000)]
  0x00007fbe2d73b800 JavaThread "http-nio-8080-exec-4" daemon [_thread_blocked, id=8053, stack(0x00007fbddbbfe000,0x00007fbddbcff000)]
  0x00007fbe2d739800 JavaThread "http-nio-8080-exec-3" daemon [_thread_blocked, id=8052, stack(0x00007fbddbcff000,0x00007fbddbe00000)]
  0x00007fbe2d737800 JavaThread "http-nio-8080-exec-2" daemon [_thread_blocked, id=8051, stack(0x00007fbe080e7000,0x00007fbe081e8000)]
  0x00007fbe2d736000 JavaThread "http-nio-8080-exec-1" daemon [_thread_blocked, id=8050, stack(0x00007fbe081e8000,0x00007fbe082e9000)]
  0x00007fbe2d733800 JavaThread "NioBlockingSelector.BlockPoller-1" daemon [_thread_blocked, id=8049, stack(0x00007fbe082e9000,0x00007fbe083ea000)]
  0x00007fbe2c8e3000 JavaThread "Abandoned connection cleanup thread" daemon [_thread_blocked, id=8046, stack(0x00007fbe08fea000,0x00007fbe090eb000)]
  0x00007fbe2c104800 JavaThread "Tomcat JDBC Pool Cleaner[414493378:1505900238970]" daemon [_thread_blocked, id=8045, stack(0x00007fbe090eb000,0x00007fbe091ec000)]
  0x00007fbe2c97e000 JavaThread "container-0" [_thread_blocked, id=8044, stack(0x00007fbe091ec000,0x00007fbe092ed000)]
  0x00007fbe2c97c800 JavaThread "ContainerBackgroundProcessor[StandardEngine[Tomcat]]" daemon [_thread_blocked, id=8043, stack(0x00007fbe097b3000,0x00007fbe098b4000)]
  0x00007fbe2c0d0000 JavaThread "Service Thread" daemon [_thread_blocked, id=8032, stack(0x00007fbe0b4f3000,0x00007fbe0b5f4000)]
  0x00007fbe2c0cd000 JavaThread "C1 CompilerThread1" daemon [_thread_blocked, id=8031, stack(0x00007fbe0b5f4000,0x00007fbe0b6f5000)]
  0x00007fbe2c0ca000 JavaThread "C2 CompilerThread0" daemon [_thread_blocked, id=8030, stack(0x00007fbe0b6f5000,0x00007fbe0b7f6000)]
  0x00007fbdf4001000 JavaThread "JDWP Command Reader" daemon [_thread_in_native, id=8027, stack(0x00007fbe0b7f6000,0x00007fbe0b8f7000)]
  0x00007fbe2c0c8000 JavaThread "JDWP Event Helper Thread" daemon [_thread_blocked, id=8026, stack(0x00007fbe0b8f7000,0x00007fbe0b9f8000)]
  0x00007fbe2c0c4800 JavaThread "JDWP Transport Listener: dt_socket" daemon [_thread_blocked, id=8025, stack(0x00007fbe0b9f8000,0x00007fbe0baf9000)]
  0x00007fbe2c0b6800 JavaThread "Signal Dispatcher" daemon [_thread_blocked, id=8021, stack(0x00007fbe0bcfd000,0x00007fbe0bdfe000)]
  0x00007fbe2c084800 JavaThread "Finalizer" daemon [_thread_blocked, id=8020, stack(0x00007fbe0bdfe000,0x00007fbe0beff000)]
  0x00007fbe2c080000 JavaThread "Reference Handler" daemon [_thread_blocked, id=8019, stack(0x00007fbe0beff000,0x00007fbe0c000000)]

Other Threads:
=>0x00007fbe2c078800 VMThread [stack: 0x00007fbe180ba000,0x00007fbe181bb000] [id=8018]
  0x00007fbe2c0d3000 WatcherThread [stack: 0x00007fbe0b3f2000,0x00007fbe0b4f3000] [id=8033]

VM state:at safepoint (normal execution)

VM Mutex/Monitor currently owned by a thread:  ([mutex/lock_event])
[0x00007fbe2c00b040] Threads_lock - owner thread: 0x00007fbe2c078800
[0x00007fbe2c00b540] Heap_lock - owner thread: 0x00007fbe2d736000

Heap:
 PSYoungGen      total 210944K, used 3437K [0x00000000eb800000, 0x00000000f9780000, 0x0000000100000000)
  eden space 195072K, 0% used [0x00000000eb800000,0x00000000eb800000,0x00000000f7680000)
  from space 15872K, 21% used [0x00000000f7880000,0x00000000f7bdb630,0x00000000f8800000)
  to   space 12800K, 0% used [0x00000000f8b00000,0x00000000f8b00000,0x00000000f9780000)
 ParOldGen       total 135168K, used 124574K [0x00000000c2800000, 0x00000000cac00000, 0x00000000eb800000)
  object space 135168K, 92% used [0x00000000c2800000,0x00000000ca1a7a30,0x00000000cac00000)
 Metaspace       used 48692K, capacity 49070K, committed 49704K, reserved 1093632K
  class space    used 6207K, capacity 6322K, committed 6440K, reserved 1048576K

Card table byte_map: [0x00007fbe1b8e2000,0x00007fbe1bacf000] byte_map_base: 0x00007fbe1b2ce000

Marking Bits: (ParMarkBitMap*) 0x00007fbe319b1f60
 Begin Bits: [0x00007fbe196d8000, 0x00007fbe1a638000)
 End Bits:   [0x00007fbe1a638000, 0x00007fbe1b598000)

Polling page: 0x00007fbe32601000

CodeCache: size=245760Kb used=12923Kb max_used=13201Kb free=232836Kb
 bounds [0x00007fbe1be8f000, 0x00007fbe1cb8f000, 0x00007fbe2ae8f000]
 total_blobs=4494 nmethods=3985 adapters=429
 compilation: enabled

Compilation events (10 events):
Event: 85.005 Thread 0x00007fbe2c0ca000 4414       4       java.lang.Character::isBmpCodePoint (13 bytes)
Event: 85.005 Thread 0x00007fbe2c0ca000 nmethod 4414 0x00007fbe1c1bedd0 code [0x00007fbe1c1bef20, 0x00007fbe1c1bef98]
Event: 85.006 Thread 0x00007fbe2c0ca000 4613       4       sun.nio.cs.UTF_8$Decoder::malformedN (192 bytes)
Event: 85.171 Thread 0x00007fbe2c0ca000 nmethod 4613 0x00007fbe1c772110 code [0x00007fbe1c772820, 0x00007fbe1c77a098]
Event: 85.171 Thread 0x00007fbe2c0ca000 4614       4       java.lang.Integer::equals (29 bytes)
Event: 85.172 Thread 0x00007fbe2c0ca000 nmethod 4614 0x00007fbe1c19d310 code [0x00007fbe1c19d460, 0x00007fbe1c19d538]
Event: 85.172 Thread 0x00007fbe2c0ca000 4615  s    4       java.nio.charset.CoderResult$Cache::get (109 bytes)
Event: 85.189 Thread 0x00007fbe2c0ca000 nmethod 4615 0x00007fbe1c79bd10 code [0x00007fbe1c79bf60, 0x00007fbe1c79d570]
Event: 85.190 Thread 0x00007fbe2c0ca000 4605       4       sun.nio.cs.UTF_8$Decoder::malformed (29 bytes)
Event: 85.194 Thread 0x00007fbe2c0ca000 nmethod 4605 0x00007fbe1c7cb590 code [0x00007fbe1c7cb720, 0x00007fbe1c7cbc48]

GC Heap History (10 events):
Event: 6.022 GC heap after
Heap after GC invocations=10 (full 1):
 PSYoungGen      total 132608K, used 7145K [0x00000000eb800000, 0x00000000f6280000, 0x0000000100000000)
  eden space 125440K, 0% used [0x00000000eb800000,0x00000000eb800000,0x00000000f3280000)
  from space 7168K, 99% used [0x00000000f3280000,0x00000000f397a798,0x00000000f3980000)
  to   space 9728K, 0% used [0x00000000f5900000,0x00000000f5900000,0x00000000f6280000)
 ParOldGen       total 32768K, used 14321K [0x00000000c2800000, 0x00000000c4800000, 0x00000000eb800000)
  object space 32768K, 43% used [0x00000000c2800000,0x00000000c35fc7f0,0x00000000c4800000)
 Metaspace       used 29219K, capacity 29574K, committed 29824K, reserved 1075200K
  class space    used 3604K, capacity 3706K, committed 3712K, reserved 1048576K
}
Event: 6.796 GC heap before
{Heap before GC invocations=11 (full 1):
 PSYoungGen      total 132608K, used 56456K [0x00000000eb800000, 0x00000000f6280000, 0x0000000100000000)
  eden space 125440K, 39% used [0x00000000eb800000,0x00000000ee8278e8,0x00000000f3280000)
  from space 7168K, 99% used [0x00000000f3280000,0x00000000f397a798,0x00000000f3980000)
  to   space 9728K, 0% used [0x00000000f5900000,0x00000000f5900000,0x00000000f6280000)
 ParOldGen       total 32768K, used 14321K [0x00000000c2800000, 0x00000000c4800000, 0x00000000eb800000)
  object space 32768K, 43% used [0x00000000c2800000,0x00000000c35fc7f0,0x00000000c4800000)
 Metaspace       used 35024K, capacity 35318K, committed 35496K, reserved 1081344K
  class space    used 4392K, capacity 4482K, committed 4520K, reserved 1048576K
Event: 6.814 GC heap after
Heap after GC invocations=11 (full 1):
 PSYoungGen      total 162304K, used 9705K [0x00000000eb800000, 0x00000000f7d00000, 0x0000000100000000)
  eden space 152576K, 0% used [0x00000000eb800000,0x00000000eb800000,0x00000000f4d00000)
  from space 9728K, 99% used [0x00000000f5900000,0x00000000f627a7d0,0x00000000f6280000)
  to   space 12288K, 0% used [0x00000000f4d00000,0x00000000f4d00000,0x00000000f5900000)
 ParOldGen       total 32768K, used 18145K [0x00000000c2800000, 0x00000000c4800000, 0x00000000eb800000)
  object space 32768K, 55% used [0x00000000c2800000,0x00000000c39b8760,0x00000000c4800000)
 Metaspace       used 35024K, capacity 35318K, committed 35496K, reserved 1081344K
  class space    used 4392K, capacity 4482K, committed 4520K, reserved 1048576K
}
Event: 6.814 GC heap before
{Heap before GC invocations=12 (full 2):
 PSYoungGen      total 162304K, used 9705K [0x00000000eb800000, 0x00000000f7d00000, 0x0000000100000000)
  eden space 152576K, 0% used [0x00000000eb800000,0x00000000eb800000,0x00000000f4d00000)
  from space 9728K, 99% used [0x00000000f5900000,0x00000000f627a7d0,0x00000000f6280000)
  to   space 12288K, 0% used [0x00000000f4d00000,0x00000000f4d00000,0x00000000f5900000)
 ParOldGen       total 32768K, used 18145K [0x00000000c2800000, 0x00000000c4800000, 0x00000000eb800000)
  object space 32768K, 55% used [0x00000000c2800000,0x00000000c39b8760,0x00000000c4800000)
 Metaspace       used 35024K, capacity 35318K, committed 35496K, reserved 1081344K
  class space    used 4392K, capacity 4482K, committed 4520K, reserved 1048576K
Event: 6.892 GC heap after
Heap after GC invocations=12 (full 2):
 PSYoungGen      total 162304K, used 0K [0x00000000eb800000, 0x00000000f7d00000, 0x0000000100000000)
  eden space 152576K, 0% used [0x00000000eb800000,0x00000000eb800000,0x00000000f4d00000)
  from space 9728K, 0% used [0x00000000f5900000,0x00000000f5900000,0x00000000f6280000)
  to   space 12288K, 0% used [0x00000000f4d00000,0x00000000f4d00000,0x00000000f5900000)
 ParOldGen       total 59392K, used 24256K [0x00000000c2800000, 0x00000000c6200000, 0x00000000eb800000)
  object space 59392K, 40% used [0x00000000c2800000,0x00000000c3fb0200,0x00000000c6200000)
 Metaspace       used 35024K, capacity 35318K, committed 35496K, reserved 1081344K
  class space    used 4392K, capacity 4482K, committed 4520K, reserved 1048576K
}
Event: 8.658 GC heap before
{Heap before GC invocations=13 (full 2):
 PSYoungGen      total 162304K, used 152576K [0x00000000eb800000, 0x00000000f7d00000, 0x0000000100000000)
  eden space 152576K, 100% used [0x00000000eb800000,0x00000000f4d00000,0x00000000f4d00000)
  from space 9728K, 0% used [0x00000000f5900000,0x00000000f5900000,0x00000000f6280000)
  to   space 12288K, 0% used [0x00000000f4d00000,0x00000000f4d00000,0x00000000f5900000)
 ParOldGen       total 59392K, used 24256K [0x00000000c2800000, 0x00000000c6200000, 0x00000000eb800000)
  object space 59392K, 40% used [0x00000000c2800000,0x00000000c3fb0200,0x00000000c6200000)
 Metaspace       used 44159K, capacity 44506K, committed 44968K, reserved 1089536K
  class space    used 5659K, capacity 5768K, committed 5800K, reserved 1048576K
Event: 8.682 GC heap after
Heap after GC invocations=13 (full 2):
 PSYoungGen      total 164864K, used 12283K [0x00000000eb800000, 0x00000000f9980000, 0x0000000100000000)
  eden space 152576K, 0% used [0x00000000eb800000,0x00000000eb800000,0x00000000f4d00000)
  from space 12288K, 99% used [0x00000000f4d00000,0x00000000f58fed60,0x00000000f5900000)
  to   space 14848K, 0% used [0x00000000f8b00000,0x00000000f8b00000,0x00000000f9980000)
 ParOldGen       total 59392K, used 25631K [0x00000000c2800000, 0x00000000c6200000, 0x00000000eb800000)
  object space 59392K, 43% used [0x00000000c2800000,0x00000000c4107f38,0x00000000c6200000)
 Metaspace       used 44159K, capacity 44506K, committed 44968K, reserved 1089536K
  class space    used 5659K, capacity 5768K, committed 5800K, reserved 1048576K
}
Event: 83.792 GC heap before
{Heap before GC invocations=14 (full 2):
 PSYoungGen      total 164864K, used 164859K [0x00000000eb800000, 0x00000000f9980000, 0x0000000100000000)
  eden space 152576K, 100% used [0x00000000eb800000,0x00000000f4d00000,0x00000000f4d00000)
  from space 12288K, 99% used [0x00000000f4d00000,0x00000000f58fed60,0x00000000f5900000)
  to   space 14848K, 0% used [0x00000000f8b00000,0x00000000f8b00000,0x00000000f9980000)
 ParOldGen       total 59392K, used 25631K [0x00000000c2800000, 0x00000000c6200000, 0x00000000eb800000)
  object space 59392K, 43% used [0x00000000c2800000,0x00000000c4107f38,0x00000000c6200000)
 Metaspace       used 48614K, capacity 49006K, committed 49448K, reserved 1091584K
  class space    used 6199K, capacity 6322K, committed 6440K, reserved 1048576K
Event: 83.830 GC heap after
Heap after GC invocations=14 (full 2):
 PSYoungGen      total 207872K, used 12708K [0x00000000eb800000, 0x00000000f9780000, 0x0000000100000000)
  eden space 195072K, 0% used [0x00000000eb800000,0x00000000eb800000,0x00000000f7680000)
  from space 12800K, 99% used [0x00000000f8b00000,0x00000000f97693f8,0x00000000f9780000)
  to   space 15872K, 0% used [0x00000000f7880000,0x00000000f7880000,0x00000000f8800000)
 ParOldGen       total 59392K, used 30606K [0x00000000c2800000, 0x00000000c6200000, 0x00000000eb800000)
  object space 59392K, 51% used [0x00000000c2800000,0x00000000c45e3be8,0x00000000c6200000)
 Metaspace       used 48614K, capacity 49006K, committed 49448K, reserved 1091584K
  class space    used 6199K, capacity 6322K, committed 6440K, reserved 1048576K
}
Event: 85.423 GC heap before
{Heap before GC invocations=15 (full 2):
 PSYoungGen      total 207872K, used 207780K [0x00000000eb800000, 0x00000000f9780000, 0x0000000100000000)
  eden space 195072K, 100% used [0x00000000eb800000,0x00000000f7680000,0x00000000f7680000)
  from space 12800K, 99% used [0x00000000f8b00000,0x00000000f97693f8,0x00000000f9780000)
  to   space 15872K, 0% used [0x00000000f7880000,0x00000000f7880000,0x00000000f8800000)
 ParOldGen       total 59392K, used 30606K [0x00000000c2800000, 0x00000000c6200000, 0x00000000eb800000)
  object space 59392K, 51% used [0x00000000c2800000,0x00000000c45e3be8,0x00000000c6200000)
 Metaspace       used 48692K, capacity 49070K, committed 49704K, reserved 1093632K
  class space    used 6207K, capacity 6322K, committed 6440K, reserved 1048576K

Deoptimization events (10 events):
Event: 83.635 Thread 0x00007fbe2d736000 Uncommon trap: reason=unstable_if action=reinterpret pc=0x00007fbe1c1e3d60 method=java.lang.Character.isHighSurrogate(C)Z @ 3
Event: 83.635 Thread 0x00007fbe2d736000 Uncommon trap: reason=unstable_if action=reinterpret pc=0x00007fbe1c4c3c14 method=java.lang.Character.charCount(I)I @ 3
Event: 83.635 Thread 0x00007fbe2d736000 Uncommon trap: reason=unstable_if action=reinterpret pc=0x00007fbe1c0cadf0 method=java.lang.Character.isHighSurrogate(C)Z @ 3
Event: 83.649 Thread 0x00007fbe2d736000 Uncommon trap: reason=unstable_if action=reinterpret pc=0x00007fbe1c843ef8 method=java.nio.charset.CoderResult.isUnderflow()Z @ 4
Event: 83.655 Thread 0x00007fbe2d736000 Uncommon trap: reason=unstable_if action=reinterpret pc=0x00007fbe1c5ee5ec method=org.jsoup.parser.CharacterReader.consumeToAnySorted([C)Ljava/lang/String; @ 21
Event: 83.787 Thread 0x00007fbe2d736000 Uncommon trap: reason=class_check action=maybe_recompile pc=0x00007fbe1ca4ece0 method=java.lang.Character.toUpperCase(I)I @ 5
Event: 83.790 Thread 0x00007fbe2d736000 Uncommon trap: reason=class_check action=maybe_recompile pc=0x00007fbe1ca4ece0 method=java.lang.Character.toUpperCase(I)I @ 5
Event: 83.836 Thread 0x00007fbe2d736000 Uncommon trap: reason=class_check action=maybe_recompile pc=0x00007fbe1ca4ece0 method=java.lang.Character.toUpperCase(I)I @ 5
Event: 83.837 Thread 0x00007fbe2d736000 Uncommon trap: reason=class_check action=maybe_recompile pc=0x00007fbe1ca4ece0 method=java.lang.Character.toUpperCase(I)I @ 5
Event: 83.837 Thread 0x00007fbe2d736000 Uncommon trap: reason=class_check action=maybe_recompile pc=0x00007fbe1c08ba18 method=java.lang.Character.toUpperCase(I)I @ 5

Internal exceptions (10 events):
Event: 20.987 Thread 0x00007fbe2d736000 Exception <a 'java/lang/ClassNotFoundException': org/springframework/web/servlet/theme/FixedThemeResolverCustomizer> (0x00000000ee29a2a8) thrown at [/HUDSON/workspace/8-2-build-linux-amd64/jdk8u131/8869/hotspot/src/share/vm/classfile/systemDictionary.cpp,
Event: 20.988 Thread 0x00007fbe2d736000 Exception <a 'java/lang/ClassNotFoundException': org/springframework/web/servlet/ThemeResolverCustomizer> (0x00000000ee2af7c8) thrown at [/HUDSON/workspace/8-2-build-linux-amd64/jdk8u131/8869/hotspot/src/share/vm/classfile/systemDictionary.cpp, line 210]
Event: 20.990 Thread 0x00007fbe2d736000 Exception <a 'java/lang/ClassNotFoundException': java/lang/ObjectCustomizer> (0x00000000ee2cf100) thrown at [/HUDSON/workspace/8-2-build-linux-amd64/jdk8u131/8869/hotspot/src/share/vm/classfile/systemDictionary.cpp, line 210]
Event: 20.991 Thread 0x00007fbe2d736000 Exception <a 'java/lang/ClassNotFoundException': org/springframework/web/servlet/view/DefaultRequestToViewNameTranslatorCustomizer> (0x00000000ee2e96b0) thrown at [/HUDSON/workspace/8-2-build-linux-amd64/jdk8u131/8869/hotspot/src/share/vm/classfile/system
Event: 20.991 Thread 0x00007fbe2d736000 Exception <a 'java/lang/ClassNotFoundException': org/springframework/web/servlet/RequestToViewNameTranslatorCustomizer> (0x00000000ee30fb18) thrown at [/HUDSON/workspace/8-2-build-linux-amd64/jdk8u131/8869/hotspot/src/share/vm/classfile/systemDictionary.c
Event: 20.999 Thread 0x00007fbe2d736000 Exception <a 'java/lang/ClassNotFoundException': java/lang/ObjectCustomizer> (0x00000000ee33f288) thrown at [/HUDSON/workspace/8-2-build-linux-amd64/jdk8u131/8869/hotspot/src/share/vm/classfile/systemDictionary.cpp, line 210]
Event: 20.999 Thread 0x00007fbe2d736000 Exception <a 'java/lang/ClassNotFoundException': org/springframework/web/servlet/support/AbstractFlashMapManagerCustomizer> (0x00000000ee358008) thrown at [/HUDSON/workspace/8-2-build-linux-amd64/jdk8u131/8869/hotspot/src/share/vm/classfile/systemDictiona
Event: 21.000 Thread 0x00007fbe2d736000 Exception <a 'java/lang/ClassNotFoundException': org/springframework/web/servlet/support/SessionFlashMapManagerCustomizer> (0x00000000ee374c78) thrown at [/HUDSON/workspace/8-2-build-linux-amd64/jdk8u131/8869/hotspot/src/share/vm/classfile/systemDictionar
Event: 21.000 Thread 0x00007fbe2d736000 Exception <a 'java/lang/ClassNotFoundException': org/springframework/web/servlet/FlashMapManagerCustomizer> (0x00000000ee389e98) thrown at [/HUDSON/workspace/8-2-build-linux-amd64/jdk8u131/8869/hotspot/src/share/vm/classfile/systemDictionary.cpp, line 210
Event: 21.660 Thread 0x00007fbe2d736000 Exception <a 'java/lang/ArrayIndexOutOfBoundsException': 143> (0x00000000ef38cbf0) thrown at [/HUDSON/workspace/8-2-build-linux-amd64/jdk8u131/8869/hotspot/src/share/vm/interpreter/interpreterRuntime.cpp, line 366]

Events (10 events):
Event: 85.005 Thread 0x00007fbe2c0ca000 flushing nmethod 0x00007fbe1c770110
Event: 85.005 Thread 0x00007fbe2c0ca000 flushing nmethod 0x00007fbe1c794990
Event: 85.005 Thread 0x00007fbe2c0ca000 flushing nmethod 0x00007fbe1c797c50
Event: 85.006 Thread 0x00007fbe2c0ca000 flushing nmethod 0x00007fbe1c7c0410
Event: 85.006 Thread 0x00007fbe2c0ca000 flushing nmethod 0x00007fbe1c7cb150
Event: 85.171 Thread 0x00007fbe2c0ca000 flushing nmethod 0x00007fbe1c82dc10
Event: 85.171 Thread 0x00007fbe2c0ca000 flushing nmethod 0x00007fbe1c845c90
Event: 85.171 Thread 0x00007fbe2c0ca000 flushing nmethod 0x00007fbe1c846010
Event: 85.190 Thread 0x00007fbe2c0ca000 flushing nmethod 0x00007fbe1ca792d0
Event: 85.423 Executing VM operation: ParallelGCFailedAllocation


Dynamic libraries:
00400000-00401000 r-xp 00000000 08:01 282641                             /opt/jdk1.8.0_131/bin/java
00600000-00601000 rw-p 00000000 08:01 282641                             /opt/jdk1.8.0_131/bin/java
01266000-012a9000 rw-p 00000000 00:00 0                                  [heap]
c2800000-cac00000 rw-p 00000000 00:00 0 
cac00000-eb800000 ---p 00000000 00:00 0 
eb800000-f9780000 rw-p 00000000 00:00 0 
fed80000-100000000 ---p 00000000 00:00 0 
100000000-10064a000 rw-p 00000000 00:00 0 
10064a000-140000000 ---p 00000000 00:00 0 
7fbddadf4000-7fbddae34000 rw-p 00000000 00:00 0 
7fbddae34000-7fbddaff4000 ---p 00000000 00:00 0 
7fbddaff4000-7fbddb1f4000 rw-p 00000000 00:00 0 
7fbddb1f4000-7fbddb1f7000 ---p 00000000 00:00 0 
7fbddb1f7000-7fbddb2f5000 rw-p 00000000 00:00 0 
7fbddb2f5000-7fbddb2f8000 ---p 00000000 00:00 0 
7fbddb2f8000-7fbddb3f6000 rw-p 00000000 00:00 0 
7fbddb3f6000-7fbddb3f9000 ---p 00000000 00:00 0 
7fbddb3f9000-7fbddb4f7000 rw-p 00000000 00:00 0 
7fbddb4f7000-7fbddb4fa000 ---p 00000000 00:00 0 
7fbddb4fa000-7fbddb5f8000 rw-p 00000000 00:00 0 
7fbddb5f8000-7fbddb5fb000 ---p 00000000 00:00 0 
7fbddb5fb000-7fbddb6f9000 rw-p 00000000 00:00 0 
7fbddb6f9000-7fbddb6fc000 ---p 00000000 00:00 0 
7fbddb6fc000-7fbddb7fa000 rw-p 00000000 00:00 0 
7fbddb7fa000-7fbddb7fd000 ---p 00000000 00:00 0 
7fbddb7fd000-7fbddb8fb000 rw-p 00000000 00:00 0 
7fbddb8fb000-7fbddb8fe000 ---p 00000000 00:00 0 
7fbddb8fe000-7fbddb9fc000 rw-p 00000000 00:00 0 
7fbddb9fc000-7fbddb9ff000 ---p 00000000 00:00 0 
7fbddb9ff000-7fbddbafd000 rw-p 00000000 00:00 0 
7fbddbafd000-7fbddbb00000 ---p 00000000 00:00 0 
7fbddbb00000-7fbddbbfe000 rw-p 00000000 00:00 0 
7fbddbbfe000-7fbddbc01000 ---p 00000000 00:00 0 
7fbddbc01000-7fbddbcff000 rw-p 00000000 00:00 0 
7fbddbcff000-7fbddbd02000 ---p 00000000 00:00 0 
7fbddbd02000-7fbddc000000 rw-p 00000000 00:00 0 
7fbddc000000-7fbddc021000 rw-p 00000000 00:00 0 
7fbddc021000-7fbde0000000 ---p 00000000 00:00 0 
7fbde0000000-7fbde05d6000 rw-p 00000000 00:00 0 
7fbde05d6000-7fbde4000000 ---p 00000000 00:00 0 
7fbde4000000-7fbde50d8000 rw-p 00000000 00:00 0 
7fbde50d8000-7fbde8000000 ---p 00000000 00:00 0 
7fbde8000000-7fbde8021000 rw-p 00000000 00:00 0 
7fbde8021000-7fbdec000000 ---p 00000000 00:00 0 
7fbdec000000-7fbdec021000 rw-p 00000000 00:00 0 
7fbdec021000-7fbdf0000000 ---p 00000000 00:00 0 
7fbdf0000000-7fbdf2a8c000 rw-p 00000000 00:00 0 
7fbdf2a8c000-7fbdf4000000 ---p 00000000 00:00 0 
7fbdf4000000-7fbdf405d000 rw-p 00000000 00:00 0 
7fbdf405d000-7fbdf8000000 ---p 00000000 00:00 0 
7fbdf8000000-7fbdf832e000 rw-p 00000000 00:00 0 
7fbdf832e000-7fbdfc000000 ---p 00000000 00:00 0 
7fbdfc000000-7fbdfc021000 rw-p 00000000 00:00 0 
7fbdfc021000-7fbe00000000 ---p 00000000 00:00 0 
7fbe00000000-7fbe00021000 rw-p 00000000 00:00 0 
7fbe00021000-7fbe04000000 ---p 00000000 00:00 0 
7fbe04000000-7fbe04021000 rw-p 00000000 00:00 0 
7fbe04021000-7fbe08000000 ---p 00000000 00:00 0 
7fbe080e7000-7fbe080ea000 ---p 00000000 00:00 0 
7fbe080ea000-7fbe081e8000 rw-p 00000000 00:00 0 
7fbe081e8000-7fbe081eb000 ---p 00000000 00:00 0 
7fbe081eb000-7fbe082e9000 rw-p 00000000 00:00 0 
7fbe082e9000-7fbe082ec000 ---p 00000000 00:00 0 
7fbe082ec000-7fbe085ea000 rw-p 00000000 00:00 0 
7fbe085ea000-7fbe087ea000 rw-p 00000000 00:00 0 
7fbe087ea000-7fbe089ea000 rw-p 00000000 00:00 0 
7fbe089ea000-7fbe08bea000 rw-p 00000000 00:00 0 
7fbe08bea000-7fbe08dea000 rw-p 00000000 00:00 0 
7fbe08dea000-7fbe08fea000 rw-p 00000000 00:00 0 
7fbe08fea000-7fbe08fed000 ---p 00000000 00:00 0 
7fbe08fed000-7fbe090eb000 rw-p 00000000 00:00 0 
7fbe090eb000-7fbe090ee000 ---p 00000000 00:00 0 
7fbe090ee000-7fbe091ec000 rw-p 00000000 00:00 0 
7fbe091ec000-7fbe091ef000 ---p 00000000 00:00 0 
7fbe091ef000-7fbe094ed000 rw-p 00000000 00:00 0 
7fbe094ed000-7fbe096ed000 rw-p 00000000 00:00 0 
7fbe097a0000-7fbe097b3000 r--s 00345000 08:01 287692                     /opt/jdk1.8.0_131/jre/lib/resources.jar
7fbe097b3000-7fbe097b6000 ---p 00000000 00:00 0 
7fbe097b6000-7fbe09ab4000 rw-p 00000000 00:00 0 
7fbe09ab4000-7fbe09ab9000 r--s 002f9000 08:01 287658                     /opt/jdk1.8.0_131/jre/lib/charsets.jar
7fbe09ab9000-7fbe09abe000 r--s 0009a000 08:01 287693                     /opt/jdk1.8.0_131/jre/lib/jsse.jar
7fbe09abe000-7fbe09cbe000 rw-p 00000000 00:00 0 
7fbe09cbe000-7fbe09ebe000 rw-p 00000000 00:00 0 
7fbe09ebe000-7fbe09f54000 r--s 0110d000 08:01 550746                     /opt/jdk1.8.0_131/jre/lib/ext/jfxrt.jar
7fbe09f54000-7fbe09f65000 r-xp 00000000 08:01 287751                     /opt/jdk1.8.0_131/jre/lib/amd64/libnio.so
7fbe09f65000-7fbe0a164000 ---p 00011000 08:01 287751                     /opt/jdk1.8.0_131/jre/lib/amd64/libnio.so
7fbe0a164000-7fbe0a165000 rw-p 00010000 08:01 287751                     /opt/jdk1.8.0_131/jre/lib/amd64/libnio.so
7fbe0a165000-7fbe0a365000 rw-p 00000000 00:00 0 
7fbe0a365000-7fbe0a368000 ---p 00000000 00:00 0 
7fbe0a368000-7fbe0a666000 rw-p 00000000 00:00 0 
7fbe0a666000-7fbe0a866000 rw-p 00000000 00:00 0 
7fbe0a866000-7fbe0aa66000 rw-p 00000000 00:00 0 
7fbe0aa66000-7fbe0aa69000 ---p 00000000 00:00 0 
7fbe0aa69000-7fbe0ae68000 rw-p 00000000 00:00 0 
7fbe0ae68000-7fbe0ae7e000 r-xp 00000000 08:01 287748                     /opt/jdk1.8.0_131/jre/lib/amd64/libnet.so
7fbe0ae7e000-7fbe0b07e000 ---p 00016000 08:01 287748                     /opt/jdk1.8.0_131/jre/lib/amd64/libnet.so
7fbe0b07e000-7fbe0b07f000 rw-p 00016000 08:01 287748                     /opt/jdk1.8.0_131/jre/lib/amd64/libnet.so
7fbe0b07f000-7fbe0b088000 r-xp 00000000 08:01 287756                     /opt/jdk1.8.0_131/jre/lib/amd64/libmanagement.so
7fbe0b088000-7fbe0b287000 ---p 00009000 08:01 287756                     /opt/jdk1.8.0_131/jre/lib/amd64/libmanagement.so
7fbe0b287000-7fbe0b288000 rw-p 00008000 08:01 287756                     /opt/jdk1.8.0_131/jre/lib/amd64/libmanagement.so
7fbe0b288000-7fbe0b291000 r--s 000eb000 08:01 2396                       /home/meli/.m2/repository/mysql/mysql-connector-java/5.1.43/mysql-connector-java-5.1.43.jar
7fbe0b291000-7fbe0b294000 r--s 0000c000 08:01 3676                       /home/meli/.m2/repository/org/springframework/spring-aspects/4.3.10.RELEASE/spring-aspects-4.3.10.RELEASE.jar
7fbe0b294000-7fbe0b296000 r--s 00003000 08:01 930452                     /home/meli/.m2/repository/org/slf4j/jcl-over-slf4j/1.7.25/jcl-over-slf4j-1.7.25.jar
7fbe0b296000-7fbe0b29e000 r--s 0003a000 08:01 3674                       /home/meli/.m2/repository/org/springframework/spring-tx/4.3.10.RELEASE/spring-tx-4.3.10.RELEASE.jar
7fbe0b29e000-7fbe0b2a8000 r--s 0006b000 08:01 3672                       /home/meli/.m2/repository/org/springframework/spring-orm/4.3.10.RELEASE/spring-orm-4.3.10.RELEASE.jar
7fbe0b2a8000-7fbe0b2ba000 r--s 000ad000 08:01 3670                       /home/meli/.m2/repository/org/springframework/data/spring-data-commons/1.13.6.RELEASE/spring-data-commons-1.13.6.RELEASE.jar
7fbe0b2ba000-7fbe0b2c1000 r--s 00040000 08:01 3668                       /home/meli/.m2/repository/org/springframework/data/spring-data-jpa/1.11.6.RELEASE/spring-data-jpa-1.11.6.RELEASE.jar
7fbe0b2c1000-7fbe0b2c3000 r--s 00006000 08:01 3633                       /home/meli/.m2/repository/javax/transaction/javax.transaction-api/1.2/javax.transaction-api-1.2.jar
7fbe0b2c3000-7fbe0b2d0000 r--s 00089000 08:01 3631                       /home/meli/.m2/repository/org/hibernate/hibernate-entitymanager/5.0.12.Final/hibernate-entitymanager-5.0.12.Final.jar
7fbe0b2d0000-7fbe0b2d3000 r--s 00010000 08:01 3629                       /home/meli/.m2/repository/org/hibernate/common/hibernate-commons-annotations/5.0.1.Final/hibernate-commons-annotations-5.0.1.Final.jar
7fbe0b2d3000-7fbe0b2d8000 r--s 00048000 08:01 820447                     /home/meli/.m2/repository/dom4j/dom4j/1.6.1/dom4j-1.6.1.jar
7fbe0b2d8000-7fbe0b2db000 r--s 0002b000 08:01 3627                       /home/meli/.m2/repository/org/jboss/jandex/2.0.0.Final/jandex-2.0.0.Final.jar
7fbe0b2db000-7fbe0b2e0000 r--s 00068000 08:01 3625                       /home/meli/.m2/repository/antlr/antlr/2.7.7/antlr-2.7.7.jar
7fbe0b2e0000-7fbe0b2ea000 r--s 000aa000 08:01 3168                       /home/meli/.m2/repository/org/javassist/javassist/3.21.0-GA/javassist-3.21.0-GA.jar
7fbe0b2ea000-7fbe0b2ef000 r--s 00017000 08:01 3623                       /home/meli/.m2/repository/org/hibernate/javax/persistence/hibernate-jpa-2.1-api/1.0.0.Final/hibernate-jpa-2.1-api-1.0.0.Final.jar
7fbe0b2ef000-7fbe0b358000 r--s 004f3000 08:01 3621                       /home/meli/.m2/repository/org/hibernate/hibernate-core/5.0.12.Final/hibernate-core-5.0.12.Final.jar
7fbe0b358000-7fbe0b362000 r--s 0005f000 08:01 3665                       /home/meli/.m2/repository/org/springframework/spring-jdbc/4.3.10.RELEASE/spring-jdbc-4.3.10.RELEASE.jar
7fbe0b362000-7fbe0b363000 r--s 0000a000 08:01 3663                       /home/meli/.m2/repository/org/apache/tomcat/tomcat-juli/8.5.16/tomcat-juli-8.5.16.jar
7fbe0b363000-7fbe0b366000 r--s 00021000 08:01 3661                       /home/meli/.m2/repository/org/apache/tomcat/tomcat-jdbc/8.5.16/tomcat-jdbc-8.5.16.jar
7fbe0b366000-7fbe0b367000 r--s 00000000 08:01 3659                       /home/meli/.m2/repository/org/springframework/boot/spring-boot-starter-jdbc/1.5.6.RELEASE/spring-boot-starter-jdbc-1.5.6.RELEASE.jar
7fbe0b367000-7fbe0b37f000 r--s 001bf000 08:01 3611                       /home/meli/.m2/repository/org/aspectj/aspectjweaver/1.8.10/aspectjweaver-1.8.10.jar
7fbe0b37f000-7fbe0b385000 r--s 00047000 08:01 952103                     /home/meli/.m2/repository/org/jsoup/jsoup/1.8.3/jsoup-1.8.3.jar
7fbe0b385000-7fbe0b38c000 r--s 0003f000 08:01 673347                     /home/meli/.m2/repository/commons-codec/commons-codec/1.10/commons-codec-1.10.jar
7fbe0b38c000-7fbe0b394000 r--s 00048000 08:01 1211337                    /home/meli/.m2/repository/org/apache/httpcomponents/httpcore/4.4.6/httpcore-4.4.6.jar
7fbe0b394000-7fbe0b3a1000 r--s 000a7000 08:01 947789                     /home/meli/.m2/repository/org/apache/httpcomponents/httpclient/4.5.2/httpclient-4.5.2.jar
7fbe0b3a1000-7fbe0b3b8000 r--s 000fc000 08:01 946595                     /home/meli/.m2/repository/org/springframework/spring-core/4.3.10.RELEASE/spring-core-4.3.10.RELEASE.jar
7fbe0b3b8000-7fbe0b3ba000 r--s 00009000 08:01 930462                     /home/meli/.m2/repository/org/slf4j/slf4j-api/1.7.25/slf4j-api-1.7.25.jar
7fbe0b3ba000-7fbe0b3cb000 r--s 000cf000 08:01 946591                     /home/meli/.m2/repository/org/springframework/spring-webmvc/4.3.10.RELEASE/spring-webmvc-4.3.10.RELEASE.jar
7fbe0b3cb000-7fbe0b3e4000 r--s 000fe000 08:01 946589                     /home/meli/.m2/repository/org/springframework/spring-context/4.3.10.RELEASE/spring-context-4.3.10.RELEASE.jar
7fbe0b3e4000-7fbe0b3f2000 r--s 000ad000 08:01 1211222                    /home/meli/.m2/repository/org/springframework/spring-beans/4.3.10.RELEASE/spring-beans-4.3.10.RELEASE.jar
7fbe0b3f2000-7fbe0b3f3000 ---p 00000000 00:00 0 
7fbe0b3f3000-7fbe0b4f3000 rw-p 00000000 00:00 0 
7fbe0b4f3000-7fbe0b4f6000 ---p 00000000 00:00 0 
7fbe0b4f6000-7fbe0b5f4000 rw-p 00000000 00:00 0 
7fbe0b5f4000-7fbe0b5f7000 ---p 00000000 00:00 0 
7fbe0b5f7000-7fbe0b6f5000 rw-p 00000000 00:00 0 
7fbe0b6f5000-7fbe0b6f8000 ---p 00000000 00:00 0 
7fbe0b6f8000-7fbe0b7f6000 rw-p 00000000 00:00 0 
7fbe0b7f6000-7fbe0b7f9000 ---p 00000000 00:00 0 
7fbe0b7f9000-7fbe0b8f7000 rw-p 00000000 00:00 0 
7fbe0b8f7000-7fbe0b8fa000 ---p 00000000 00:00 0 
7fbe0b8fa000-7fbe0b9f8000 rw-p 00000000 00:00 0 
7fbe0b9f8000-7fbe0b9fb000 ---p 00000000 00:00 0 
7fbe0b9fb000-7fbe0baf9000 rw-p 00000000 00:00 0 
7fbe0baf9000-7fbe0bafd000 r-xp 00000000 08:01 287716                     /opt/jdk1.8.0_131/jre/lib/amd64/libdt_socket.so
7fbe0bafd000-7fbe0bcfc000 ---p 00004000 08:01 287716                     /opt/jdk1.8.0_131/jre/lib/amd64/libdt_socket.so
7fbe0bcfc000-7fbe0bcfd000 rw-p 00003000 08:01 287716                     /opt/jdk1.8.0_131/jre/lib/amd64/libdt_socket.so
7fbe0bcfd000-7fbe0bd00000 ---p 00000000 00:00 0 
7fbe0bd00000-7fbe0bdfe000 rw-p 00000000 00:00 0 
7fbe0bdfe000-7fbe0be01000 ---p 00000000 00:00 0 
7fbe0be01000-7fbe0beff000 rw-p 00000000 00:00 0 
7fbe0beff000-7fbe0bf02000 ---p 00000000 00:00 0 
7fbe0bf02000-7fbe0c000000 rw-p 00000000 00:00 0 
7fbe0c000000-7fbe0c02a000 rw-p 00000000 00:00 0 
7fbe0c02a000-7fbe10000000 ---p 00000000 00:00 0 
7fbe10000000-7fbe102af000 rw-p 00000000 00:00 0 
7fbe102af000-7fbe14000000 ---p 00000000 00:00 0 
7fbe14000000-7fbe14027000 rw-p 00000000 00:00 0 
7fbe14027000-7fbe18000000 ---p 00000000 00:00 0 
7fbe18000000-7fbe18001000 r--s 00000000 08:01 3657                       /home/meli/.m2/repository/org/springframework/boot/spring-boot-starter-aop/1.5.6.RELEASE/spring-boot-starter-aop-1.5.6.RELEASE.jar
7fbe18001000-7fbe18006000 r--s 0003c000 08:01 1342847                    /home/meli/.m2/repository/org/springframework/spring-expression/4.3.10.RELEASE/spring-expression-4.3.10.RELEASE.jar
7fbe18006000-7fbe1800f000 r--s 00054000 08:01 1194042                    /home/meli/.m2/repository/org/springframework/spring-aop/4.3.10.RELEASE/spring-aop-4.3.10.RELEASE.jar
7fbe1800f000-7fbe18020000 r--s 000b8000 08:01 946587                     /home/meli/.m2/repository/org/springframework/spring-web/4.3.10.RELEASE/spring-web-4.3.10.RELEASE.jar
7fbe18020000-7fbe18024000 r--s 00042000 08:01 946585                     /home/meli/.m2/repository/com/fasterxml/jackson/core/jackson-core/2.8.9/jackson-core-2.8.9.jar
7fbe18024000-7fbe18027000 r--s 0000b000 08:01 946583                     /home/meli/.m2/repository/com/fasterxml/jackson/core/jackson-annotations/2.8.0/jackson-annotations-2.8.0.jar
7fbe18027000-7fbe18039000 r--s 0011e000 08:01 946581                     /home/meli/.m2/repository/com/fasterxml/jackson/core/jackson-databind/2.8.9/jackson-databind-2.8.9.jar
7fbe18039000-7fbe1803b000 r--s 0000e000 08:01 946579                     /home/meli/.m2/repository/com/fasterxml/classmate/1.3.3/classmate-1.3.3.jar
7fbe1803b000-7fbe1803e000 r--s 0000e000 08:01 1603882                    /home/meli/.m2/repository/org/jboss/logging/jboss-logging/3.3.1.Final/jboss-logging-3.3.1.Final.jar
7fbe1803e000-7fbe1804f000 r--s 000a1000 08:01 946577                     /home/meli/.m2/repository/org/hibernate/hibernate-validator/5.3.5.Final/hibernate-validator-5.3.5.Final.jar
7fbe1804f000-7fbe18055000 r--s 00037000 08:01 946575                     /home/meli/.m2/repository/org/apache/tomcat/embed/tomcat-embed-websocket/8.5.16/tomcat-embed-websocket-8.5.16.jar
7fbe18055000-7fbe1807e000 r--s 002c2000 08:01 946571                     /home/meli/.m2/repository/org/apache/tomcat/embed/tomcat-embed-core/8.5.16/tomcat-embed-core-8.5.16.jar
7fbe1807e000-7fbe18089000 r--s 0006a000 08:01 930450                     /home/meli/.m2/repository/ch/qos/logback/logback-core/1.1.11/logback-core-1.1.11.jar
7fbe18089000-7fbe180aa000 r--s 000e5000 08:01 1342843                    /home/meli/.m2/repository/org/springframework/boot/spring-boot-autoconfigure/1.5.6.RELEASE/spring-boot-autoconfigure-1.5.6.RELEASE.jar
7fbe180aa000-7fbe180ba000 r--s 00095000 08:01 946567                     /home/meli/.m2/repository/org/springframework/boot/spring-boot/1.5.6.RELEASE/spring-boot-1.5.6.RELEASE.jar
7fbe180ba000-7fbe180bb000 ---p 00000000 00:00 0 
7fbe180bb000-7fbe18b13000 rw-p 00000000 00:00 0 
7fbe18b13000-7fbe18cec000 r--s 03d40000 08:01 287660                     /opt/jdk1.8.0_131/jre/lib/rt.jar
7fbe18cec000-7fbe1b598000 rw-p 00000000 00:00 0 
7fbe1b598000-7fbe1b599000 ---p 00000000 00:00 0 
7fbe1b599000-7fbe1b699000 rw-p 00000000 00:00 0 
7fbe1b699000-7fbe1b69a000 ---p 00000000 00:00 0 
7fbe1b69a000-7fbe1b7dc000 rw-p 00000000 00:00 0 
7fbe1b7dc000-7fbe1b8e2000 ---p 00000000 00:00 0 
7fbe1b8e2000-7fbe1b924000 rw-p 00000000 00:00 0 
7fbe1b924000-7fbe1ba2a000 ---p 00000000 00:00 0 
7fbe1ba2a000-7fbe1ba9a000 rw-p 00000000 00:00 0 
7fbe1ba9a000-7fbe1bace000 ---p 00000000 00:00 0 
7fbe1bace000-7fbe1bb03000 rw-p 00000000 00:00 0 
7fbe1bb03000-7fbe1be8f000 ---p 00000000 00:00 0 
7fbe1be8f000-7fbe1cb8f000 rwxp 00000000 00:00 0 
7fbe1cb8f000-7fbe2ae8f000 ---p 00000000 00:00 0 
7fbe2ae8f000-7fbe2aea9000 r-xp 00000000 08:01 287744                     /opt/jdk1.8.0_131/jre/lib/amd64/libzip.so
7fbe2aea9000-7fbe2b0a9000 ---p 0001a000 08:01 287744                     /opt/jdk1.8.0_131/jre/lib/amd64/libzip.so
7fbe2b0a9000-7fbe2b0aa000 rw-p 0001a000 08:01 287744                     /opt/jdk1.8.0_131/jre/lib/amd64/libzip.so
7fbe2b0aa000-7fbe2b0b5000 r-xp 00000000 08:01 1055457                    /lib/x86_64-linux-gnu/libnss_files-2.23.so
7fbe2b0b5000-7fbe2b2b4000 ---p 0000b000 08:01 1055457                    /lib/x86_64-linux-gnu/libnss_files-2.23.so
7fbe2b2b4000-7fbe2b2b5000 r--p 0000a000 08:01 1055457                    /lib/x86_64-linux-gnu/libnss_files-2.23.so
7fbe2b2b5000-7fbe2b2b6000 rw-p 0000b000 08:01 1055457                    /lib/x86_64-linux-gnu/libnss_files-2.23.so
7fbe2b2b6000-7fbe2b2bc000 rw-p 00000000 00:00 0 
7fbe2b2bc000-7fbe2b2c7000 r-xp 00000000 08:01 1055450                    /lib/x86_64-linux-gnu/libnss_nis-2.23.so
7fbe2b2c7000-7fbe2b4c6000 ---p 0000b000 08:01 1055450                    /lib/x86_64-linux-gnu/libnss_nis-2.23.so
7fbe2b4c6000-7fbe2b4c7000 r--p 0000a000 08:01 1055450                    /lib/x86_64-linux-gnu/libnss_nis-2.23.so
7fbe2b4c7000-7fbe2b4c8000 rw-p 0000b000 08:01 1055450                    /lib/x86_64-linux-gnu/libnss_nis-2.23.so
7fbe2b4c8000-7fbe2b4de000 r-xp 00000000 08:01 1055452                    /lib/x86_64-linux-gnu/libnsl-2.23.so
7fbe2b4de000-7fbe2b6dd000 ---p 00016000 08:01 1055452                    /lib/x86_64-linux-gnu/libnsl-2.23.so
7fbe2b6dd000-7fbe2b6de000 r--p 00015000 08:01 1055452                    /lib/x86_64-linux-gnu/libnsl-2.23.so
7fbe2b6de000-7fbe2b6df000 rw-p 00016000 08:01 1055452                    /lib/x86_64-linux-gnu/libnsl-2.23.so
7fbe2b6df000-7fbe2b6e1000 rw-p 00000000 00:00 0 
7fbe2b6e1000-7fbe2b6e9000 r-xp 00000000 08:01 1055459                    /lib/x86_64-linux-gnu/libnss_compat-2.23.so
7fbe2b6e9000-7fbe2b8e8000 ---p 00008000 08:01 1055459                    /lib/x86_64-linux-gnu/libnss_compat-2.23.so
7fbe2b8e8000-7fbe2b8e9000 r--p 00007000 08:01 1055459                    /lib/x86_64-linux-gnu/libnss_compat-2.23.so
7fbe2b8e9000-7fbe2b8ea000 rw-p 00008000 08:01 1055459                    /lib/x86_64-linux-gnu/libnss_compat-2.23.so
7fbe2b8ea000-7fbe2bbc2000 r--p 00000000 08:01 1312634                    /usr/lib/locale/locale-archive
7fbe2bbc2000-7fbe2bbc4000 r-xp 00000000 08:01 287718                     /opt/jdk1.8.0_131/jre/lib/amd64/libnpt.so
7fbe2bbc4000-7fbe2bdc4000 ---p 00002000 08:01 287718                     /opt/jdk1.8.0_131/jre/lib/amd64/libnpt.so
7fbe2bdc4000-7fbe2bdc5000 rw-p 00002000 08:01 287718                     /opt/jdk1.8.0_131/jre/lib/amd64/libnpt.so
7fbe2bdc5000-7fbe2bdfe000 r-xp 00000000 08:01 287732                     /opt/jdk1.8.0_131/jre/lib/amd64/libjdwp.so
7fbe2bdfe000-7fbe2bffe000 ---p 00039000 08:01 287732                     /opt/jdk1.8.0_131/jre/lib/amd64/libjdwp.so
7fbe2bffe000-7fbe2bfff000 rw-p 00039000 08:01 287732                     /opt/jdk1.8.0_131/jre/lib/amd64/libjdwp.so
7fbe2bfff000-7fbe2c000000 rw-p 00000000 00:00 0 
7fbe2c000000-7fbe2d795000 rw-p 00000000 00:00 0 
7fbe2d795000-7fbe30000000 ---p 00000000 00:00 0 
7fbe30000000-7fbe30001000 r--s 00000000 08:01 3419                       /home/meli/.m2/repository/org/springframework/boot/spring-boot-starter-data-jpa/1.5.6.RELEASE/spring-boot-starter-data-jpa-1.5.6.RELEASE.jar
7fbe30001000-7fbe30005000 r--s 0000c000 08:01 1342845                    /home/meli/.m2/repository/javax/validation/validation-api/1.1.0.Final/validation-api-1.1.0.Final.jar
7fbe30005000-7fbe3000a000 r--s 00036000 08:01 946573                     /home/meli/.m2/repository/org/apache/tomcat/embed/tomcat-embed-el/8.5.16/tomcat-embed-el-8.5.16.jar
7fbe3000a000-7fbe300a1000 rw-p 00000000 00:00 0 
7fbe300a1000-7fbe300cc000 r-xp 00000000 08:01 287738                     /opt/jdk1.8.0_131/jre/lib/amd64/libjava.so
7fbe300cc000-7fbe302cb000 ---p 0002b000 08:01 287738                     /opt/jdk1.8.0_131/jre/lib/amd64/libjava.so
7fbe302cb000-7fbe302cd000 rw-p 0002a000 08:01 287738                     /opt/jdk1.8.0_131/jre/lib/amd64/libjava.so
7fbe302cd000-7fbe302da000 r-xp 00000000 08:01 287743                     /opt/jdk1.8.0_131/jre/lib/amd64/libverify.so
7fbe302da000-7fbe304d9000 ---p 0000d000 08:01 287743                     /opt/jdk1.8.0_131/jre/lib/amd64/libverify.so
7fbe304d9000-7fbe304db000 rw-p 0000c000 08:01 287743                     /opt/jdk1.8.0_131/jre/lib/amd64/libverify.so
7fbe304db000-7fbe304e2000 r-xp 00000000 08:01 1055460                    /lib/x86_64-linux-gnu/librt-2.23.so
7fbe304e2000-7fbe306e1000 ---p 00007000 08:01 1055460                    /lib/x86_64-linux-gnu/librt-2.23.so
7fbe306e1000-7fbe306e2000 r--p 00006000 08:01 1055460                    /lib/x86_64-linux-gnu/librt-2.23.so
7fbe306e2000-7fbe306e3000 rw-p 00007000 08:01 1055460                    /lib/x86_64-linux-gnu/librt-2.23.so
7fbe306e3000-7fbe307eb000 r-xp 00000000 08:01 1055451                    /lib/x86_64-linux-gnu/libm-2.23.so
7fbe307eb000-7fbe309ea000 ---p 00108000 08:01 1055451                    /lib/x86_64-linux-gnu/libm-2.23.so
7fbe309ea000-7fbe309eb000 r--p 00107000 08:01 1055451                    /lib/x86_64-linux-gnu/libm-2.23.so
7fbe309eb000-7fbe309ec000 rw-p 00108000 08:01 1055451                    /lib/x86_64-linux-gnu/libm-2.23.so
7fbe309ec000-7fbe316bb000 r-xp 00000000 08:01 550843                     /opt/jdk1.8.0_131/jre/lib/amd64/server/libjvm.so
7fbe316bb000-7fbe318bb000 ---p 00ccf000 08:01 550843                     /opt/jdk1.8.0_131/jre/lib/amd64/server/libjvm.so
7fbe318bb000-7fbe31994000 rw-p 00ccf000 08:01 550843                     /opt/jdk1.8.0_131/jre/lib/amd64/server/libjvm.so
7fbe31994000-7fbe319df000 rw-p 00000000 00:00 0 
7fbe319df000-7fbe31b9e000 r-xp 00000000 08:01 1055453                    /lib/x86_64-linux-gnu/libc-2.23.so
7fbe31b9e000-7fbe31d9e000 ---p 001bf000 08:01 1055453                    /lib/x86_64-linux-gnu/libc-2.23.so
7fbe31d9e000-7fbe31da2000 r--p 001bf000 08:01 1055453                    /lib/x86_64-linux-gnu/libc-2.23.so
7fbe31da2000-7fbe31da4000 rw-p 001c3000 08:01 1055453                    /lib/x86_64-linux-gnu/libc-2.23.so
7fbe31da4000-7fbe31da8000 rw-p 00000000 00:00 0 
7fbe31da8000-7fbe31dab000 r-xp 00000000 08:01 1055449                    /lib/x86_64-linux-gnu/libdl-2.23.so
7fbe31dab000-7fbe31faa000 ---p 00003000 08:01 1055449                    /lib/x86_64-linux-gnu/libdl-2.23.so
7fbe31faa000-7fbe31fab000 r--p 00002000 08:01 1055449                    /lib/x86_64-linux-gnu/libdl-2.23.so
7fbe31fab000-7fbe31fac000 rw-p 00003000 08:01 1055449                    /lib/x86_64-linux-gnu/libdl-2.23.so
7fbe31fac000-7fbe31fc1000 r-xp 00000000 08:01 287478                     /opt/jdk1.8.0_131/lib/amd64/jli/libjli.so
7fbe31fc1000-7fbe321c1000 ---p 00015000 08:01 287478                     /opt/jdk1.8.0_131/lib/amd64/jli/libjli.so
7fbe321c1000-7fbe321c2000 rw-p 00015000 08:01 287478                     /opt/jdk1.8.0_131/lib/amd64/jli/libjli.so
7fbe321c2000-7fbe321da000 r-xp 00000000 08:01 1055464                    /lib/x86_64-linux-gnu/libpthread-2.23.so
7fbe321da000-7fbe323d9000 ---p 00018000 08:01 1055464                    /lib/x86_64-linux-gnu/libpthread-2.23.so
7fbe323d9000-7fbe323da000 r--p 00017000 08:01 1055464                    /lib/x86_64-linux-gnu/libpthread-2.23.so
7fbe323da000-7fbe323db000 rw-p 00018000 08:01 1055464                    /lib/x86_64-linux-gnu/libpthread-2.23.so
7fbe323db000-7fbe323df000 rw-p 00000000 00:00 0 
7fbe323df000-7fbe32405000 r-xp 00000000 08:01 1055454                    /lib/x86_64-linux-gnu/ld-2.23.so
7fbe32405000-7fbe32406000 r--s 00000000 08:01 946569                     /home/meli/.m2/repository/org/springframework/boot/spring-boot-starter-tomcat/1.5.6.RELEASE/spring-boot-starter-tomcat-1.5.6.RELEASE.jar
7fbe32406000-7fbe3240c000 r--s 0003d000 08:01 930460                     /home/meli/.m2/repository/org/yaml/snakeyaml/1.17/snakeyaml-1.17.jar
7fbe3240c000-7fbe3240e000 r--s 00004000 08:01 930456                     /home/meli/.m2/repository/org/slf4j/log4j-over-slf4j/1.7.25/log4j-over-slf4j-1.7.25.jar
7fbe3240e000-7fbe324e7000 rw-p 00000000 00:00 0 
7fbe324e7000-7fbe324ea000 ---p 00000000 00:00 0 
7fbe324ea000-7fbe325ec000 rw-p 00000000 00:00 0 
7fbe325ec000-7fbe325ee000 r--s 00000000 08:01 930454                     /home/meli/.m2/repository/org/slf4j/jul-to-slf4j/1.7.25/jul-to-slf4j-1.7.25.jar
7fbe325ee000-7fbe325f5000 r--s 00045000 08:01 930448                     /home/meli/.m2/repository/ch/qos/logback/logback-classic/1.1.11/logback-classic-1.1.11.jar
7fbe325f5000-7fbe325f6000 r--s 00000000 08:01 672719                     /home/meli/.m2/repository/org/springframework/boot/spring-boot-starter-logging/1.5.6.RELEASE/spring-boot-starter-logging-1.5.6.RELEASE.jar
7fbe325f6000-7fbe325f7000 r--s 00000000 08:01 946565                     /home/meli/.m2/repository/org/springframework/boot/spring-boot-starter/1.5.6.RELEASE/spring-boot-starter-1.5.6.RELEASE.jar
7fbe325f7000-7fbe325f8000 r--s 00000000 08:01 946563                     /home/meli/.m2/repository/org/springframework/boot/spring-boot-starter-web/1.5.6.RELEASE/spring-boot-starter-web-1.5.6.RELEASE.jar
7fbe325f8000-7fbe32600000 rw-s 00000000 08:01 4849763                    /tmp/hsperfdata_meli/8007
7fbe32600000-7fbe32601000 rw-p 00000000 00:00 0 
7fbe32601000-7fbe32602000 ---p 00000000 00:00 0 
7fbe32602000-7fbe32604000 rw-p 00000000 00:00 0 
7fbe32604000-7fbe32605000 r--p 00025000 08:01 1055454                    /lib/x86_64-linux-gnu/ld-2.23.so
7fbe32605000-7fbe32606000 rw-p 00026000 08:01 1055454                    /lib/x86_64-linux-gnu/ld-2.23.so
7fbe32606000-7fbe32607000 rw-p 00000000 00:00 0 
7ffe3bd18000-7ffe3bd3a000 rw-p 00000000 00:00 0                          [stack]
7ffe3bd47000-7ffe3bd49000 r--p 00000000 00:00 0                          [vvar]
7ffe3bd49000-7ffe3bd4b000 r-xp 00000000 00:00 0                          [vdso]
ffffffffff600000-ffffffffff601000 r-xp 00000000 00:00 0                  [vsyscall]

VM Arguments:
jvm_args: -agentlib:jdwp=transport=dt_socket,suspend=y,address=localhost:41717 -Dfile.encoding=UTF-8 
java_command: com.ni.NiSpiderApplication
java_class_path (initial): /home/meli/eclipse-workspace/NISpider/target/classes:/home/meli/.m2/repository/org/springframework/boot/spring-boot-starter-web/1.5.6.RELEASE/spring-boot-starter-web-1.5.6.RELEASE.jar:/home/meli/.m2/repository/org/springframework/boot/spring-boot-starter/1.5.6.RELEASE/spring-boot-starter-1.5.6.RELEASE.jar:/home/meli/.m2/repository/org/springframework/boot/spring-boot/1.5.6.RELEASE/spring-boot-1.5.6.RELEASE.jar:/home/meli/.m2/repository/org/springframework/boot/spring-boot-autoconfigure/1.5.6.RELEASE/spring-boot-autoconfigure-1.5.6.RELEASE.jar:/home/meli/.m2/repository/org/springframework/boot/spring-boot-starter-logging/1.5.6.RELEASE/spring-boot-starter-logging-1.5.6.RELEASE.jar:/home/meli/.m2/repository/ch/qos/logback/logback-classic/1.1.11/logback-classic-1.1.11.jar:/home/meli/.m2/repository/ch/qos/logback/logback-core/1.1.11/logback-core-1.1.11.jar:/home/meli/.m2/repository/org/slf4j/jul-to-slf4j/1.7.25/jul-to-slf4j-1.7.25.jar:/home/meli/.m2/repository/org/slf4j/log4j-over-slf4j/1.7.25/log4j-over-slf4j-1.7.25.jar:/home/meli/.m2/repository/org/yaml/snakeyaml/1.17/snakeyaml-1.17.jar:/home/meli/.m2/repository/org/springframework/boot/spring-boot-starter-tomcat/1.5.6.RELEASE/spring-boot-starter-tomcat-1.5.6.RELEASE.jar:/home/meli/.m2/repository/org/apache/tomcat/embed/tomcat-embed-core/8.5.16/tomcat-embed-core-8.5.16.jar:/home/meli/.m2/repository/org/apache/tomcat/embed/tomcat-embed-el/8.5.16/tomcat-embed-el-8.5.16.jar:/home/meli/.m2/repository/org/apache/tomcat/embed/tomcat-embed-websocket/8.5.16/tomcat-embed-websocket-8.5.16.jar:/home/meli/.m2/repository/org/hibernate/hibernate-validator/5.3.5.Final/hibernate-validator-5.3.5.Final.jar:/home/meli/.m2/repository/javax/validation/validation-api/1.1.0.Final/validation-api-1.1.0.Final.jar:/home/meli/.m2/repository/org/jboss/logging/jboss-logging/3.3.1.Final/jboss-logging-3.3.1.Final.jar:/home/meli/.m2/repository/com/fasterxml/classmate/1.3.3/classmate-1.3.3.jar:/home/meli/.m2/repository/com/
Launcher Type: SUN_STANDARD

Environment Variables:
JAVA_HOME=/opt/jdk1.8.0_131
CLASSPATH=.:/opt/jdk1.8.0_131
PATH=/home/meli/bin:/home/meli/.local/bin:/opt/jdk1.8.0_131/bin:/usr/local/sbin:/usr/local/bin:/usr/sbin:/usr/bin:/sbin:/bin:/usr/games:/usr/local/games:/snap/bin
SHELL=/bin/bash
DISPLAY=:0

Signal Handlers:
SIGSEGV: [libjvm.so+0xac8af0], sa_mask[0]=11111111011111111101111111111110, sa_flags=SA_RESTART|SA_SIGINFO
SIGBUS: [libjvm.so+0xac8af0], sa_mask[0]=11111111011111111101111111111110, sa_flags=SA_RESTART|SA_SIGINFO
SIGFPE: [libjvm.so+0x921dd0], sa_mask[0]=11111111011111111101111111111110, sa_flags=SA_RESTART|SA_SIGINFO
SIGPIPE: [libjvm.so+0x921dd0], sa_mask[0]=11111111011111111101111111111110, sa_flags=SA_RESTART|SA_SIGINFO
SIGXFSZ: [libjvm.so+0x921dd0], sa_mask[0]=11111111011111111101111111111110, sa_flags=SA_RESTART|SA_SIGINFO
SIGILL: [libjvm.so+0x921dd0], sa_mask[0]=11111111011111111101111111111110, sa_flags=SA_RESTART|SA_SIGINFO
SIGUSR1: SIG_DFL, sa_mask[0]=00000000000000000000000000000000, sa_flags=none
SIGUSR2: [libjvm.so+0x923610], sa_mask[0]=00100000000000000000000000000000, sa_flags=SA_RESTART|SA_SIGINFO
SIGHUP: [libjvm.so+0x924a10], sa_mask[0]=11111111011111111101111111111110, sa_flags=SA_RESTART|SA_SIGINFO
SIGINT: [libjvm.so+0x924a10], sa_mask[0]=11111111011111111101111111111110, sa_flags=SA_RESTART|SA_SIGINFO
SIGTERM: [libjvm.so+0x924a10], sa_mask[0]=11111111011111111101111111111110, sa_flags=SA_RESTART|SA_SIGINFO
SIGQUIT: [libjvm.so+0x924a10], sa_mask[0]=11111111011111111101111111111110, sa_flags=SA_RESTART|SA_SIGINFO


---------------  S Y S T E M  ---------------

OS:DISTRIB_ID=Ubuntu
DISTRIB_RELEASE=16.04
DISTRIB_CODENAME=xenial
DISTRIB_DESCRIPTION="Ubuntu 16.04.2 LTS"

uname:Linux 4.8.0-52-generic #55~16.04.1-Ubuntu SMP Fri Apr 28 14:36:29 UTC 2017 x86_64
libc:glibc 2.23 NPTL 2.23 
rlimit: STACK 8192k, CORE 0k, NPROC 15564, NOFILE 65536, AS infinity
load average:0.61 0.77 0.61

/proc/meminfo:
MemTotal:        4026824 kB
MemFree:          105220 kB
MemAvailable:      12832 kB
Buffers:             844 kB
Cached:            83972 kB
SwapCached:            0 kB
Active:          3241356 kB
Inactive:          72872 kB
Active(anon):    3230476 kB
Inactive(anon):    58636 kB
Active(file):      10880 kB
Inactive(file):    14236 kB
Unevictable:          32 kB
Mlocked:              32 kB
SwapTotal:             0 kB
SwapFree:              0 kB
Dirty:               180 kB
Writeback:             0 kB
AnonPages:       3229472 kB
Mapped:            76520 kB
Shmem:             59672 kB
Slab:              82156 kB
SReclaimable:      31324 kB
SUnreclaim:        50832 kB
KernelStack:       12528 kB
PageTables:        37560 kB
NFS_Unstable:          0 kB
Bounce:                0 kB
WritebackTmp:          0 kB
CommitLimit:     2013412 kB
Committed_AS:    6921304 kB
VmallocTotal:   34359738367 kB
VmallocUsed:           0 kB
VmallocChunk:          0 kB
HardwareCorrupted:     0 kB
AnonHugePages:   1564672 kB
ShmemHugePages:        0 kB
ShmemPmdMapped:        0 kB
CmaTotal:              0 kB
CmaFree:               0 kB
HugePages_Total:       0
HugePages_Free:        0
HugePages_Rsvd:        0
HugePages_Surp:        0
Hugepagesize:       2048 kB
DirectMap4k:       81728 kB
DirectMap2M:     4112384 kB
DirectMap1G:     2097152 kB


CPU:total 2 (initial active 2) (1 cores per cpu, 1 threads per core) family 6 model 60 stepping 3, cmov, cx8, fxsr, mmx, sse, sse2, sse3, ssse3, sse4.1, sse4.2, popcnt, avx, avx2, aes, clmul, erms, lzcnt, tsc, tscinvbit, bmi1, bmi2

/proc/cpuinfo:
processor	: 0
vendor_id	: GenuineIntel
cpu family	: 6
model		: 60
model name	: Intel(R) Core(TM) i7-4770 CPU @ 3.40GHz
stepping	: 3
microcode	: 0x17
cpu MHz		: 3391.187
cache size	: 8192 KB
physical id	: 0
siblings	: 1
core id		: 0
cpu cores	: 1
apicid		: 0
initial apicid	: 0
fpu		: yes
fpu_exception	: yes
cpuid level	: 13
wp		: yes
flags		: fpu vme de pse tsc msr pae mce cx8 apic sep mtrr pge mca cmov pat pse36 clflush dts mmx fxsr sse sse2 ss syscall nx pdpe1gb rdtscp lm constant_tsc arch_perfmon pebs bts nopl xtopology tsc_reliable nonstop_tsc aperfmperf eagerfpu pni pclmulqdq ssse3 fma cx16 pcid sse4_1 sse4_2 x2apic movbe popcnt tsc_deadline_timer aes xsave avx f16c rdrand hypervisor lahf_lm abm epb fsgsbase tsc_adjust bmi1 avx2 smep bmi2 invpcid xsaveopt dtherm ida arat pln pts
bugs		:
bogomips	: 6784.37
clflush size	: 64
cache_alignment	: 64
address sizes	: 42 bits physical, 48 bits virtual
power management:

processor	: 1
vendor_id	: GenuineIntel
cpu family	: 6
model		: 60
model name	: Intel(R) Core(TM) i7-4770 CPU @ 3.40GHz
stepping	: 3
microcode	: 0x17
cpu MHz		: 3391.187
cache size	: 8192 KB
physical id	: 2
siblings	: 1
core id		: 0
cpu cores	: 1
apicid		: 2
initial apicid	: 2
fpu		: yes
fpu_exception	: yes
cpuid level	: 13
wp		: yes
flags		: fpu vme de pse tsc msr pae mce cx8 apic sep mtrr pge mca cmov pat pse36 clflush dts mmx fxsr sse sse2 ss syscall nx pdpe1gb rdtscp lm constant_tsc arch_perfmon pebs bts nopl xtopology tsc_reliable nonstop_tsc aperfmperf eagerfpu pni pclmulqdq ssse3 fma cx16 pcid sse4_1 sse4_2 x2apic movbe popcnt tsc_deadline_timer aes xsave avx f16c rdrand hypervisor lahf_lm abm epb fsgsbase tsc_adjust bmi1 avx2 smep bmi2 invpcid xsaveopt dtherm ida arat pln pts
bugs		:
bogomips	: 6784.37
clflush size	: 64
cache_alignment	: 64
address sizes	: 42 bits physical, 48 bits virtual
power management:



Memory: 4k page, physical 4026824k(104724k free), swap 0k(0k free)

vm_info: Java HotSpot(TM) 64-Bit Server VM (25.131-b11) for linux-amd64 JRE (1.8.0_131-b11), built on Mar 15 2017 01:23:40 by "java_re" with gcc 4.3.0 20080428 (Red Hat 4.3.0-8)

time: Wed Sep 20 17:38:40 2017
elapsed time: 87 seconds (0d 0h 1m 27s)

